  Loading cuda/9.0.176 from: /opt/sw/x86_64/glibc-2.17/ivybridge-ep/cuda/9.0.176/
Sun Aug 18 00:51:16 2019       
+-----------------------------------------------------------------------------+
| NVIDIA-SMI 387.34                 Driver Version: 387.34                    |
|-------------------------------+----------------------+----------------------+
| GPU  Name        Persistence-M| Bus-Id        Disp.A | Volatile Uncorr. ECC |
| Fan  Temp  Perf  Pwr:Usage/Cap|         Memory-Usage | GPU-Util  Compute M. |
|===============================+======================+======================|
|   0  GeForce GTX 1080    Off  | 00000000:02:00.0 Off |                  N/A |
|  0%   30C    P0    37W / 180W |      0MiB /  8113MiB |      1%      Default |
+-------------------------------+----------------------+----------------------+
                                                                               
+-----------------------------------------------------------------------------+
| Processes:                                                       GPU Memory |
|  GPU       PID   Type   Process name                             Usage      |
|=============================================================================|
|  No running processes found                                                 |
+-----------------------------------------------------------------------------+
Successfully loaded config from configs/java-small-high-maxparts.json
COMET INFO: old comet version (2.0.6) detected. current: 2.0.8 please update your comet lib with command: `pip install --no-cache-dir --upgrade comet_ml`
COMET INFO: Experiment is live on comet.ml https://www.comet.ml/cspiess/code2seq/5db2de72fbb3465692aa719ecd346a20

Dictionaries loaded.
Subtoken to count 3850
target to count 2507
node to count 321
Loaded subtoken vocab. size: 3852
Loaded target word vocab. size: 2510
Loaded nodes vocab. size: 323
Created model
Starting training
COMET ERROR: Failed to extract parameters from Estimator.init()
Training batch size:			 256
Dataset path:				 data/java-small-case-5k/java-small-case-5k
Training file path:			 data/java-small-case-5k/java-small-case-5k.train.c2s
Validation path:			 data/java-small-case-5k/java-small-case-5k.val.c2s
Taking max contexts from each example:	 200
Random path sampling:			 True
Embedding size:				 128
Using BiLSTMs, each of size:		 128
Using LSTM of size:			 256
Decoder size:				 320
Decoder layers:				 1
Max path lengths:			 9
Max subtokens in a token:		 20
Max target length:			 24
Embeddings dropout keep_prob:		 0.75
LSTM dropout keep_prob:			 0.5
============================================
Initalized variables
Started reader...
Starting new epoch 1
Average loss at batch 100: 0.121860, 	throughput: 279 samples/sec
Average loss at batch 200: 0.099931, 	throughput: 301 samples/sec
Average loss at batch 300: 0.096072, 	throughput: 303 samples/sec
Average loss at batch 400: 0.095039, 	throughput: 304 samples/sec
Average loss at batch 500: 0.093367, 	throughput: 304 samples/sec
Average loss at batch 600: 0.092107, 	throughput: 304 samples/sec
Average loss at batch 700: 0.089741, 	throughput: 305 samples/sec
Average loss at batch 800: 0.088301, 	throughput: 299 samples/sec
Average loss at batch 900: 0.086593, 	throughput: 303 samples/sec
Average loss at batch 1000: 0.085856, 	throughput: 306 samples/sec
Average loss at batch 1100: 0.083578, 	throughput: 302 samples/sec
Average loss at batch 1200: 0.081329, 	throughput: 304 samples/sec
Average loss at batch 1300: 0.079558, 	throughput: 304 samples/sec
Average loss at batch 1400: 0.077576, 	throughput: 303 samples/sec
Average loss at batch 1500: 0.076780, 	throughput: 300 samples/sec
Average loss at batch 1600: 0.074996, 	throughput: 301 samples/sec
Average loss at batch 1700: 0.074074, 	throughput: 302 samples/sec
Average loss at batch 1800: 0.071965, 	throughput: 302 samples/sec
Average loss at batch 1900: 0.070811, 	throughput: 298 samples/sec
Finished 1 epochs
Done testing, epoch reached
Evaluation time: 0h0m39s
Epochs trained: 1.00000
Accuracy after 1 epochs: 0.04618
After 1 epochs: Precision: 0.26423, recall: 0.17660, F1: 0.21170
Saved after 1 epochs in: models/java-small-case-5k/model_iter1
Starting new epoch 2
Average loss at batch 2000: 0.069349, 	throughput: 191 samples/sec
Average loss at batch 2100: 0.068322, 	throughput: 300 samples/sec
Average loss at batch 2200: 0.067211, 	throughput: 302 samples/sec
Average loss at batch 2300: 0.067043, 	throughput: 305 samples/sec
Average loss at batch 2400: 0.066152, 	throughput: 302 samples/sec
Average loss at batch 2500: 0.065284, 	throughput: 302 samples/sec
Average loss at batch 2600: 0.063850, 	throughput: 302 samples/sec
Average loss at batch 2700: 0.063092, 	throughput: 302 samples/sec
Average loss at batch 2800: 0.062382, 	throughput: 304 samples/sec
Average loss at batch 2900: 0.062463, 	throughput: 302 samples/sec
Average loss at batch 3000: 0.061778, 	throughput: 303 samples/sec
Average loss at batch 3100: 0.061267, 	throughput: 302 samples/sec
Average loss at batch 3200: 0.060384, 	throughput: 302 samples/sec
Average loss at batch 3300: 0.059558, 	throughput: 301 samples/sec
Average loss at batch 3400: 0.059568, 	throughput: 304 samples/sec
Average loss at batch 3500: 0.059219, 	throughput: 299 samples/sec
Average loss at batch 3600: 0.058264, 	throughput: 301 samples/sec
Average loss at batch 3700: 0.057935, 	throughput: 299 samples/sec
Average loss at batch 3800: 0.057147, 	throughput: 300 samples/sec
Finished 1 epochs
Done testing, epoch reached
Evaluation time: 0h0m38s
Epochs trained: 2.00000
Accuracy after 2 epochs: 0.07176
After 2 epochs: Precision: 0.31055, recall: 0.26072, F1: 0.28346
Saved after 2 epochs in: models/java-small-case-5k/model_iter2
Starting new epoch 3
Average loss at batch 3900: 0.056434, 	throughput: 193 samples/sec
Average loss at batch 4000: 0.055433, 	throughput: 298 samples/sec
Average loss at batch 4100: 0.055445, 	throughput: 301 samples/sec
Average loss at batch 4200: 0.055188, 	throughput: 301 samples/sec
Average loss at batch 4300: 0.055147, 	throughput: 301 samples/sec
Average loss at batch 4400: 0.054485, 	throughput: 302 samples/sec
Average loss at batch 4500: 0.053813, 	throughput: 302 samples/sec
Average loss at batch 4600: 0.053556, 	throughput: 303 samples/sec
Average loss at batch 4700: 0.053003, 	throughput: 302 samples/sec
Average loss at batch 4800: 0.053000, 	throughput: 302 samples/sec
Average loss at batch 4900: 0.052863, 	throughput: 303 samples/sec
Average loss at batch 5000: 0.052887, 	throughput: 302 samples/sec
Average loss at batch 5100: 0.051887, 	throughput: 303 samples/sec
Average loss at batch 5200: 0.052036, 	throughput: 301 samples/sec
Average loss at batch 5300: 0.051374, 	throughput: 302 samples/sec
Average loss at batch 5400: 0.051932, 	throughput: 301 samples/sec
Average loss at batch 5500: 0.051341, 	throughput: 302 samples/sec
Average loss at batch 5600: 0.051071, 	throughput: 301 samples/sec
Average loss at batch 5700: 0.050549, 	throughput: 302 samples/sec
Average loss at batch 5800: 0.050235, 	throughput: 285 samples/sec
Finished 1 epochs
Done testing, epoch reached
Evaluation time: 0h0m39s
Epochs trained: 3.00000
Accuracy after 3 epochs: 0.12582
After 3 epochs: Precision: 0.36335, recall: 0.32826, F1: 0.34492
Saved after 3 epochs in: models/java-small-case-5k/model_iter3
Starting new epoch 4
Average loss at batch 5900: 0.049549, 	throughput: 191 samples/sec
Average loss at batch 6000: 0.049382, 	throughput: 297 samples/sec
Average loss at batch 6100: 0.049033, 	throughput: 299 samples/sec
Average loss at batch 6200: 0.049224, 	throughput: 300 samples/sec
Average loss at batch 6300: 0.049384, 	throughput: 301 samples/sec
Average loss at batch 6400: 0.048455, 	throughput: 299 samples/sec
Average loss at batch 6500: 0.048213, 	throughput: 298 samples/sec
Average loss at batch 6600: 0.047930, 	throughput: 299 samples/sec
Average loss at batch 6700: 0.047896, 	throughput: 299 samples/sec
Average loss at batch 6800: 0.048083, 	throughput: 299 samples/sec
Average loss at batch 6900: 0.048077, 	throughput: 297 samples/sec
Average loss at batch 7000: 0.047695, 	throughput: 298 samples/sec
Average loss at batch 7100: 0.047227, 	throughput: 299 samples/sec
Average loss at batch 7200: 0.047417, 	throughput: 298 samples/sec
Average loss at batch 7300: 0.047216, 	throughput: 296 samples/sec
Average loss at batch 7400: 0.047474, 	throughput: 297 samples/sec
Average loss at batch 7500: 0.047385, 	throughput: 297 samples/sec
Average loss at batch 7600: 0.046436, 	throughput: 299 samples/sec
Average loss at batch 7700: 0.046410, 	throughput: 297 samples/sec
Finished 1 epochs
Done testing, epoch reached
Evaluation time: 0h0m38s
Epochs trained: 4.00000
Accuracy after 4 epochs: 0.13421
After 4 epochs: Precision: 0.37036, recall: 0.35685, F1: 0.36348
Saved after 4 epochs in: models/java-small-case-5k/model_iter4
Starting new epoch 5
Average loss at batch 7800: 0.045705, 	throughput: 192 samples/sec
Average loss at batch 7900: 0.045947, 	throughput: 297 samples/sec
Average loss at batch 8000: 0.045504, 	throughput: 298 samples/sec
Average loss at batch 8100: 0.045960, 	throughput: 298 samples/sec
Average loss at batch 8200: 0.045614, 	throughput: 300 samples/sec
Average loss at batch 8300: 0.045104, 	throughput: 303 samples/sec
Average loss at batch 8400: 0.045113, 	throughput: 302 samples/sec
Average loss at batch 8500: 0.044764, 	throughput: 301 samples/sec
Average loss at batch 8600: 0.044746, 	throughput: 301 samples/sec
Average loss at batch 8700: 0.045129, 	throughput: 300 samples/sec
Average loss at batch 8800: 0.044924, 	throughput: 301 samples/sec
Average loss at batch 8900: 0.044990, 	throughput: 302 samples/sec
Average loss at batch 9000: 0.044597, 	throughput: 302 samples/sec
Average loss at batch 9100: 0.044386, 	throughput: 302 samples/sec
Average loss at batch 9200: 0.044350, 	throughput: 302 samples/sec
Average loss at batch 9300: 0.044976, 	throughput: 300 samples/sec
Average loss at batch 9400: 0.044271, 	throughput: 302 samples/sec
Average loss at batch 9500: 0.044396, 	throughput: 302 samples/sec
Average loss at batch 9600: 0.043831, 	throughput: 301 samples/sec
Finished 1 epochs
Done testing, epoch reached
Evaluation time: 0h0m39s
Epochs trained: 5.00000
Accuracy after 5 epochs: 0.16268
After 5 epochs: Precision: 0.38879, recall: 0.36597, F1: 0.37703
Saved after 5 epochs in: models/java-small-case-5k/model_iter5
Starting new epoch 6
Average loss at batch 9800: 0.086807, 	throughput: 113 samples/sec
Average loss at batch 9900: 0.043124, 	throughput: 298 samples/sec
Average loss at batch 10000: 0.043245, 	throughput: 300 samples/sec
Average loss at batch 10100: 0.043286, 	throughput: 299 samples/sec
Average loss at batch 10200: 0.043403, 	throughput: 301 samples/sec
Average loss at batch 10300: 0.042950, 	throughput: 302 samples/sec
Average loss at batch 10400: 0.042518, 	throughput: 300 samples/sec
Average loss at batch 10500: 0.042554, 	throughput: 300 samples/sec
Average loss at batch 10600: 0.042539, 	throughput: 298 samples/sec
Average loss at batch 10700: 0.043164, 	throughput: 300 samples/sec
Average loss at batch 10800: 0.042977, 	throughput: 299 samples/sec
Average loss at batch 10900: 0.042369, 	throughput: 300 samples/sec
Average loss at batch 11000: 0.042635, 	throughput: 299 samples/sec
Average loss at batch 11100: 0.042373, 	throughput: 300 samples/sec
Average loss at batch 11200: 0.042672, 	throughput: 299 samples/sec
Average loss at batch 11300: 0.042631, 	throughput: 297 samples/sec
Average loss at batch 11400: 0.042459, 	throughput: 298 samples/sec
Average loss at batch 11500: 0.042081, 	throughput: 299 samples/sec
Average loss at batch 11600: 0.041626, 	throughput: 296 samples/sec
Finished 1 epochs
Done testing, epoch reached
Evaluation time: 0h0m39s
Epochs trained: 6.00000
Accuracy after 6 epochs: 0.16755
After 6 epochs: Precision: 0.37708, recall: 0.38232, F1: 0.37968
Saved after 6 epochs in: models/java-small-case-5k/model_iter6
Starting new epoch 7
Average loss at batch 11700: 0.041667, 	throughput: 191 samples/sec
Average loss at batch 11800: 0.041512, 	throughput: 296 samples/sec
Average loss at batch 11900: 0.041485, 	throughput: 298 samples/sec
Average loss at batch 12000: 0.041769, 	throughput: 298 samples/sec
Average loss at batch 12100: 0.041576, 	throughput: 297 samples/sec
Average loss at batch 12200: 0.041337, 	throughput: 299 samples/sec
Average loss at batch 12300: 0.041063, 	throughput: 298 samples/sec
Average loss at batch 12400: 0.040821, 	throughput: 298 samples/sec
Average loss at batch 12500: 0.040885, 	throughput: 300 samples/sec
Average loss at batch 12600: 0.041430, 	throughput: 299 samples/sec
Average loss at batch 12700: 0.041089, 	throughput: 299 samples/sec
Average loss at batch 12800: 0.041159, 	throughput: 300 samples/sec
Average loss at batch 12900: 0.040962, 	throughput: 299 samples/sec
Average loss at batch 13000: 0.040759, 	throughput: 299 samples/sec
Average loss at batch 13100: 0.041055, 	throughput: 299 samples/sec
Average loss at batch 13200: 0.041265, 	throughput: 298 samples/sec
Average loss at batch 13300: 0.040840, 	throughput: 299 samples/sec
Average loss at batch 13400: 0.040778, 	throughput: 300 samples/sec
Average loss at batch 13500: 0.040577, 	throughput: 300 samples/sec
Finished 1 epochs
Done testing, epoch reached
Evaluation time: 0h0m39s
Epochs trained: 7.00000
Accuracy after 7 epochs: 0.16943
After 7 epochs: Precision: 0.37648, recall: 0.35661, F1: 0.36628
Starting new epoch 8
Average loss at batch 13600: 0.040154, 	throughput: 189 samples/sec
Average loss at batch 13700: 0.039949, 	throughput: 296 samples/sec
Average loss at batch 13800: 0.040075, 	throughput: 298 samples/sec
Average loss at batch 13900: 0.040161, 	throughput: 299 samples/sec
Average loss at batch 14000: 0.040299, 	throughput: 300 samples/sec
Average loss at batch 14100: 0.040192, 	throughput: 301 samples/sec
Average loss at batch 14200: 0.039645, 	throughput: 301 samples/sec
Average loss at batch 14300: 0.039828, 	throughput: 300 samples/sec
Average loss at batch 14400: 0.039404, 	throughput: 302 samples/sec
Average loss at batch 14500: 0.039954, 	throughput: 301 samples/sec
Average loss at batch 14600: 0.039890, 	throughput: 301 samples/sec
Average loss at batch 14700: 0.039974, 	throughput: 301 samples/sec
Average loss at batch 14800: 0.039543, 	throughput: 302 samples/sec
Average loss at batch 14900: 0.039788, 	throughput: 300 samples/sec
Average loss at batch 15000: 0.039498, 	throughput: 302 samples/sec
Average loss at batch 15100: 0.040221, 	throughput: 302 samples/sec
Average loss at batch 15200: 0.039776, 	throughput: 301 samples/sec
Average loss at batch 15300: 0.039717, 	throughput: 302 samples/sec
Average loss at batch 15400: 0.039316, 	throughput: 300 samples/sec
Average loss at batch 15500: 0.039297, 	throughput: 284 samples/sec
Finished 1 epochs
Done testing, epoch reached
Evaluation time: 0h0m39s
Epochs trained: 8.00000
Accuracy after 8 epochs: 0.17434
After 8 epochs: Precision: 0.39138, recall: 0.36219, F1: 0.37622
Starting new epoch 9
Average loss at batch 15600: 0.038990, 	throughput: 194 samples/sec
Average loss at batch 15700: 0.039000, 	throughput: 298 samples/sec
Average loss at batch 15800: 0.038907, 	throughput: 299 samples/sec
Average loss at batch 15900: 0.039035, 	throughput: 300 samples/sec
Average loss at batch 16000: 0.039445, 	throughput: 301 samples/sec
Average loss at batch 16100: 0.038511, 	throughput: 300 samples/sec
Average loss at batch 16200: 0.038696, 	throughput: 300 samples/sec
Average loss at batch 16300: 0.038352, 	throughput: 300 samples/sec
Average loss at batch 16400: 0.038652, 	throughput: 300 samples/sec
Average loss at batch 16500: 0.038853, 	throughput: 300 samples/sec
Average loss at batch 16600: 0.038964, 	throughput: 299 samples/sec
Average loss at batch 16700: 0.038693, 	throughput: 300 samples/sec
Average loss at batch 16800: 0.038471, 	throughput: 300 samples/sec
Average loss at batch 16900: 0.038751, 	throughput: 301 samples/sec
Average loss at batch 17000: 0.038694, 	throughput: 301 samples/sec
Average loss at batch 17100: 0.038915, 	throughput: 300 samples/sec
Average loss at batch 17200: 0.038976, 	throughput: 299 samples/sec
Average loss at batch 17300: 0.038333, 	throughput: 300 samples/sec
Average loss at batch 17400: 0.038194, 	throughput: 299 samples/sec
Finished 1 epochs
Done testing, epoch reached
Evaluation time: 0h0m39s
Epochs trained: 9.00000
Accuracy after 9 epochs: 0.17447
After 9 epochs: Precision: 0.39364, recall: 0.37936, F1: 0.38637
Saved after 9 epochs in: models/java-small-case-5k/model_iter9
Starting new epoch 10
Average loss at batch 17500: 0.037882, 	throughput: 187 samples/sec
Average loss at batch 17600: 0.038204, 	throughput: 295 samples/sec
Average loss at batch 17700: 0.037868, 	throughput: 298 samples/sec
Average loss at batch 17800: 0.038273, 	throughput: 298 samples/sec
Average loss at batch 17900: 0.038132, 	throughput: 299 samples/sec
Average loss at batch 18000: 0.037670, 	throughput: 298 samples/sec
Average loss at batch 18100: 0.037723, 	throughput: 298 samples/sec
Average loss at batch 18200: 0.037548, 	throughput: 298 samples/sec
Average loss at batch 18300: 0.037631, 	throughput: 299 samples/sec
Average loss at batch 18400: 0.038068, 	throughput: 300 samples/sec
Average loss at batch 18500: 0.037895, 	throughput: 299 samples/sec
Average loss at batch 18600: 0.037893, 	throughput: 298 samples/sec
Average loss at batch 18700: 0.037714, 	throughput: 299 samples/sec
Average loss at batch 18800: 0.037604, 	throughput: 299 samples/sec
Average loss at batch 18900: 0.037686, 	throughput: 298 samples/sec
Average loss at batch 19000: 0.038276, 	throughput: 298 samples/sec
Average loss at batch 19100: 0.037738, 	throughput: 297 samples/sec
Average loss at batch 19200: 0.037938, 	throughput: 298 samples/sec
Average loss at batch 19300: 0.037448, 	throughput: 297 samples/sec
Finished 1 epochs
Done testing, epoch reached
Evaluation time: 0h0m38s
Epochs trained: 10.00000
Accuracy after 10 epochs: 0.17354
After 10 epochs: Precision: 0.38183, recall: 0.36985, F1: 0.37575
Starting new epoch 11
Average loss at batch 19500: 0.074378, 	throughput: 116 samples/sec
Average loss at batch 19600: 0.037106, 	throughput: 296 samples/sec
Average loss at batch 19700: 0.037189, 	throughput: 299 samples/sec
Average loss at batch 19800: 0.037228, 	throughput: 299 samples/sec
Average loss at batch 19900: 0.037467, 	throughput: 299 samples/sec
Average loss at batch 20000: 0.036995, 	throughput: 301 samples/sec
Average loss at batch 20100: 0.036731, 	throughput: 298 samples/sec
Average loss at batch 20200: 0.036682, 	throughput: 300 samples/sec
Average loss at batch 20300: 0.036824, 	throughput: 299 samples/sec
Average loss at batch 20400: 0.037427, 	throughput: 299 samples/sec
Average loss at batch 20500: 0.037167, 	throughput: 299 samples/sec
Average loss at batch 20600: 0.036814, 	throughput: 300 samples/sec
Average loss at batch 20700: 0.037078, 	throughput: 298 samples/sec
Average loss at batch 20800: 0.036883, 	throughput: 299 samples/sec
Average loss at batch 20900: 0.037223, 	throughput: 299 samples/sec
Average loss at batch 21000: 0.037115, 	throughput: 299 samples/sec
Average loss at batch 21100: 0.037169, 	throughput: 299 samples/sec
Average loss at batch 21200: 0.036824, 	throughput: 297 samples/sec
Average loss at batch 21300: 0.036351, 	throughput: 296 samples/sec
Finished 1 epochs
Done testing, epoch reached
Evaluation time: 0h0m38s
Epochs trained: 11.00000
Accuracy after 11 epochs: 0.17350
After 11 epochs: Precision: 0.37864, recall: 0.36258, F1: 0.37043
Starting new epoch 12
Average loss at batch 21400: 0.036466, 	throughput: 192 samples/sec
Average loss at batch 21500: 0.036412, 	throughput: 297 samples/sec
Average loss at batch 21600: 0.036459, 	throughput: 298 samples/sec
Average loss at batch 21700: 0.036641, 	throughput: 300 samples/sec
Average loss at batch 21800: 0.036609, 	throughput: 302 samples/sec
Average loss at batch 21900: 0.036345, 	throughput: 301 samples/sec
Average loss at batch 22000: 0.036083, 	throughput: 300 samples/sec
Average loss at batch 22100: 0.035978, 	throughput: 301 samples/sec
Average loss at batch 22200: 0.036122, 	throughput: 301 samples/sec
Average loss at batch 22300: 0.036675, 	throughput: 301 samples/sec
Average loss at batch 22400: 0.036269, 	throughput: 301 samples/sec
Average loss at batch 22500: 0.036263, 	throughput: 301 samples/sec
Average loss at batch 22600: 0.036349, 	throughput: 301 samples/sec
Average loss at batch 22700: 0.036268, 	throughput: 301 samples/sec
Average loss at batch 22800: 0.036486, 	throughput: 300 samples/sec
Average loss at batch 22900: 0.036604, 	throughput: 300 samples/sec
Average loss at batch 23000: 0.036287, 	throughput: 300 samples/sec
Average loss at batch 23100: 0.036423, 	throughput: 301 samples/sec
Average loss at batch 23200: 0.036092, 	throughput: 302 samples/sec
Finished 1 epochs
Done testing, epoch reached
Evaluation time: 0h0m38s
Epochs trained: 12.00000
Accuracy after 12 epochs: 0.18034
After 12 epochs: Precision: 0.38410, recall: 0.35781, F1: 0.37049
Starting new epoch 13
Average loss at batch 23300: 0.035886, 	throughput: 185 samples/sec
Average loss at batch 23400: 0.035509, 	throughput: 293 samples/sec
Average loss at batch 23500: 0.035856, 	throughput: 296 samples/sec
Average loss at batch 23600: 0.035813, 	throughput: 298 samples/sec
Average loss at batch 23700: 0.036043, 	throughput: 299 samples/sec
Average loss at batch 23800: 0.035912, 	throughput: 298 samples/sec
Average loss at batch 23900: 0.035397, 	throughput: 299 samples/sec
Average loss at batch 24000: 0.035625, 	throughput: 298 samples/sec
Average loss at batch 24100: 0.035336, 	throughput: 300 samples/sec
Average loss at batch 24200: 0.035844, 	throughput: 297 samples/sec
Average loss at batch 24300: 0.035788, 	throughput: 298 samples/sec
Average loss at batch 24400: 0.035915, 	throughput: 297 samples/sec
Average loss at batch 24500: 0.035529, 	throughput: 296 samples/sec
Average loss at batch 24600: 0.035775, 	throughput: 298 samples/sec
Average loss at batch 24700: 0.035468, 	throughput: 297 samples/sec
Average loss at batch 24800: 0.036121, 	throughput: 297 samples/sec
Average loss at batch 24900: 0.035845, 	throughput: 298 samples/sec
Average loss at batch 25000: 0.035774, 	throughput: 297 samples/sec
Average loss at batch 25100: 0.035532, 	throughput: 297 samples/sec
Average loss at batch 25200: 0.035379, 	throughput: 287 samples/sec
Finished 1 epochs
Done testing, epoch reached
Evaluation time: 0h0m38s
Epochs trained: 13.00000
Accuracy after 13 epochs: 0.17812
After 13 epochs: Precision: 0.38136, recall: 0.35555, F1: 0.36800
Starting new epoch 14
Average loss at batch 25300: 0.035173, 	throughput: 197 samples/sec
Average loss at batch 25400: 0.035254, 	throughput: 297 samples/sec
Average loss at batch 25500: 0.035073, 	throughput: 299 samples/sec
Average loss at batch 25600: 0.035301, 	throughput: 300 samples/sec
Average loss at batch 25700: 0.035747, 	throughput: 301 samples/sec
Average loss at batch 25800: 0.034908, 	throughput: 301 samples/sec
Average loss at batch 25900: 0.034913, 	throughput: 300 samples/sec
Average loss at batch 26000: 0.034723, 	throughput: 300 samples/sec
Average loss at batch 26100: 0.035063, 	throughput: 302 samples/sec
Average loss at batch 26200: 0.035331, 	throughput: 301 samples/sec
Average loss at batch 26300: 0.035229, 	throughput: 300 samples/sec
Average loss at batch 26400: 0.035111, 	throughput: 302 samples/sec
Average loss at batch 26500: 0.034985, 	throughput: 302 samples/sec
Average loss at batch 26600: 0.035289, 	throughput: 301 samples/sec
Average loss at batch 26700: 0.035152, 	throughput: 300 samples/sec
Average loss at batch 26800: 0.035429, 	throughput: 301 samples/sec
Average loss at batch 26900: 0.035453, 	throughput: 301 samples/sec
Average loss at batch 27000: 0.034873, 	throughput: 299 samples/sec
Average loss at batch 27100: 0.034798, 	throughput: 301 samples/sec
Finished 1 epochs
Done testing, epoch reached
Evaluation time: 0h0m38s
Epochs trained: 14.00000
Accuracy after 14 epochs: 0.18021
After 14 epochs: Precision: 0.38431, recall: 0.35768, F1: 0.37052
Not improved for 5 epochs, stopping training
Best scores - epoch 9: 
Precision: 0.39364, recall: 0.37936, F1: 0.38637
COMET INFO: ----------------------------
COMET INFO: Comet.ml Experiment Summary:
COMET INFO:   Data:
COMET INFO:     url: https://www.comet.ml/cspiess/code2seq/5db2de72fbb3465692aa719ecd346a20
COMET INFO:   Metrics [count] (min, max):
COMET INFO:     epochs_trained [27]            : (1.0, 14.0)
COMET INFO:     f1 [27]                        : (0.21170372575821142, 0.3863665943036228)
COMET INFO:     loss [54291]                   : (6.525936126708984, 40.57837677001953)
COMET INFO:     precision [27]                 : (0.26423093814398163, 0.3936394785136153)
COMET INFO:     recall [27]                    : (0.17659742605554302, 0.38232219675953844)
COMET INFO:     sys.gpu.0.free_memory [795]    : (371785728.0, 8507752448.0)
COMET INFO:     sys.gpu.0.gpu_utilization [795]: (0.0, 100.0)
COMET INFO:     sys.gpu.0.total_memory         : (8507752448.0, 8507752448.0)
COMET INFO:     sys.gpu.0.used_memory [795]    : (0.0, 8135966720.0)
COMET INFO:     throughput [537]               : (113.95292630164478, 306.2025898357402)
COMET INFO: ----------------------------
COMET INFO: Uploading stats to Comet before program termination (may take several seconds)
