  Loading cuda/9.0.176 from: /opt/sw/x86_64/glibc-2.17/ivybridge-ep/cuda/9.0.176/
Sun Aug 18 00:52:15 2019       
+-----------------------------------------------------------------------------+
| NVIDIA-SMI 387.34                 Driver Version: 387.34                    |
|-------------------------------+----------------------+----------------------+
| GPU  Name        Persistence-M| Bus-Id        Disp.A | Volatile Uncorr. ECC |
| Fan  Temp  Perf  Pwr:Usage/Cap|         Memory-Usage | GPU-Util  Compute M. |
|===============================+======================+======================|
|   0  GeForce GTX 1080    Off  | 00000000:02:00.0 Off |                  N/A |
|  0%   31C    P0    36W / 180W |      0MiB /  8113MiB |      1%      Default |
+-------------------------------+----------------------+----------------------+
                                                                               
+-----------------------------------------------------------------------------+
| Processes:                                                       GPU Memory |
|  GPU       PID   Type   Process name                             Usage      |
|=============================================================================|
|  No running processes found                                                 |
+-----------------------------------------------------------------------------+
Successfully loaded config from configs/java-small-high-maxparts.json
COMET INFO: old comet version (2.0.6) detected. current: 2.0.8 please update your comet lib with command: `pip install --no-cache-dir --upgrade comet_ml`
COMET INFO: Experiment is live on comet.ml https://www.comet.ml/cspiess/code2seq/4e07746e41cd48a2b072733dbc926e4b

Dictionaries loaded.
Subtoken to count 3175
target to count 1812
node to count 321
Loaded subtoken vocab. size: 3177
Loaded target word vocab. size: 1815
Loaded nodes vocab. size: 323
Created model
Starting training
COMET ERROR: Failed to extract parameters from Estimator.init()
Training batch size:			 256
Dataset path:				 data/java-small-nocase-2k/java-small-nocase-2k
Training file path:			 data/java-small-nocase-2k/java-small-nocase-2k.train.c2s
Validation path:			 data/java-small-nocase-2k/java-small-nocase-2k.val.c2s
Taking max contexts from each example:	 200
Random path sampling:			 True
Embedding size:				 128
Using BiLSTMs, each of size:		 128
Using LSTM of size:			 256
Decoder size:				 320
Decoder layers:				 1
Max path lengths:			 9
Max subtokens in a token:		 20
Max target length:			 24
Embeddings dropout keep_prob:		 0.75
LSTM dropout keep_prob:			 0.5
============================================
Initalized variables
Started reader...
Starting new epoch 1
Average loss at batch 100: 0.165722, 	throughput: 278 samples/sec
Average loss at batch 200: 0.135626, 	throughput: 303 samples/sec
Average loss at batch 300: 0.127313, 	throughput: 304 samples/sec
Average loss at batch 400: 0.118730, 	throughput: 305 samples/sec
Average loss at batch 500: 0.111525, 	throughput: 306 samples/sec
Average loss at batch 600: 0.103877, 	throughput: 304 samples/sec
Average loss at batch 700: 0.095227, 	throughput: 304 samples/sec
Average loss at batch 800: 0.089726, 	throughput: 299 samples/sec
Average loss at batch 900: 0.084789, 	throughput: 304 samples/sec
Average loss at batch 1000: 0.082348, 	throughput: 303 samples/sec
Average loss at batch 1100: 0.078884, 	throughput: 304 samples/sec
Average loss at batch 1200: 0.075893, 	throughput: 304 samples/sec
Average loss at batch 1300: 0.074288, 	throughput: 303 samples/sec
Average loss at batch 1400: 0.071601, 	throughput: 304 samples/sec
Average loss at batch 1500: 0.070746, 	throughput: 303 samples/sec
Average loss at batch 1600: 0.068858, 	throughput: 302 samples/sec
Average loss at batch 1700: 0.068005, 	throughput: 304 samples/sec
Average loss at batch 1800: 0.066110, 	throughput: 301 samples/sec
Average loss at batch 1900: 0.064601, 	throughput: 300 samples/sec
Finished 1 epochs
Done testing, epoch reached
Evaluation time: 0h0m40s
Epochs trained: 1.00000
Accuracy after 1 epochs: 0.04643
After 1 epochs: Precision: 0.31349, recall: 0.30124, F1: 0.30724
Saved after 1 epochs in: models/java-small-nocase-2k/model_iter1
Starting new epoch 2
Average loss at batch 2000: 0.063388, 	throughput: 190 samples/sec
Average loss at batch 2100: 0.062433, 	throughput: 300 samples/sec
Average loss at batch 2200: 0.061585, 	throughput: 302 samples/sec
Average loss at batch 2300: 0.061332, 	throughput: 302 samples/sec
Average loss at batch 2400: 0.060446, 	throughput: 304 samples/sec
Average loss at batch 2500: 0.059758, 	throughput: 303 samples/sec
Average loss at batch 2600: 0.058540, 	throughput: 303 samples/sec
Average loss at batch 2700: 0.057909, 	throughput: 303 samples/sec
Average loss at batch 2800: 0.057309, 	throughput: 303 samples/sec
Average loss at batch 2900: 0.057710, 	throughput: 302 samples/sec
Average loss at batch 3000: 0.056760, 	throughput: 302 samples/sec
Average loss at batch 3100: 0.056564, 	throughput: 302 samples/sec
Average loss at batch 3200: 0.055962, 	throughput: 302 samples/sec
Average loss at batch 3300: 0.055136, 	throughput: 303 samples/sec
Average loss at batch 3400: 0.055123, 	throughput: 304 samples/sec
Average loss at batch 3500: 0.055133, 	throughput: 302 samples/sec
Average loss at batch 3600: 0.054391, 	throughput: 302 samples/sec
Average loss at batch 3700: 0.054138, 	throughput: 303 samples/sec
Average loss at batch 3800: 0.053564, 	throughput: 302 samples/sec
Finished 1 epochs
Done testing, epoch reached
Evaluation time: 0h0m38s
Epochs trained: 2.00000
Accuracy after 2 epochs: 0.06723
After 2 epochs: Precision: 0.32656, recall: 0.31273, F1: 0.31950
Saved after 2 epochs in: models/java-small-nocase-2k/model_iter2
Starting new epoch 3
Average loss at batch 3900: 0.052612, 	throughput: 191 samples/sec
Average loss at batch 4000: 0.052250, 	throughput: 297 samples/sec
Average loss at batch 4100: 0.052081, 	throughput: 299 samples/sec
Average loss at batch 4200: 0.051914, 	throughput: 303 samples/sec
Average loss at batch 4300: 0.052035, 	throughput: 304 samples/sec
Average loss at batch 4400: 0.051493, 	throughput: 303 samples/sec
Average loss at batch 4500: 0.050684, 	throughput: 302 samples/sec
Average loss at batch 4600: 0.050731, 	throughput: 303 samples/sec
Average loss at batch 4700: 0.050230, 	throughput: 303 samples/sec
Average loss at batch 4800: 0.050458, 	throughput: 303 samples/sec
Average loss at batch 4900: 0.050385, 	throughput: 303 samples/sec
Average loss at batch 5000: 0.050193, 	throughput: 303 samples/sec
Average loss at batch 5100: 0.049699, 	throughput: 302 samples/sec
Average loss at batch 5200: 0.049678, 	throughput: 303 samples/sec
Average loss at batch 5300: 0.048995, 	throughput: 303 samples/sec
Average loss at batch 5400: 0.049674, 	throughput: 303 samples/sec
Average loss at batch 5500: 0.049124, 	throughput: 303 samples/sec
Average loss at batch 5600: 0.048985, 	throughput: 301 samples/sec
Average loss at batch 5700: 0.048733, 	throughput: 300 samples/sec
Average loss at batch 5800: 0.048220, 	throughput: 288 samples/sec
Finished 1 epochs
Done testing, epoch reached
Evaluation time: 0h0m38s
Epochs trained: 3.00000
Accuracy after 3 epochs: 0.08237
After 3 epochs: Precision: 0.35339, recall: 0.34702, F1: 0.35018
Saved after 3 epochs in: models/java-small-nocase-2k/model_iter3
Starting new epoch 4
Average loss at batch 5900: 0.047842, 	throughput: 194 samples/sec
Average loss at batch 6000: 0.047691, 	throughput: 298 samples/sec
Average loss at batch 6100: 0.047385, 	throughput: 301 samples/sec
Average loss at batch 6200: 0.047626, 	throughput: 301 samples/sec
Average loss at batch 6300: 0.047680, 	throughput: 300 samples/sec
Average loss at batch 6400: 0.046710, 	throughput: 301 samples/sec
Average loss at batch 6500: 0.046625, 	throughput: 302 samples/sec
Average loss at batch 6600: 0.046414, 	throughput: 301 samples/sec
Average loss at batch 6700: 0.046415, 	throughput: 302 samples/sec
Average loss at batch 6800: 0.046874, 	throughput: 301 samples/sec
Average loss at batch 6900: 0.046567, 	throughput: 300 samples/sec
Average loss at batch 7000: 0.046389, 	throughput: 301 samples/sec
Average loss at batch 7100: 0.046088, 	throughput: 302 samples/sec
Average loss at batch 7200: 0.046210, 	throughput: 301 samples/sec
Average loss at batch 7300: 0.045911, 	throughput: 300 samples/sec
Average loss at batch 7400: 0.046303, 	throughput: 302 samples/sec
Average loss at batch 7500: 0.046182, 	throughput: 301 samples/sec
Average loss at batch 7600: 0.045551, 	throughput: 301 samples/sec
Average loss at batch 7700: 0.045375, 	throughput: 300 samples/sec
Finished 1 epochs
Done testing, epoch reached
Evaluation time: 0h0m38s
Epochs trained: 4.00000
Accuracy after 4 epochs: 0.09491
After 4 epochs: Precision: 0.37132, recall: 0.34726, F1: 0.35889
Saved after 4 epochs in: models/java-small-nocase-2k/model_iter4
Starting new epoch 5
Average loss at batch 7800: 0.044740, 	throughput: 190 samples/sec
Average loss at batch 7900: 0.044928, 	throughput: 298 samples/sec
Average loss at batch 8000: 0.044634, 	throughput: 300 samples/sec
Average loss at batch 8100: 0.044922, 	throughput: 300 samples/sec
Average loss at batch 8200: 0.044829, 	throughput: 303 samples/sec
Average loss at batch 8300: 0.044260, 	throughput: 300 samples/sec
Average loss at batch 8400: 0.044228, 	throughput: 302 samples/sec
Average loss at batch 8500: 0.043947, 	throughput: 301 samples/sec
Average loss at batch 8600: 0.043877, 	throughput: 301 samples/sec
Average loss at batch 8700: 0.044425, 	throughput: 301 samples/sec
Average loss at batch 8800: 0.044210, 	throughput: 300 samples/sec
Average loss at batch 8900: 0.044143, 	throughput: 300 samples/sec
Average loss at batch 9000: 0.043902, 	throughput: 298 samples/sec
Average loss at batch 9100: 0.043742, 	throughput: 300 samples/sec
Average loss at batch 9200: 0.043502, 	throughput: 300 samples/sec
Average loss at batch 9300: 0.044210, 	throughput: 301 samples/sec
Average loss at batch 9400: 0.043574, 	throughput: 301 samples/sec
Average loss at batch 9500: 0.043838, 	throughput: 300 samples/sec
Average loss at batch 9600: 0.043406, 	throughput: 300 samples/sec
Finished 1 epochs
Done testing, epoch reached
Evaluation time: 0h0m38s
Epochs trained: 5.00000
Accuracy after 5 epochs: 0.10229
After 5 epochs: Precision: 0.38044, recall: 0.34898, F1: 0.36403
Saved after 5 epochs in: models/java-small-nocase-2k/model_iter5
Starting new epoch 6
Average loss at batch 9800: 0.085673, 	throughput: 117 samples/sec
Average loss at batch 9900: 0.042716, 	throughput: 299 samples/sec
Average loss at batch 10000: 0.042728, 	throughput: 301 samples/sec
Average loss at batch 10100: 0.042864, 	throughput: 301 samples/sec
Average loss at batch 10200: 0.042902, 	throughput: 302 samples/sec
Average loss at batch 10300: 0.042391, 	throughput: 302 samples/sec
Average loss at batch 10400: 0.041995, 	throughput: 303 samples/sec
Average loss at batch 10500: 0.042060, 	throughput: 301 samples/sec
Average loss at batch 10600: 0.042038, 	throughput: 301 samples/sec
Average loss at batch 10700: 0.042877, 	throughput: 303 samples/sec
Average loss at batch 10800: 0.042388, 	throughput: 302 samples/sec
Average loss at batch 10900: 0.042016, 	throughput: 302 samples/sec
Average loss at batch 11000: 0.042256, 	throughput: 302 samples/sec
Average loss at batch 11100: 0.041866, 	throughput: 302 samples/sec
Average loss at batch 11200: 0.042316, 	throughput: 301 samples/sec
Average loss at batch 11300: 0.042215, 	throughput: 301 samples/sec
Average loss at batch 11400: 0.042285, 	throughput: 301 samples/sec
Average loss at batch 11500: 0.041916, 	throughput: 301 samples/sec
Average loss at batch 11600: 0.041228, 	throughput: 301 samples/sec
Finished 1 epochs
Done testing, epoch reached
Evaluation time: 0h0m38s
Epochs trained: 6.00000
Accuracy after 6 epochs: 0.12636
After 6 epochs: Precision: 0.37726, recall: 0.36218, F1: 0.36957
Saved after 6 epochs in: models/java-small-nocase-2k/model_iter6
Starting new epoch 7
Average loss at batch 11700: 0.041350, 	throughput: 187 samples/sec
Average loss at batch 11800: 0.041238, 	throughput: 297 samples/sec
Average loss at batch 11900: 0.041107, 	throughput: 298 samples/sec
Average loss at batch 12000: 0.041450, 	throughput: 298 samples/sec
Average loss at batch 12100: 0.041349, 	throughput: 299 samples/sec
Average loss at batch 12200: 0.040929, 	throughput: 299 samples/sec
Average loss at batch 12300: 0.040679, 	throughput: 299 samples/sec
Average loss at batch 12400: 0.040639, 	throughput: 301 samples/sec
Average loss at batch 12500: 0.040638, 	throughput: 301 samples/sec
Average loss at batch 12600: 0.041369, 	throughput: 300 samples/sec
Average loss at batch 12700: 0.040692, 	throughput: 298 samples/sec
Average loss at batch 12800: 0.040944, 	throughput: 299 samples/sec
Average loss at batch 12900: 0.040940, 	throughput: 300 samples/sec
Average loss at batch 13000: 0.040566, 	throughput: 299 samples/sec
Average loss at batch 13100: 0.040829, 	throughput: 301 samples/sec
Average loss at batch 13200: 0.041090, 	throughput: 298 samples/sec
Average loss at batch 13300: 0.040709, 	throughput: 298 samples/sec
Average loss at batch 13400: 0.040832, 	throughput: 300 samples/sec
Average loss at batch 13500: 0.040436, 	throughput: 299 samples/sec
Finished 1 epochs
Done testing, epoch reached
Evaluation time: 0h0m38s
Epochs trained: 7.00000
Accuracy after 7 epochs: 0.10162
After 7 epochs: Precision: 0.37614, recall: 0.37092, F1: 0.37351
Saved after 7 epochs in: models/java-small-nocase-2k/model_iter7
Starting new epoch 8
Average loss at batch 13600: 0.039887, 	throughput: 195 samples/sec
Average loss at batch 13700: 0.039908, 	throughput: 294 samples/sec
Average loss at batch 13800: 0.040060, 	throughput: 299 samples/sec
Average loss at batch 13900: 0.040032, 	throughput: 300 samples/sec
Average loss at batch 14000: 0.040310, 	throughput: 301 samples/sec
Average loss at batch 14100: 0.040046, 	throughput: 301 samples/sec
Average loss at batch 14200: 0.039447, 	throughput: 302 samples/sec
Average loss at batch 14300: 0.039732, 	throughput: 302 samples/sec
Average loss at batch 14400: 0.039428, 	throughput: 302 samples/sec
Average loss at batch 14500: 0.039862, 	throughput: 302 samples/sec
Average loss at batch 14600: 0.039763, 	throughput: 302 samples/sec
Average loss at batch 14700: 0.039777, 	throughput: 302 samples/sec
Average loss at batch 14800: 0.039698, 	throughput: 301 samples/sec
Average loss at batch 14900: 0.039741, 	throughput: 303 samples/sec
Average loss at batch 15000: 0.039249, 	throughput: 301 samples/sec
Average loss at batch 15100: 0.040006, 	throughput: 302 samples/sec
Average loss at batch 15200: 0.039752, 	throughput: 303 samples/sec
Average loss at batch 15300: 0.039554, 	throughput: 301 samples/sec
Average loss at batch 15400: 0.039408, 	throughput: 302 samples/sec
Average loss at batch 15500: 0.039148, 	throughput: 286 samples/sec
Finished 1 epochs
Done testing, epoch reached
Evaluation time: 0h0m37s
Epochs trained: 8.00000
Accuracy after 8 epochs: 0.15392
After 8 epochs: Precision: 0.39102, recall: 0.37523, F1: 0.38296
Saved after 8 epochs in: models/java-small-nocase-2k/model_iter8
Starting new epoch 9
Average loss at batch 15600: 0.038969, 	throughput: 195 samples/sec
Average loss at batch 15700: 0.039086, 	throughput: 299 samples/sec
Average loss at batch 15800: 0.038865, 	throughput: 301 samples/sec
Average loss at batch 15900: 0.039091, 	throughput: 302 samples/sec
Average loss at batch 16000: 0.039407, 	throughput: 301 samples/sec
Average loss at batch 16100: 0.038662, 	throughput: 301 samples/sec
Average loss at batch 16200: 0.038596, 	throughput: 301 samples/sec
Average loss at batch 16300: 0.038437, 	throughput: 301 samples/sec
Average loss at batch 16400: 0.038625, 	throughput: 301 samples/sec
Average loss at batch 16500: 0.038976, 	throughput: 301 samples/sec
Average loss at batch 16600: 0.038822, 	throughput: 301 samples/sec
Average loss at batch 16700: 0.038764, 	throughput: 301 samples/sec
Average loss at batch 16800: 0.038492, 	throughput: 300 samples/sec
Average loss at batch 16900: 0.038813, 	throughput: 302 samples/sec
Average loss at batch 17000: 0.038688, 	throughput: 300 samples/sec
Average loss at batch 17100: 0.039041, 	throughput: 299 samples/sec
Average loss at batch 17200: 0.038996, 	throughput: 300 samples/sec
Average loss at batch 17300: 0.038509, 	throughput: 300 samples/sec
Average loss at batch 17400: 0.038340, 	throughput: 300 samples/sec
Finished 1 epochs
Done testing, epoch reached
Evaluation time: 0h0m38s
Epochs trained: 9.00000
Accuracy after 9 epochs: 0.13634
After 9 epochs: Precision: 0.38076, recall: 0.38140, F1: 0.38108
Starting new epoch 10
Average loss at batch 17500: 0.037899, 	throughput: 194 samples/sec
Average loss at batch 17600: 0.038297, 	throughput: 296 samples/sec
Average loss at batch 17700: 0.037900, 	throughput: 298 samples/sec
Average loss at batch 17800: 0.038330, 	throughput: 301 samples/sec
Average loss at batch 17900: 0.038262, 	throughput: 301 samples/sec
Average loss at batch 18000: 0.037881, 	throughput: 301 samples/sec
Average loss at batch 18100: 0.037813, 	throughput: 301 samples/sec
Average loss at batch 18200: 0.037747, 	throughput: 300 samples/sec
Average loss at batch 18300: 0.037639, 	throughput: 301 samples/sec
Average loss at batch 18400: 0.038258, 	throughput: 301 samples/sec
Average loss at batch 18500: 0.037953, 	throughput: 300 samples/sec
Average loss at batch 18600: 0.038052, 	throughput: 299 samples/sec
Average loss at batch 18700: 0.037882, 	throughput: 302 samples/sec
Average loss at batch 18800: 0.037781, 	throughput: 301 samples/sec
Average loss at batch 18900: 0.037716, 	throughput: 300 samples/sec
Average loss at batch 19000: 0.038387, 	throughput: 303 samples/sec
Average loss at batch 19100: 0.037758, 	throughput: 300 samples/sec
Average loss at batch 19200: 0.037999, 	throughput: 299 samples/sec
Average loss at batch 19300: 0.037606, 	throughput: 300 samples/sec
Finished 1 epochs
Done testing, epoch reached
Evaluation time: 0h0m37s
Epochs trained: 10.00000
Accuracy after 10 epochs: 0.15442
After 10 epochs: Precision: 0.38828, recall: 0.37158, F1: 0.37975
Starting new epoch 11
Average loss at batch 19500: 0.074673, 	throughput: 116 samples/sec
Average loss at batch 19600: 0.037209, 	throughput: 298 samples/sec
Average loss at batch 19700: 0.037347, 	throughput: 299 samples/sec
Average loss at batch 19800: 0.037369, 	throughput: 300 samples/sec
Average loss at batch 19900: 0.037546, 	throughput: 300 samples/sec
Average loss at batch 20000: 0.037088, 	throughput: 300 samples/sec
Average loss at batch 20100: 0.036881, 	throughput: 301 samples/sec
Average loss at batch 20200: 0.036950, 	throughput: 300 samples/sec
Average loss at batch 20300: 0.036962, 	throughput: 301 samples/sec
Average loss at batch 20400: 0.037679, 	throughput: 300 samples/sec
Average loss at batch 20500: 0.037222, 	throughput: 300 samples/sec
Average loss at batch 20600: 0.037022, 	throughput: 299 samples/sec
Average loss at batch 20700: 0.037264, 	throughput: 300 samples/sec
Average loss at batch 20800: 0.036947, 	throughput: 299 samples/sec
Average loss at batch 20900: 0.037340, 	throughput: 299 samples/sec
Average loss at batch 21000: 0.037354, 	throughput: 299 samples/sec
Average loss at batch 21100: 0.037332, 	throughput: 298 samples/sec
Average loss at batch 21200: 0.037128, 	throughput: 299 samples/sec
Average loss at batch 21300: 0.036552, 	throughput: 298 samples/sec
Finished 1 epochs
Done testing, epoch reached
Evaluation time: 0h0m38s
Epochs trained: 11.00000
Accuracy after 11 epochs: 0.14847
After 11 epochs: Precision: 0.38494, recall: 0.38200, F1: 0.38347
Saved after 11 epochs in: models/java-small-nocase-2k/model_iter11
Starting new epoch 12
Average loss at batch 21400: 0.036675, 	throughput: 191 samples/sec
Average loss at batch 21500: 0.036706, 	throughput: 296 samples/sec
Average loss at batch 21600: 0.036613, 	throughput: 299 samples/sec
Average loss at batch 21700: 0.037085, 	throughput: 300 samples/sec
Average loss at batch 21800: 0.036847, 	throughput: 301 samples/sec
Average loss at batch 21900: 0.036582, 	throughput: 302 samples/sec
Average loss at batch 22000: 0.036275, 	throughput: 303 samples/sec
Average loss at batch 22100: 0.036260, 	throughput: 302 samples/sec
Average loss at batch 22200: 0.036309, 	throughput: 303 samples/sec
Average loss at batch 22300: 0.036908, 	throughput: 300 samples/sec
Average loss at batch 22400: 0.036417, 	throughput: 301 samples/sec
Average loss at batch 22500: 0.036608, 	throughput: 302 samples/sec
Average loss at batch 22600: 0.036715, 	throughput: 302 samples/sec
Average loss at batch 22700: 0.036426, 	throughput: 301 samples/sec
Average loss at batch 22800: 0.036619, 	throughput: 302 samples/sec
Average loss at batch 22900: 0.036911, 	throughput: 302 samples/sec
Average loss at batch 23000: 0.036528, 	throughput: 301 samples/sec
Average loss at batch 23100: 0.036671, 	throughput: 300 samples/sec
Average loss at batch 23200: 0.036367, 	throughput: 301 samples/sec
Finished 1 epochs
Done testing, epoch reached
Evaluation time: 0h0m38s
Epochs trained: 12.00000
Accuracy after 12 epochs: 0.14570
After 12 epochs: Precision: 0.38031, recall: 0.38449, F1: 0.38239
Starting new epoch 13
Average loss at batch 23300: 0.035934, 	throughput: 189 samples/sec
Average loss at batch 23400: 0.035943, 	throughput: 296 samples/sec
Average loss at batch 23500: 0.036132, 	throughput: 297 samples/sec
Average loss at batch 23600: 0.036056, 	throughput: 300 samples/sec
Average loss at batch 23700: 0.036412, 	throughput: 300 samples/sec
Average loss at batch 23800: 0.036254, 	throughput: 300 samples/sec
Average loss at batch 23900: 0.035647, 	throughput: 300 samples/sec
Average loss at batch 24000: 0.035910, 	throughput: 302 samples/sec
Average loss at batch 24100: 0.035612, 	throughput: 301 samples/sec
Average loss at batch 24200: 0.036152, 	throughput: 300 samples/sec
Average loss at batch 24300: 0.035995, 	throughput: 300 samples/sec
Average loss at batch 24400: 0.036007, 	throughput: 298 samples/sec
Average loss at batch 24500: 0.035892, 	throughput: 300 samples/sec
Average loss at batch 24600: 0.036004, 	throughput: 300 samples/sec
Average loss at batch 24700: 0.035685, 	throughput: 299 samples/sec
Average loss at batch 24800: 0.036276, 	throughput: 299 samples/sec
Average loss at batch 24900: 0.036056, 	throughput: 299 samples/sec
Average loss at batch 25000: 0.035970, 	throughput: 299 samples/sec
Average loss at batch 25100: 0.035864, 	throughput: 299 samples/sec
Average loss at batch 25200: 0.035533, 	throughput: 288 samples/sec
Finished 1 epochs
Done testing, epoch reached
Evaluation time: 0h0m37s
Epochs trained: 13.00000
Accuracy after 13 epochs: 0.16117
After 13 epochs: Precision: 0.38981, recall: 0.39328, F1: 0.39154
Saved after 13 epochs in: models/java-small-nocase-2k/model_iter13
Starting new epoch 14
Average loss at batch 25300: 0.035494, 	throughput: 197 samples/sec
Average loss at batch 25400: 0.035620, 	throughput: 298 samples/sec
Average loss at batch 25500: 0.035347, 	throughput: 299 samples/sec
Average loss at batch 25600: 0.035559, 	throughput: 300 samples/sec
Average loss at batch 25700: 0.035968, 	throughput: 301 samples/sec
Average loss at batch 25800: 0.035214, 	throughput: 301 samples/sec
Average loss at batch 25900: 0.035202, 	throughput: 301 samples/sec
Average loss at batch 26000: 0.035054, 	throughput: 302 samples/sec
Average loss at batch 26100: 0.035345, 	throughput: 302 samples/sec
Average loss at batch 26200: 0.035664, 	throughput: 302 samples/sec
Average loss at batch 26300: 0.035503, 	throughput: 301 samples/sec
Average loss at batch 26400: 0.035468, 	throughput: 301 samples/sec
Average loss at batch 26500: 0.035288, 	throughput: 300 samples/sec
Average loss at batch 26600: 0.035495, 	throughput: 302 samples/sec
Average loss at batch 26700: 0.035428, 	throughput: 301 samples/sec
Average loss at batch 26800: 0.035851, 	throughput: 301 samples/sec
Average loss at batch 26900: 0.035756, 	throughput: 300 samples/sec
Average loss at batch 27000: 0.035260, 	throughput: 300 samples/sec
Average loss at batch 27100: 0.035124, 	throughput: 301 samples/sec
Finished 1 epochs
Done testing, epoch reached
Evaluation time: 0h0m38s
Epochs trained: 14.00000
Accuracy after 14 epochs: 0.13995
After 14 epochs: Precision: 0.38223, recall: 0.38590, F1: 0.38406
Starting new epoch 15
Average loss at batch 27200: 0.034765, 	throughput: 191 samples/sec
Average loss at batch 27300: 0.035245, 	throughput: 295 samples/sec
Average loss at batch 27400: 0.034873, 	throughput: 299 samples/sec
Average loss at batch 27500: 0.035121, 	throughput: 299 samples/sec
Average loss at batch 27600: 0.035199, 	throughput: 302 samples/sec
Average loss at batch 27700: 0.034816, 	throughput: 301 samples/sec
Average loss at batch 27800: 0.034836, 	throughput: 300 samples/sec
Average loss at batch 27900: 0.034692, 	throughput: 301 samples/sec
Average loss at batch 28000: 0.034678, 	throughput: 301 samples/sec
Average loss at batch 28100: 0.035306, 	throughput: 300 samples/sec
Average loss at batch 28200: 0.034875, 	throughput: 300 samples/sec
Average loss at batch 28300: 0.034999, 	throughput: 298 samples/sec
Average loss at batch 28400: 0.034917, 	throughput: 299 samples/sec
Average loss at batch 28500: 0.034893, 	throughput: 300 samples/sec
Average loss at batch 28600: 0.034804, 	throughput: 299 samples/sec
Average loss at batch 28700: 0.035510, 	throughput: 299 samples/sec
Average loss at batch 28800: 0.034906, 	throughput: 300 samples/sec
Average loss at batch 28900: 0.035217, 	throughput: 301 samples/sec
Average loss at batch 29000: 0.034784, 	throughput: 301 samples/sec
Finished 1 epochs
Done testing, epoch reached
Evaluation time: 0h0m37s
Epochs trained: 15.00000
Accuracy after 15 epochs: 0.16436
After 15 epochs: Precision: 0.39432, recall: 0.39035, F1: 0.39232
Saved after 15 epochs in: models/java-small-nocase-2k/model_iter15
Starting new epoch 16
Average loss at batch 29200: 0.069102, 	throughput: 116 samples/sec
Average loss at batch 29300: 0.034495, 	throughput: 299 samples/sec
Average loss at batch 29400: 0.034634, 	throughput: 299 samples/sec
Average loss at batch 29500: 0.034635, 	throughput: 301 samples/sec
Average loss at batch 29600: 0.034827, 	throughput: 300 samples/sec
Average loss at batch 29700: 0.034314, 	throughput: 301 samples/sec
Average loss at batch 29800: 0.034261, 	throughput: 300 samples/sec
Average loss at batch 29900: 0.034138, 	throughput: 300 samples/sec
Average loss at batch 30000: 0.034286, 	throughput: 303 samples/sec
Average loss at batch 30100: 0.034963, 	throughput: 301 samples/sec
Average loss at batch 30200: 0.034571, 	throughput: 301 samples/sec
Average loss at batch 30300: 0.034380, 	throughput: 300 samples/sec
Average loss at batch 30400: 0.034678, 	throughput: 302 samples/sec
Average loss at batch 30500: 0.034327, 	throughput: 301 samples/sec
Average loss at batch 30600: 0.034738, 	throughput: 301 samples/sec
Average loss at batch 30700: 0.034725, 	throughput: 300 samples/sec
Average loss at batch 30800: 0.034675, 	throughput: 300 samples/sec
Average loss at batch 30900: 0.034456, 	throughput: 299 samples/sec
Average loss at batch 31000: 0.033926, 	throughput: 297 samples/sec
Finished 1 epochs
Done testing, epoch reached
Evaluation time: 0h0m37s
Epochs trained: 16.00000
Accuracy after 16 epochs: 0.15681
After 16 epochs: Precision: 0.38623, recall: 0.39029, F1: 0.38825
Starting new epoch 17
Average loss at batch 31100: 0.034030, 	throughput: 191 samples/sec
Average loss at batch 31200: 0.034279, 	throughput: 297 samples/sec
Average loss at batch 31300: 0.034137, 	throughput: 301 samples/sec
Average loss at batch 31400: 0.034331, 	throughput: 298 samples/sec
Average loss at batch 31500: 0.034253, 	throughput: 300 samples/sec
Average loss at batch 31600: 0.034029, 	throughput: 302 samples/sec
Average loss at batch 31700: 0.033912, 	throughput: 299 samples/sec
Average loss at batch 31800: 0.033750, 	throughput: 299 samples/sec
Average loss at batch 31900: 0.033887, 	throughput: 301 samples/sec
Average loss at batch 32000: 0.034467, 	throughput: 300 samples/sec
Average loss at batch 32100: 0.033977, 	throughput: 299 samples/sec
Average loss at batch 32200: 0.034045, 	throughput: 301 samples/sec
Average loss at batch 32300: 0.034277, 	throughput: 300 samples/sec
Average loss at batch 32400: 0.034033, 	throughput: 301 samples/sec
Average loss at batch 32500: 0.034232, 	throughput: 300 samples/sec
Average loss at batch 32600: 0.034402, 	throughput: 300 samples/sec
Average loss at batch 32700: 0.034155, 	throughput: 300 samples/sec
Average loss at batch 32800: 0.034233, 	throughput: 301 samples/sec
Average loss at batch 32900: 0.034001, 	throughput: 300 samples/sec
Finished 1 epochs
Done testing, epoch reached
Evaluation time: 0h0m37s
Epochs trained: 17.00000
Accuracy after 17 epochs: 0.15509
After 17 epochs: Precision: 0.38376, recall: 0.38595, F1: 0.38485
Starting new epoch 18
Average loss at batch 33000: 0.033515, 	throughput: 192 samples/sec
Average loss at batch 33100: 0.033631, 	throughput: 296 samples/sec
Average loss at batch 33200: 0.033842, 	throughput: 297 samples/sec
Average loss at batch 33300: 0.033719, 	throughput: 300 samples/sec
Average loss at batch 33400: 0.033992, 	throughput: 300 samples/sec
Average loss at batch 33500: 0.033947, 	throughput: 300 samples/sec
Average loss at batch 33600: 0.033318, 	throughput: 301 samples/sec
Average loss at batch 33700: 0.033678, 	throughput: 302 samples/sec
Average loss at batch 33800: 0.033320, 	throughput: 301 samples/sec
Average loss at batch 33900: 0.033863, 	throughput: 301 samples/sec
Average loss at batch 34000: 0.033771, 	throughput: 302 samples/sec
Average loss at batch 34100: 0.033754, 	throughput: 301 samples/sec
Average loss at batch 34200: 0.033682, 	throughput: 300 samples/sec
Average loss at batch 34300: 0.033775, 	throughput: 300 samples/sec
Average loss at batch 34400: 0.033517, 	throughput: 301 samples/sec
Average loss at batch 34500: 0.034098, 	throughput: 301 samples/sec
Average loss at batch 34600: 0.033892, 	throughput: 301 samples/sec
Average loss at batch 34700: 0.033784, 	throughput: 300 samples/sec
Average loss at batch 34800: 0.033625, 	throughput: 300 samples/sec
Average loss at batch 34900: 0.033376, 	throughput: 286 samples/sec
Finished 1 epochs
Done testing, epoch reached
Evaluation time: 0h0m38s
Epochs trained: 18.00000
Accuracy after 18 epochs: 0.15803
After 18 epochs: Precision: 0.38530, recall: 0.39682, F1: 0.39098
Starting new epoch 19
Average loss at batch 35000: 0.033351, 	throughput: 196 samples/sec
Average loss at batch 35100: 0.033555, 	throughput: 298 samples/sec
Average loss at batch 35200: 0.033390, 	throughput: 299 samples/sec
Average loss at batch 35300: 0.033437, 	throughput: 300 samples/sec
Average loss at batch 35400: 0.033947, 	throughput: 300 samples/sec
Average loss at batch 35500: 0.033289, 	throughput: 301 samples/sec
Average loss at batch 35600: 0.033319, 	throughput: 302 samples/sec
Average loss at batch 35700: 0.032939, 	throughput: 301 samples/sec
Average loss at batch 35800: 0.033308, 	throughput: 300 samples/sec
Average loss at batch 35900: 0.033594, 	throughput: 301 samples/sec
Average loss at batch 36000: 0.033583, 	throughput: 299 samples/sec
Average loss at batch 36100: 0.033395, 	throughput: 299 samples/sec
Average loss at batch 36200: 0.033249, 	throughput: 299 samples/sec
Average loss at batch 36300: 0.033578, 	throughput: 300 samples/sec
Average loss at batch 36400: 0.033484, 	throughput: 298 samples/sec
Average loss at batch 36500: 0.033864, 	throughput: 299 samples/sec
Average loss at batch 36600: 0.033704, 	throughput: 300 samples/sec
Average loss at batch 36700: 0.033336, 	throughput: 299 samples/sec
Average loss at batch 36800: 0.033185, 	throughput: 301 samples/sec
Finished 1 epochs
Done testing, epoch reached
Evaluation time: 0h0m38s
Epochs trained: 19.00000
Accuracy after 19 epochs: 0.13748
After 19 epochs: Precision: 0.36988, recall: 0.40577, F1: 0.38700
Starting new epoch 20
Average loss at batch 36900: 0.032660, 	throughput: 189 samples/sec
Average loss at batch 37000: 0.033319, 	throughput: 295 samples/sec
Average loss at batch 37100: 0.033055, 	throughput: 299 samples/sec
Average loss at batch 37200: 0.033247, 	throughput: 300 samples/sec
Average loss at batch 37300: 0.033301, 	throughput: 299 samples/sec
Average loss at batch 37400: 0.032950, 	throughput: 301 samples/sec
Average loss at batch 37500: 0.032822, 	throughput: 301 samples/sec
Average loss at batch 37600: 0.032795, 	throughput: 300 samples/sec
Average loss at batch 37700: 0.032856, 	throughput: 300 samples/sec
Average loss at batch 37800: 0.033235, 	throughput: 302 samples/sec
Average loss at batch 37900: 0.033051, 	throughput: 302 samples/sec
Average loss at batch 38000: 0.033118, 	throughput: 302 samples/sec
Average loss at batch 38100: 0.033166, 	throughput: 301 samples/sec
Average loss at batch 38200: 0.033018, 	throughput: 300 samples/sec
Average loss at batch 38300: 0.032906, 	throughput: 300 samples/sec
Average loss at batch 38400: 0.033586, 	throughput: 299 samples/sec
Average loss at batch 38500: 0.033057, 	throughput: 301 samples/sec
Average loss at batch 38600: 0.033242, 	throughput: 300 samples/sec
Average loss at batch 38700: 0.032918, 	throughput: 299 samples/sec
Finished 1 epochs
Done testing, epoch reached
Evaluation time: 0h0m38s
Epochs trained: 20.00000
Accuracy after 20 epochs: 0.13454
After 20 epochs: Precision: 0.38113, recall: 0.40560, F1: 0.39298
Saved after 20 epochs in: models/java-small-nocase-2k/model_iter20
Starting new epoch 21
Average loss at batch 38900: 0.065433, 	throughput: 116 samples/sec
Average loss at batch 39000: 0.032742, 	throughput: 298 samples/sec
Average loss at batch 39100: 0.032857, 	throughput: 302 samples/sec
Average loss at batch 39200: 0.032782, 	throughput: 300 samples/sec
Average loss at batch 39300: 0.033053, 	throughput: 300 samples/sec
Average loss at batch 39400: 0.032526, 	throughput: 301 samples/sec
Average loss at batch 39500: 0.032490, 	throughput: 300 samples/sec
Average loss at batch 39600: 0.032367, 	throughput: 300 samples/sec
Average loss at batch 39700: 0.032662, 	throughput: 299 samples/sec
Average loss at batch 39800: 0.033152, 	throughput: 301 samples/sec
Average loss at batch 39900: 0.032848, 	throughput: 300 samples/sec
Average loss at batch 40000: 0.032578, 	throughput: 301 samples/sec
Average loss at batch 40100: 0.032866, 	throughput: 299 samples/sec
Average loss at batch 40200: 0.032664, 	throughput: 300 samples/sec
Average loss at batch 40300: 0.032966, 	throughput: 299 samples/sec
Average loss at batch 40400: 0.032958, 	throughput: 299 samples/sec
Average loss at batch 40500: 0.032972, 	throughput: 299 samples/sec
Average loss at batch 40600: 0.032749, 	throughput: 300 samples/sec
Average loss at batch 40700: 0.032202, 	throughput: 297 samples/sec
Finished 1 epochs
Done testing, epoch reached
Evaluation time: 0h0m37s
Epochs trained: 21.00000
Accuracy after 21 epochs: 0.16398
After 21 epochs: Precision: 0.38922, recall: 0.39705, F1: 0.39310
Saved after 21 epochs in: models/java-small-nocase-2k/model_iter21
Starting new epoch 22
Average loss at batch 40800: 0.032278, 	throughput: 190 samples/sec
Average loss at batch 40900: 0.032572, 	throughput: 298 samples/sec
Average loss at batch 41000: 0.032535, 	throughput: 298 samples/sec
Average loss at batch 41100: 0.032720, 	throughput: 300 samples/sec
Average loss at batch 41200: 0.032668, 	throughput: 300 samples/sec
Average loss at batch 41300: 0.032398, 	throughput: 302 samples/sec
Average loss at batch 41400: 0.032151, 	throughput: 302 samples/sec
Average loss at batch 41500: 0.032114, 	throughput: 302 samples/sec
Average loss at batch 41600: 0.032259, 	throughput: 301 samples/sec
Average loss at batch 41700: 0.032757, 	throughput: 300 samples/sec
Average loss at batch 41800: 0.032269, 	throughput: 299 samples/sec
Average loss at batch 41900: 0.032457, 	throughput: 301 samples/sec
Average loss at batch 42000: 0.032656, 	throughput: 299 samples/sec
Average loss at batch 42100: 0.032343, 	throughput: 301 samples/sec
Average loss at batch 42200: 0.032692, 	throughput: 299 samples/sec
Average loss at batch 42300: 0.032837, 	throughput: 300 samples/sec
Average loss at batch 42400: 0.032427, 	throughput: 300 samples/sec
Average loss at batch 42500: 0.032624, 	throughput: 300 samples/sec
Average loss at batch 42600: 0.032444, 	throughput: 302 samples/sec
Finished 1 epochs
Done testing, epoch reached
Evaluation time: 0h0m37s
Epochs trained: 22.00000
Accuracy after 22 epochs: 0.14553
After 22 epochs: Precision: 0.37609, recall: 0.39765, F1: 0.38657
Starting new epoch 23
Average loss at batch 42700: 0.031963, 	throughput: 190 samples/sec
Average loss at batch 42800: 0.032080, 	throughput: 295 samples/sec
Average loss at batch 42900: 0.032298, 	throughput: 300 samples/sec
Average loss at batch 43000: 0.032128, 	throughput: 300 samples/sec
Average loss at batch 43100: 0.032462, 	throughput: 299 samples/sec
Average loss at batch 43200: 0.032274, 	throughput: 301 samples/sec
Average loss at batch 43300: 0.031769, 	throughput: 301 samples/sec
Average loss at batch 43400: 0.032171, 	throughput: 300 samples/sec
Average loss at batch 43500: 0.031849, 	throughput: 299 samples/sec
Average loss at batch 43600: 0.032252, 	throughput: 300 samples/sec
Average loss at batch 43700: 0.032188, 	throughput: 300 samples/sec
Average loss at batch 43800: 0.032281, 	throughput: 299 samples/sec
Average loss at batch 43900: 0.032178, 	throughput: 299 samples/sec
Average loss at batch 44000: 0.032351, 	throughput: 299 samples/sec
Average loss at batch 44100: 0.032017, 	throughput: 297 samples/sec
Average loss at batch 44200: 0.032565, 	throughput: 300 samples/sec
Average loss at batch 44300: 0.032405, 	throughput: 299 samples/sec
Average loss at batch 44400: 0.032210, 	throughput: 300 samples/sec
Average loss at batch 44500: 0.032125, 	throughput: 299 samples/sec
Average loss at batch 44600: 0.031925, 	throughput: 285 samples/sec
Finished 1 epochs
Done testing, epoch reached
Evaluation time: 0h0m38s
Epochs trained: 23.00000
Accuracy after 23 epochs: 0.15148
After 23 epochs: Precision: 0.37994, recall: 0.40993, F1: 0.39436
Saved after 23 epochs in: models/java-small-nocase-2k/model_iter23
Starting new epoch 24
Average loss at batch 44700: 0.031888, 	throughput: 195 samples/sec
Average loss at batch 44800: 0.032144, 	throughput: 298 samples/sec
Average loss at batch 44900: 0.031894, 	throughput: 298 samples/sec
Average loss at batch 45000: 0.032028, 	throughput: 301 samples/sec
Average loss at batch 45100: 0.032408, 	throughput: 300 samples/sec
Average loss at batch 45200: 0.031708, 	throughput: 299 samples/sec
Average loss at batch 45300: 0.031754, 	throughput: 300 samples/sec
Average loss at batch 45400: 0.031438, 	throughput: 302 samples/sec
Average loss at batch 45500: 0.031810, 	throughput: 300 samples/sec
Average loss at batch 45600: 0.032114, 	throughput: 302 samples/sec
Average loss at batch 45700: 0.031987, 	throughput: 300 samples/sec
Average loss at batch 45800: 0.031884, 	throughput: 300 samples/sec
Average loss at batch 45900: 0.031825, 	throughput: 300 samples/sec
Average loss at batch 46000: 0.032046, 	throughput: 301 samples/sec
Average loss at batch 46100: 0.032028, 	throughput: 299 samples/sec
Average loss at batch 46200: 0.032345, 	throughput: 300 samples/sec
Average loss at batch 46300: 0.032233, 	throughput: 300 samples/sec
Average loss at batch 46400: 0.031792, 	throughput: 300 samples/sec
Average loss at batch 46500: 0.031733, 	throughput: 301 samples/sec
Finished 1 epochs
Done testing, epoch reached
Evaluation time: 0h0m38s
Epochs trained: 24.00000
Accuracy after 24 epochs: 0.15383
After 24 epochs: Precision: 0.38088, recall: 0.41381, F1: 0.39666
Saved after 24 epochs in: models/java-small-nocase-2k/model_iter24
Starting new epoch 25
Average loss at batch 46600: 0.031248, 	throughput: 188 samples/sec
Average loss at batch 46700: 0.031975, 	throughput: 296 samples/sec
Average loss at batch 46800: 0.031657, 	throughput: 298 samples/sec
Average loss at batch 46900: 0.031876, 	throughput: 300 samples/sec
Average loss at batch 47000: 0.031930, 	throughput: 300 samples/sec
Average loss at batch 47100: 0.031557, 	throughput: 301 samples/sec
Average loss at batch 47200: 0.031491, 	throughput: 301 samples/sec
Average loss at batch 47300: 0.031509, 	throughput: 300 samples/sec
Average loss at batch 47400: 0.031462, 	throughput: 300 samples/sec
Average loss at batch 47500: 0.031853, 	throughput: 300 samples/sec
Average loss at batch 47600: 0.031673, 	throughput: 298 samples/sec
Average loss at batch 47700: 0.031750, 	throughput: 299 samples/sec
Average loss at batch 47800: 0.031680, 	throughput: 301 samples/sec
Average loss at batch 47900: 0.031603, 	throughput: 300 samples/sec
Average loss at batch 48000: 0.031576, 	throughput: 299 samples/sec
Average loss at batch 48100: 0.032171, 	throughput: 299 samples/sec
Average loss at batch 48200: 0.031773, 	throughput: 299 samples/sec
Average loss at batch 48300: 0.031949, 	throughput: 299 samples/sec
Average loss at batch 48400: 0.031607, 	throughput: 298 samples/sec
Finished 1 epochs
Done testing, epoch reached
Evaluation time: 0h0m37s
Epochs trained: 25.00000
Accuracy after 25 epochs: 0.15211
After 25 epochs: Precision: 0.37884, recall: 0.40606, F1: 0.39198
Starting new epoch 26
Average loss at batch 48600: 0.062749, 	throughput: 116 samples/sec
Average loss at batch 48700: 0.031405, 	throughput: 297 samples/sec
Average loss at batch 48800: 0.031572, 	throughput: 298 samples/sec
Average loss at batch 48900: 0.031511, 	throughput: 300 samples/sec
Average loss at batch 49000: 0.031605, 	throughput: 300 samples/sec
Average loss at batch 49100: 0.031245, 	throughput: 301 samples/sec
Average loss at batch 49200: 0.031193, 	throughput: 300 samples/sec
Average loss at batch 49300: 0.031134, 	throughput: 300 samples/sec
Average loss at batch 49400: 0.031298, 	throughput: 300 samples/sec
Average loss at batch 49500: 0.031792, 	throughput: 302 samples/sec
Average loss at batch 49600: 0.031541, 	throughput: 301 samples/sec
Average loss at batch 49700: 0.031325, 	throughput: 302 samples/sec
Average loss at batch 49800: 0.031619, 	throughput: 301 samples/sec
Average loss at batch 49900: 0.031433, 	throughput: 301 samples/sec
Average loss at batch 50000: 0.031766, 	throughput: 300 samples/sec
Average loss at batch 50100: 0.031727, 	throughput: 300 samples/sec
Average loss at batch 50200: 0.031681, 	throughput: 301 samples/sec
Average loss at batch 50300: 0.031497, 	throughput: 301 samples/sec
Average loss at batch 50400: 0.030976, 	throughput: 299 samples/sec
Finished 1 epochs
Done testing, epoch reached
Evaluation time: 0h0m37s
Epochs trained: 26.00000
Accuracy after 26 epochs: 0.13727
After 26 epochs: Precision: 0.37706, recall: 0.40441, F1: 0.39026
Starting new epoch 27
Average loss at batch 50500: 0.031146, 	throughput: 189 samples/sec
Average loss at batch 50600: 0.031392, 	throughput: 296 samples/sec
Average loss at batch 50700: 0.031180, 	throughput: 301 samples/sec
Average loss at batch 50800: 0.031445, 	throughput: 299 samples/sec
Average loss at batch 50900: 0.031436, 	throughput: 299 samples/sec
Average loss at batch 51000: 0.031225, 	throughput: 299 samples/sec
Average loss at batch 51100: 0.031048, 	throughput: 300 samples/sec
Average loss at batch 51200: 0.030948, 	throughput: 300 samples/sec
Average loss at batch 51300: 0.031067, 	throughput: 300 samples/sec
Average loss at batch 51400: 0.031582, 	throughput: 299 samples/sec
Average loss at batch 51500: 0.031113, 	throughput: 299 samples/sec
Average loss at batch 51600: 0.031218, 	throughput: 300 samples/sec
Average loss at batch 51700: 0.031441, 	throughput: 299 samples/sec
Average loss at batch 51800: 0.031243, 	throughput: 300 samples/sec
Average loss at batch 51900: 0.031492, 	throughput: 299 samples/sec
Average loss at batch 52000: 0.031552, 	throughput: 300 samples/sec
Average loss at batch 52100: 0.031302, 	throughput: 300 samples/sec
Average loss at batch 52200: 0.031392, 	throughput: 299 samples/sec
Average loss at batch 52300: 0.031193, 	throughput: 298 samples/sec
Finished 1 epochs
Done testing, epoch reached
Evaluation time: 0h0m37s
Epochs trained: 27.00000
Accuracy after 27 epochs: 0.13848
After 27 epochs: Precision: 0.37036, recall: 0.39925, F1: 0.38426
Starting new epoch 28
Average loss at batch 52400: 0.030770, 	throughput: 192 samples/sec
Average loss at batch 52500: 0.030995, 	throughput: 295 samples/sec
Average loss at batch 52600: 0.031111, 	throughput: 299 samples/sec
Average loss at batch 52700: 0.031009, 	throughput: 301 samples/sec
Average loss at batch 52800: 0.031253, 	throughput: 302 samples/sec
Average loss at batch 52900: 0.031242, 	throughput: 301 samples/sec
Average loss at batch 53000: 0.030651, 	throughput: 302 samples/sec
Average loss at batch 53100: 0.030977, 	throughput: 302 samples/sec
Average loss at batch 53200: 0.030658, 	throughput: 301 samples/sec
Average loss at batch 53300: 0.031146, 	throughput: 301 samples/sec
Average loss at batch 53400: 0.031078, 	throughput: 301 samples/sec
Average loss at batch 53500: 0.031094, 	throughput: 301 samples/sec
Average loss at batch 53600: 0.031044, 	throughput: 302 samples/sec
Average loss at batch 53700: 0.031149, 	throughput: 301 samples/sec
Average loss at batch 53800: 0.030844, 	throughput: 302 samples/sec
Average loss at batch 53900: 0.031451, 	throughput: 301 samples/sec
Average loss at batch 54000: 0.031287, 	throughput: 301 samples/sec
Average loss at batch 54100: 0.031161, 	throughput: 301 samples/sec
Average loss at batch 54200: 0.031016, 	throughput: 302 samples/sec
Average loss at batch 54300: 0.030807, 	throughput: 285 samples/sec
Finished 1 epochs
Done testing, epoch reached
Evaluation time: 0h0m37s
Epochs trained: 28.00000
Accuracy after 28 epochs: 0.15509
After 28 epochs: Precision: 0.37322, recall: 0.39784, F1: 0.38514
Starting new epoch 29
Average loss at batch 54400: 0.030810, 	throughput: 195 samples/sec
Average loss at batch 54500: 0.031006, 	throughput: 298 samples/sec
Average loss at batch 54600: 0.030747, 	throughput: 300 samples/sec
Average loss at batch 54700: 0.030891, 	throughput: 300 samples/sec
Average loss at batch 54800: 0.031153, 	throughput: 301 samples/sec
Average loss at batch 54900: 0.030585, 	throughput: 302 samples/sec
Average loss at batch 55000: 0.030704, 	throughput: 300 samples/sec
Average loss at batch 55100: 0.030411, 	throughput: 300 samples/sec
Average loss at batch 55200: 0.030834, 	throughput: 301 samples/sec
Average loss at batch 55300: 0.031018, 	throughput: 300 samples/sec
Average loss at batch 55400: 0.030859, 	throughput: 300 samples/sec
Average loss at batch 55500: 0.030837, 	throughput: 298 samples/sec
Average loss at batch 55600: 0.030779, 	throughput: 299 samples/sec
Average loss at batch 55700: 0.031030, 	throughput: 299 samples/sec
Average loss at batch 55800: 0.030952, 	throughput: 299 samples/sec
Average loss at batch 55900: 0.031188, 	throughput: 300 samples/sec
Average loss at batch 56000: 0.031214, 	throughput: 298 samples/sec
Average loss at batch 56100: 0.030794, 	throughput: 299 samples/sec
Average loss at batch 56200: 0.030689, 	throughput: 299 samples/sec
Finished 1 epochs
Done testing, epoch reached
Evaluation time: 0h0m37s
Epochs trained: 29.00000
Accuracy after 29 epochs: 0.12812
After 29 epochs: Precision: 0.37243, recall: 0.40388, F1: 0.38752
Not improved for 5 epochs, stopping training
Best scores - epoch 24: 
Precision: 0.38088, recall: 0.41381, F1: 0.39666
COMET INFO: ----------------------------
COMET INFO: Comet.ml Experiment Summary:
COMET INFO:   Data:
COMET INFO:     url: https://www.comet.ml/cspiess/code2seq/4e07746e41cd48a2b072733dbc926e4b
COMET INFO:   Metrics [count] (min, max):
COMET INFO:     epochs_trained [57]             : (1.0, 29.0)
COMET INFO:     f1 [57]                         : (0.30724442682492203, 0.3966645236924706)
COMET INFO:     loss [112461]                   : (5.701775074005127, 59.65013885498047)
COMET INFO:     precision [57]                  : (0.31348979358360435, 0.3943197891217693)
COMET INFO:     recall [57]                     : (0.30124304077770536, 0.41381296553465474)
COMET INFO:     sys.gpu.0.free_memory [1641]    : (371785728.0, 8507752448.0)
COMET INFO:     sys.gpu.0.gpu_utilization [1641]: (0.0, 100.0)
COMET INFO:     sys.gpu.0.total_memory          : (8507752448.0, 8507752448.0)
COMET INFO:     sys.gpu.0.used_memory [1641]    : (0.0, 8135966720.0)
COMET INFO:     throughput [1113]               : (116.01000285998842, 306.53297850204405)
COMET INFO: ----------------------------
COMET INFO: Uploading stats to Comet before program termination (may take several seconds)
