  Loading cuda/9.0.176 from: /opt/sw/x86_64/glibc-2.17/ivybridge-ep/cuda/9.0.176/
Mon Aug 19 13:34:20 2019       
+-----------------------------------------------------------------------------+
| NVIDIA-SMI 387.34                 Driver Version: 387.34                    |
|-------------------------------+----------------------+----------------------+
| GPU  Name        Persistence-M| Bus-Id        Disp.A | Volatile Uncorr. ECC |
| Fan  Temp  Perf  Pwr:Usage/Cap|         Memory-Usage | GPU-Util  Compute M. |
|===============================+======================+======================|
|   0  GeForce GTX 1080    Off  | 00000000:02:00.0 Off |                  N/A |
|  0%   28C    P0    37W / 180W |      0MiB /  8113MiB |      1%      Default |
+-------------------------------+----------------------+----------------------+
                                                                               
+-----------------------------------------------------------------------------+
| Processes:                                                       GPU Memory |
|  GPU       PID   Type   Process name                             Usage      |
|=============================================================================|
|  No running processes found                                                 |
+-----------------------------------------------------------------------------+
Successfully loaded config from configs/java-small-high-maxparts.json
COMET INFO: old comet version (2.0.6) detected. current: 2.0.8 please update your comet lib with command: `pip install --no-cache-dir --upgrade comet_ml`
COMET INFO: Experiment is live on comet.ml https://www.comet.ml/cspiess/code2seq/88afc99cfc7c4a0192014aea65eac8df

Dictionaries loaded.
Subtoken to count 9235
target to count 4959
node to count 321
Loaded subtoken vocab. size: 7302
Loaded target word vocab. size: 4962
Loaded nodes vocab. size: 323
Created model
Starting training
COMET ERROR: Failed to extract parameters from Estimator.init()
Training batch size:			 256
Dataset path:				 data/java-small-nocase-10k/java-small-nocase-10k
Training file path:			 data/java-small-nocase-10k/java-small-nocase-10k.train.c2s
Validation path:			 data/java-small-nocase-10k/java-small-nocase-10k.val.c2s
Taking max contexts from each example:	 200
Random path sampling:			 True
Embedding size:				 128
Using BiLSTMs, each of size:		 128
Using LSTM of size:			 256
Decoder size:				 320
Decoder layers:				 1
Max path lengths:			 9
Max subtokens in a token:		 20
Max target length:			 24
Embeddings dropout keep_prob:		 0.75
LSTM dropout keep_prob:			 0.5
============================================
Initalized variables
Started reader...
Starting new epoch 1
Average loss at batch 100: 0.169035, 	throughput: 276 samples/sec
Average loss at batch 200: 0.128520, 	throughput: 296 samples/sec
Average loss at batch 300: 0.121782, 	throughput: 299 samples/sec
Average loss at batch 400: 0.113897, 	throughput: 299 samples/sec
Average loss at batch 500: 0.108133, 	throughput: 300 samples/sec
Average loss at batch 600: 0.102215, 	throughput: 300 samples/sec
Average loss at batch 700: 0.094850, 	throughput: 299 samples/sec
Average loss at batch 800: 0.089202, 	throughput: 299 samples/sec
Average loss at batch 900: 0.084501, 	throughput: 299 samples/sec
Average loss at batch 1000: 0.081929, 	throughput: 298 samples/sec
Average loss at batch 1100: 0.078027, 	throughput: 298 samples/sec
Average loss at batch 1200: 0.074946, 	throughput: 298 samples/sec
Average loss at batch 1300: 0.073134, 	throughput: 299 samples/sec
Average loss at batch 1400: 0.070739, 	throughput: 299 samples/sec
Average loss at batch 1500: 0.069514, 	throughput: 298 samples/sec
Average loss at batch 1600: 0.067896, 	throughput: 297 samples/sec
Average loss at batch 1700: 0.066851, 	throughput: 293 samples/sec
Average loss at batch 1800: 0.064920, 	throughput: 296 samples/sec
Average loss at batch 1900: 0.063583, 	throughput: 295 samples/sec
Finished 1 epochs
Done testing, epoch reached
Evaluation time: 0h0m43s
Epochs trained: 1.00000
Accuracy after 1 epochs: 0.04089
After 1 epochs: Precision: 0.31876, recall: 0.31514, F1: 0.31694
Saved after 1 epochs in: models/java-small-nocase-10k/model_iter1
Starting new epoch 2
Average loss at batch 2000: 0.062519, 	throughput: 184 samples/sec
Average loss at batch 2100: 0.061595, 	throughput: 294 samples/sec
Average loss at batch 2200: 0.060880, 	throughput: 297 samples/sec
Average loss at batch 2300: 0.060549, 	throughput: 296 samples/sec
Average loss at batch 2400: 0.059712, 	throughput: 299 samples/sec
Average loss at batch 2500: 0.059060, 	throughput: 298 samples/sec
Average loss at batch 2600: 0.057742, 	throughput: 296 samples/sec
Average loss at batch 2700: 0.057383, 	throughput: 297 samples/sec
Average loss at batch 2800: 0.056608, 	throughput: 296 samples/sec
Average loss at batch 2900: 0.057223, 	throughput: 297 samples/sec
Average loss at batch 3000: 0.056233, 	throughput: 298 samples/sec
Average loss at batch 3100: 0.055894, 	throughput: 297 samples/sec
Average loss at batch 3200: 0.055474, 	throughput: 297 samples/sec
Average loss at batch 3300: 0.054776, 	throughput: 298 samples/sec
Average loss at batch 3400: 0.054679, 	throughput: 296 samples/sec
Average loss at batch 3500: 0.054629, 	throughput: 297 samples/sec
Average loss at batch 3600: 0.053999, 	throughput: 297 samples/sec
Average loss at batch 3700: 0.053798, 	throughput: 296 samples/sec
Average loss at batch 3800: 0.053106, 	throughput: 295 samples/sec
Finished 1 epochs
Done testing, epoch reached
Evaluation time: 0h0m39s
Epochs trained: 2.00000
Accuracy after 2 epochs: 0.06492
After 2 epochs: Precision: 0.32056, recall: 0.31692, F1: 0.31873
Saved after 2 epochs in: models/java-small-nocase-10k/model_iter2
Starting new epoch 3
Average loss at batch 3900: 0.052366, 	throughput: 188 samples/sec
Average loss at batch 4000: 0.051887, 	throughput: 292 samples/sec
Average loss at batch 4100: 0.051834, 	throughput: 295 samples/sec
Average loss at batch 4200: 0.051531, 	throughput: 298 samples/sec
Average loss at batch 4300: 0.051608, 	throughput: 296 samples/sec
Average loss at batch 4400: 0.051274, 	throughput: 297 samples/sec
Average loss at batch 4500: 0.050393, 	throughput: 298 samples/sec
Average loss at batch 4600: 0.050401, 	throughput: 296 samples/sec
Average loss at batch 4700: 0.049885, 	throughput: 298 samples/sec
Average loss at batch 4800: 0.050140, 	throughput: 297 samples/sec
Average loss at batch 4900: 0.050059, 	throughput: 297 samples/sec
Average loss at batch 5000: 0.049971, 	throughput: 297 samples/sec
Average loss at batch 5100: 0.049397, 	throughput: 298 samples/sec
Average loss at batch 5200: 0.049395, 	throughput: 295 samples/sec
Average loss at batch 5300: 0.048814, 	throughput: 296 samples/sec
Average loss at batch 5400: 0.049457, 	throughput: 297 samples/sec
Average loss at batch 5500: 0.048946, 	throughput: 295 samples/sec
Average loss at batch 5600: 0.048914, 	throughput: 296 samples/sec
Average loss at batch 5700: 0.048420, 	throughput: 296 samples/sec
Average loss at batch 5800: 0.048070, 	throughput: 282 samples/sec
Finished 1 epochs
Done testing, epoch reached
Evaluation time: 0h0m38s
Epochs trained: 3.00000
Accuracy after 3 epochs: 0.09688
After 3 epochs: Precision: 0.34478, recall: 0.33155, F1: 0.33804
Saved after 3 epochs in: models/java-small-nocase-10k/model_iter3
Starting new epoch 4
Average loss at batch 5900: 0.047754, 	throughput: 193 samples/sec
Average loss at batch 6000: 0.047564, 	throughput: 293 samples/sec
Average loss at batch 6100: 0.047335, 	throughput: 294 samples/sec
Average loss at batch 6200: 0.047354, 	throughput: 295 samples/sec
Average loss at batch 6300: 0.047683, 	throughput: 295 samples/sec
Average loss at batch 6400: 0.046618, 	throughput: 296 samples/sec
Average loss at batch 6500: 0.046338, 	throughput: 295 samples/sec
Average loss at batch 6600: 0.046232, 	throughput: 296 samples/sec
Average loss at batch 6700: 0.046479, 	throughput: 293 samples/sec
Average loss at batch 6800: 0.046734, 	throughput: 295 samples/sec
Average loss at batch 6900: 0.046397, 	throughput: 296 samples/sec
Average loss at batch 7000: 0.046272, 	throughput: 294 samples/sec
Average loss at batch 7100: 0.045872, 	throughput: 294 samples/sec
Average loss at batch 7200: 0.046077, 	throughput: 295 samples/sec
Average loss at batch 7300: 0.045790, 	throughput: 295 samples/sec
Average loss at batch 7400: 0.046246, 	throughput: 295 samples/sec
Average loss at batch 7500: 0.046171, 	throughput: 296 samples/sec
Average loss at batch 7600: 0.045348, 	throughput: 295 samples/sec
Average loss at batch 7700: 0.045314, 	throughput: 294 samples/sec
Finished 1 epochs
Done testing, epoch reached
Evaluation time: 0h0m39s
Epochs trained: 4.00000
Accuracy after 4 epochs: 0.10678
After 4 epochs: Precision: 0.34800, recall: 0.33361, F1: 0.34065
Saved after 4 epochs in: models/java-small-nocase-10k/model_iter4
Starting new epoch 5
Average loss at batch 7800: 0.044690, 	throughput: 186 samples/sec
Average loss at batch 7900: 0.044923, 	throughput: 293 samples/sec
Average loss at batch 8000: 0.044486, 	throughput: 294 samples/sec
Average loss at batch 8100: 0.044859, 	throughput: 295 samples/sec
Average loss at batch 8200: 0.044701, 	throughput: 296 samples/sec
Average loss at batch 8300: 0.044214, 	throughput: 295 samples/sec
Average loss at batch 8400: 0.044004, 	throughput: 296 samples/sec
Average loss at batch 8500: 0.043977, 	throughput: 295 samples/sec
Average loss at batch 8600: 0.043772, 	throughput: 296 samples/sec
Average loss at batch 8700: 0.044358, 	throughput: 296 samples/sec
Average loss at batch 8800: 0.044028, 	throughput: 294 samples/sec
Average loss at batch 8900: 0.044015, 	throughput: 294 samples/sec
Average loss at batch 9000: 0.043820, 	throughput: 294 samples/sec
Average loss at batch 9100: 0.043648, 	throughput: 294 samples/sec
Average loss at batch 9200: 0.043524, 	throughput: 295 samples/sec
Average loss at batch 9300: 0.044156, 	throughput: 293 samples/sec
Average loss at batch 9400: 0.043566, 	throughput: 294 samples/sec
Average loss at batch 9500: 0.043773, 	throughput: 293 samples/sec
Average loss at batch 9600: 0.043265, 	throughput: 294 samples/sec
Finished 1 epochs
Done testing, epoch reached
Evaluation time: 0h0m39s
Epochs trained: 5.00000
Accuracy after 5 epochs: 0.09881
After 5 epochs: Precision: 0.35231, recall: 0.35514, F1: 0.35372
Saved after 5 epochs in: models/java-small-nocase-10k/model_iter5
Starting new epoch 6
Average loss at batch 9800: 0.085643, 	throughput: 114 samples/sec
Average loss at batch 9900: 0.042647, 	throughput: 293 samples/sec
Average loss at batch 10000: 0.042612, 	throughput: 293 samples/sec
Average loss at batch 10100: 0.042675, 	throughput: 295 samples/sec
Average loss at batch 10200: 0.042681, 	throughput: 297 samples/sec
Average loss at batch 10300: 0.042247, 	throughput: 296 samples/sec
Average loss at batch 10400: 0.041889, 	throughput: 297 samples/sec
Average loss at batch 10500: 0.041946, 	throughput: 296 samples/sec
Average loss at batch 10600: 0.042022, 	throughput: 295 samples/sec
Average loss at batch 10700: 0.042730, 	throughput: 296 samples/sec
Average loss at batch 10800: 0.042213, 	throughput: 296 samples/sec
Average loss at batch 10900: 0.041903, 	throughput: 295 samples/sec
Average loss at batch 11000: 0.042210, 	throughput: 296 samples/sec
Average loss at batch 11100: 0.041788, 	throughput: 296 samples/sec
Average loss at batch 11200: 0.042232, 	throughput: 295 samples/sec
Average loss at batch 11300: 0.042164, 	throughput: 297 samples/sec
Average loss at batch 11400: 0.042070, 	throughput: 297 samples/sec
Average loss at batch 11500: 0.041634, 	throughput: 297 samples/sec
Average loss at batch 11600: 0.041215, 	throughput: 294 samples/sec
Finished 1 epochs
Done testing, epoch reached
Evaluation time: 0h0m38s
Epochs trained: 6.00000
Accuracy after 6 epochs: 0.11781
After 6 epochs: Precision: 0.35947, recall: 0.35493, F1: 0.35719
Saved after 6 epochs in: models/java-small-nocase-10k/model_iter6
Starting new epoch 7
Average loss at batch 11700: 0.041307, 	throughput: 184 samples/sec
Average loss at batch 11800: 0.041291, 	throughput: 291 samples/sec
Average loss at batch 11900: 0.041096, 	throughput: 295 samples/sec
Average loss at batch 12000: 0.041350, 	throughput: 295 samples/sec
Average loss at batch 12100: 0.041175, 	throughput: 296 samples/sec
Average loss at batch 12200: 0.040835, 	throughput: 294 samples/sec
Average loss at batch 12300: 0.040374, 	throughput: 295 samples/sec
Average loss at batch 12400: 0.040448, 	throughput: 295 samples/sec
Average loss at batch 12500: 0.040551, 	throughput: 294 samples/sec
Average loss at batch 12600: 0.041165, 	throughput: 294 samples/sec
Average loss at batch 12700: 0.040630, 	throughput: 294 samples/sec
Average loss at batch 12800: 0.040702, 	throughput: 293 samples/sec
Average loss at batch 12900: 0.040732, 	throughput: 292 samples/sec
Average loss at batch 13000: 0.040506, 	throughput: 294 samples/sec
Average loss at batch 13100: 0.040764, 	throughput: 293 samples/sec
Average loss at batch 13200: 0.040979, 	throughput: 292 samples/sec
Average loss at batch 13300: 0.040486, 	throughput: 295 samples/sec
Average loss at batch 13400: 0.040517, 	throughput: 293 samples/sec
Average loss at batch 13500: 0.040344, 	throughput: 293 samples/sec
Finished 1 epochs
Done testing, epoch reached
Evaluation time: 0h0m38s
Epochs trained: 7.00000
Accuracy after 7 epochs: 0.12406
After 7 epochs: Precision: 0.36815, recall: 0.36668, F1: 0.36741
Saved after 7 epochs in: models/java-small-nocase-10k/model_iter7
Starting new epoch 8
Average loss at batch 13600: 0.039868, 	throughput: 190 samples/sec
Average loss at batch 13700: 0.039837, 	throughput: 291 samples/sec
Average loss at batch 13800: 0.039814, 	throughput: 294 samples/sec
Average loss at batch 13900: 0.039778, 	throughput: 296 samples/sec
Average loss at batch 14000: 0.039976, 	throughput: 295 samples/sec
Average loss at batch 14100: 0.039871, 	throughput: 296 samples/sec
Average loss at batch 14200: 0.039162, 	throughput: 295 samples/sec
Average loss at batch 14300: 0.039490, 	throughput: 295 samples/sec
Average loss at batch 14400: 0.039200, 	throughput: 296 samples/sec
Average loss at batch 14500: 0.039737, 	throughput: 296 samples/sec
Average loss at batch 14600: 0.039561, 	throughput: 295 samples/sec
Average loss at batch 14700: 0.039634, 	throughput: 296 samples/sec
Average loss at batch 14800: 0.039466, 	throughput: 295 samples/sec
Average loss at batch 14900: 0.039530, 	throughput: 294 samples/sec
Average loss at batch 15000: 0.039220, 	throughput: 295 samples/sec
Average loss at batch 15100: 0.039949, 	throughput: 296 samples/sec
Average loss at batch 15200: 0.039476, 	throughput: 296 samples/sec
Average loss at batch 15300: 0.039450, 	throughput: 295 samples/sec
Average loss at batch 15400: 0.039294, 	throughput: 295 samples/sec
Average loss at batch 15500: 0.038990, 	throughput: 281 samples/sec
Finished 1 epochs
Done testing, epoch reached
Evaluation time: 0h0m38s
Epochs trained: 8.00000
Accuracy after 8 epochs: 0.13672
After 8 epochs: Precision: 0.37429, recall: 0.36854, F1: 0.37140
Saved after 8 epochs in: models/java-small-nocase-10k/model_iter8
Starting new epoch 9
Average loss at batch 15600: 0.038903, 	throughput: 192 samples/sec
Average loss at batch 15700: 0.038894, 	throughput: 293 samples/sec
Average loss at batch 15800: 0.038604, 	throughput: 294 samples/sec
Average loss at batch 15900: 0.038723, 	throughput: 295 samples/sec
Average loss at batch 16000: 0.039212, 	throughput: 294 samples/sec
Average loss at batch 16100: 0.038351, 	throughput: 294 samples/sec
Average loss at batch 16200: 0.038256, 	throughput: 295 samples/sec
Average loss at batch 16300: 0.038155, 	throughput: 296 samples/sec
Average loss at batch 16400: 0.038495, 	throughput: 294 samples/sec
Average loss at batch 16500: 0.038823, 	throughput: 294 samples/sec
Average loss at batch 16600: 0.038569, 	throughput: 296 samples/sec
Average loss at batch 16700: 0.038511, 	throughput: 295 samples/sec
Average loss at batch 16800: 0.038400, 	throughput: 293 samples/sec
Average loss at batch 16900: 0.038543, 	throughput: 294 samples/sec
Average loss at batch 17000: 0.038469, 	throughput: 294 samples/sec
Average loss at batch 17100: 0.038860, 	throughput: 294 samples/sec
Average loss at batch 17200: 0.038715, 	throughput: 293 samples/sec
Average loss at batch 17300: 0.038320, 	throughput: 295 samples/sec
Average loss at batch 17400: 0.038177, 	throughput: 294 samples/sec
Finished 1 epochs
Done testing, epoch reached
Evaluation time: 0h0m38s
Epochs trained: 9.00000
Accuracy after 9 epochs: 0.13228
After 9 epochs: Precision: 0.37760, recall: 0.37189, F1: 0.37472
Saved after 9 epochs in: models/java-small-nocase-10k/model_iter9
Starting new epoch 10
Average loss at batch 17500: 0.037778, 	throughput: 188 samples/sec
Average loss at batch 17600: 0.038062, 	throughput: 290 samples/sec
Average loss at batch 17700: 0.037747, 	throughput: 292 samples/sec
Average loss at batch 17800: 0.038012, 	throughput: 295 samples/sec
Average loss at batch 17900: 0.037978, 	throughput: 295 samples/sec
Average loss at batch 18000: 0.037544, 	throughput: 296 samples/sec
Average loss at batch 18100: 0.037411, 	throughput: 296 samples/sec
Average loss at batch 18200: 0.037393, 	throughput: 295 samples/sec
Average loss at batch 18300: 0.037383, 	throughput: 295 samples/sec
Average loss at batch 18400: 0.038038, 	throughput: 295 samples/sec
Average loss at batch 18500: 0.037682, 	throughput: 294 samples/sec
Average loss at batch 18600: 0.037868, 	throughput: 295 samples/sec
Average loss at batch 18700: 0.037670, 	throughput: 295 samples/sec
Average loss at batch 18800: 0.037520, 	throughput: 295 samples/sec
Average loss at batch 18900: 0.037384, 	throughput: 294 samples/sec
Average loss at batch 19000: 0.038235, 	throughput: 294 samples/sec
Average loss at batch 19100: 0.037628, 	throughput: 293 samples/sec
Average loss at batch 19200: 0.037890, 	throughput: 295 samples/sec
Average loss at batch 19300: 0.037469, 	throughput: 296 samples/sec
Finished 1 epochs
Done testing, epoch reached
Evaluation time: 0h0m38s
Epochs trained: 10.00000
Accuracy after 10 epochs: 0.13337
After 10 epochs: Precision: 0.37525, recall: 0.37740, F1: 0.37632
Saved after 10 epochs in: models/java-small-nocase-10k/model_iter10
Starting new epoch 11
Average loss at batch 19500: 0.074275, 	throughput: 115 samples/sec
Average loss at batch 19600: 0.036979, 	throughput: 292 samples/sec
Average loss at batch 19700: 0.037005, 	throughput: 295 samples/sec
Average loss at batch 19800: 0.037065, 	throughput: 295 samples/sec
Average loss at batch 19900: 0.037262, 	throughput: 295 samples/sec
Average loss at batch 20000: 0.036768, 	throughput: 295 samples/sec
Average loss at batch 20100: 0.036572, 	throughput: 296 samples/sec
Average loss at batch 20200: 0.036600, 	throughput: 295 samples/sec
Average loss at batch 20300: 0.036754, 	throughput: 295 samples/sec
Average loss at batch 20400: 0.037361, 	throughput: 295 samples/sec
Average loss at batch 20500: 0.036908, 	throughput: 295 samples/sec
Average loss at batch 20600: 0.036727, 	throughput: 294 samples/sec
Average loss at batch 20700: 0.036969, 	throughput: 294 samples/sec
Average loss at batch 20800: 0.036688, 	throughput: 294 samples/sec
Average loss at batch 20900: 0.037239, 	throughput: 294 samples/sec
Average loss at batch 21000: 0.037128, 	throughput: 294 samples/sec
Average loss at batch 21100: 0.037044, 	throughput: 294 samples/sec
Average loss at batch 21200: 0.036823, 	throughput: 295 samples/sec
Average loss at batch 21300: 0.036302, 	throughput: 293 samples/sec
Finished 1 epochs
Done testing, epoch reached
Evaluation time: 0h0m38s
Epochs trained: 11.00000
Accuracy after 11 epochs: 0.13207
After 11 epochs: Precision: 0.36780, recall: 0.37376, F1: 0.37076
Starting new epoch 12
Average loss at batch 21400: 0.036451, 	throughput: 188 samples/sec
Average loss at batch 21500: 0.036480, 	throughput: 292 samples/sec
Average loss at batch 21600: 0.036319, 	throughput: 294 samples/sec
Average loss at batch 21700: 0.036531, 	throughput: 294 samples/sec
Average loss at batch 21800: 0.036597, 	throughput: 293 samples/sec
Average loss at batch 21900: 0.036206, 	throughput: 294 samples/sec
Average loss at batch 22000: 0.035883, 	throughput: 295 samples/sec
Average loss at batch 22100: 0.035861, 	throughput: 294 samples/sec
Average loss at batch 22200: 0.035942, 	throughput: 295 samples/sec
Average loss at batch 22300: 0.036666, 	throughput: 295 samples/sec
Average loss at batch 22400: 0.036148, 	throughput: 295 samples/sec
Average loss at batch 22500: 0.036242, 	throughput: 294 samples/sec
Average loss at batch 22600: 0.036304, 	throughput: 294 samples/sec
Average loss at batch 22700: 0.036115, 	throughput: 295 samples/sec
Average loss at batch 22800: 0.036409, 	throughput: 295 samples/sec
Average loss at batch 22900: 0.036617, 	throughput: 294 samples/sec
Average loss at batch 23000: 0.036141, 	throughput: 293 samples/sec
Average loss at batch 23100: 0.036265, 	throughput: 293 samples/sec
Average loss at batch 23200: 0.036073, 	throughput: 294 samples/sec
Finished 1 epochs
Done testing, epoch reached
Evaluation time: 0h0m38s
Epochs trained: 12.00000
Accuracy after 12 epochs: 0.13429
After 12 epochs: Precision: 0.36603, recall: 0.36964, F1: 0.36782
Starting new epoch 13
Average loss at batch 23300: 0.035635, 	throughput: 188 samples/sec
Average loss at batch 23400: 0.035614, 	throughput: 290 samples/sec
Average loss at batch 23500: 0.035726, 	throughput: 291 samples/sec
Average loss at batch 23600: 0.035672, 	throughput: 294 samples/sec
Average loss at batch 23700: 0.035992, 	throughput: 293 samples/sec
Average loss at batch 23800: 0.035832, 	throughput: 293 samples/sec
Average loss at batch 23900: 0.035232, 	throughput: 294 samples/sec
Average loss at batch 24000: 0.035473, 	throughput: 295 samples/sec
Average loss at batch 24100: 0.035182, 	throughput: 294 samples/sec
Average loss at batch 24200: 0.035760, 	throughput: 294 samples/sec
Average loss at batch 24300: 0.035593, 	throughput: 294 samples/sec
Average loss at batch 24400: 0.035688, 	throughput: 294 samples/sec
Average loss at batch 24500: 0.035498, 	throughput: 294 samples/sec
Average loss at batch 24600: 0.035751, 	throughput: 293 samples/sec
Average loss at batch 24700: 0.035350, 	throughput: 295 samples/sec
Average loss at batch 24800: 0.036077, 	throughput: 294 samples/sec
Average loss at batch 24900: 0.035735, 	throughput: 295 samples/sec
Average loss at batch 25000: 0.035717, 	throughput: 294 samples/sec
Average loss at batch 25100: 0.035485, 	throughput: 293 samples/sec
Average loss at batch 25200: 0.035251, 	throughput: 281 samples/sec
Finished 1 epochs
Done testing, epoch reached
Evaluation time: 0h0m38s
Epochs trained: 13.00000
Accuracy after 13 epochs: 0.13836
After 13 epochs: Precision: 0.37270, recall: 0.37305, F1: 0.37288
Starting new epoch 14
Average loss at batch 25300: 0.035223, 	throughput: 193 samples/sec
Average loss at batch 25400: 0.035286, 	throughput: 293 samples/sec
Average loss at batch 25500: 0.035093, 	throughput: 295 samples/sec
Average loss at batch 25600: 0.035157, 	throughput: 294 samples/sec
Average loss at batch 25700: 0.035491, 	throughput: 294 samples/sec
Average loss at batch 25800: 0.034776, 	throughput: 295 samples/sec
Average loss at batch 25900: 0.034712, 	throughput: 295 samples/sec
Average loss at batch 26000: 0.034647, 	throughput: 294 samples/sec
Average loss at batch 26100: 0.035105, 	throughput: 295 samples/sec
Average loss at batch 26200: 0.035340, 	throughput: 295 samples/sec
Average loss at batch 26300: 0.035048, 	throughput: 294 samples/sec
Average loss at batch 26400: 0.035029, 	throughput: 294 samples/sec
Average loss at batch 26500: 0.034867, 	throughput: 294 samples/sec
Average loss at batch 26600: 0.035206, 	throughput: 293 samples/sec
Average loss at batch 26700: 0.035096, 	throughput: 292 samples/sec
Average loss at batch 26800: 0.035479, 	throughput: 294 samples/sec
Average loss at batch 26900: 0.035312, 	throughput: 293 samples/sec
Average loss at batch 27000: 0.035041, 	throughput: 293 samples/sec
Average loss at batch 27100: 0.034812, 	throughput: 293 samples/sec
Finished 1 epochs
Done testing, epoch reached
Evaluation time: 0h0m38s
Epochs trained: 14.00000
Accuracy after 14 epochs: 0.13970
After 14 epochs: Precision: 0.37410, recall: 0.37137, F1: 0.37273
Starting new epoch 15
Average loss at batch 27200: 0.034445, 	throughput: 191 samples/sec
Average loss at batch 27300: 0.034951, 	throughput: 291 samples/sec
Average loss at batch 27400: 0.034436, 	throughput: 294 samples/sec
Average loss at batch 27500: 0.034796, 	throughput: 294 samples/sec
Average loss at batch 27600: 0.034831, 	throughput: 296 samples/sec
Average loss at batch 27700: 0.034400, 	throughput: 296 samples/sec
Average loss at batch 27800: 0.034407, 	throughput: 296 samples/sec
Average loss at batch 27900: 0.034258, 	throughput: 295 samples/sec
Average loss at batch 28000: 0.034277, 	throughput: 296 samples/sec
Average loss at batch 28100: 0.035017, 	throughput: 295 samples/sec
Average loss at batch 28200: 0.034573, 	throughput: 295 samples/sec
Average loss at batch 28300: 0.034673, 	throughput: 295 samples/sec
Average loss at batch 28400: 0.034598, 	throughput: 295 samples/sec
Average loss at batch 28500: 0.034386, 	throughput: 296 samples/sec
Average loss at batch 28600: 0.034456, 	throughput: 295 samples/sec
Average loss at batch 28700: 0.035071, 	throughput: 295 samples/sec
Average loss at batch 28800: 0.034529, 	throughput: 295 samples/sec
Average loss at batch 28900: 0.034728, 	throughput: 295 samples/sec
Average loss at batch 29000: 0.034379, 	throughput: 294 samples/sec
Finished 1 epochs
Done testing, epoch reached
Evaluation time: 0h0m38s
Epochs trained: 15.00000
Accuracy after 15 epochs: 0.14888
After 15 epochs: Precision: 0.37886, recall: 0.37025, F1: 0.37451
Not improved for 5 epochs, stopping training
Best scores - epoch 10: 
Precision: 0.37525, recall: 0.37740, F1: 0.37632
COMET INFO: ----------------------------
COMET INFO: Comet.ml Experiment Summary:
COMET INFO:   Data:
COMET INFO:     url: https://www.comet.ml/cspiess/code2seq/88afc99cfc7c4a0192014aea65eac8df
COMET INFO:   Metrics [count] (min, max):
COMET INFO:     epochs_trained [29]            : (1.0, 15.0)
COMET INFO:     f1 [29]                        : (0.31693889661326025, 0.37632286036387297)
COMET INFO:     loss [58169]                   : (6.530226707458496, 63.064701080322266)
COMET INFO:     precision [29]                 : (0.3187572423046429, 0.37886100831495306)
COMET INFO:     recall [29]                    : (0.31514117870001895, 0.377400816881016)
COMET INFO:     sys.gpu.0.free_memory [865]    : (371785728.0, 8507752448.0)
COMET INFO:     sys.gpu.0.gpu_utilization [865]: (0.0, 100.0)
COMET INFO:     sys.gpu.0.total_memory         : (8507752448.0, 8507752448.0)
COMET INFO:     sys.gpu.0.used_memory [865]    : (0.0, 8135966720.0)
COMET INFO:     throughput [575]               : (114.73581421076395, 300.7701030980537)
COMET INFO: ----------------------------
COMET INFO: Uploading stats to Comet before program termination (may take several seconds)
