  Loading cuda/9.0.176 from: /opt/sw/x86_64/glibc-2.17/ivybridge-ep/cuda/9.0.176/
Sun Aug 18 00:53:08 2019       
+-----------------------------------------------------------------------------+
| NVIDIA-SMI 387.34                 Driver Version: 387.34                    |
|-------------------------------+----------------------+----------------------+
| GPU  Name        Persistence-M| Bus-Id        Disp.A | Volatile Uncorr. ECC |
| Fan  Temp  Perf  Pwr:Usage/Cap|         Memory-Usage | GPU-Util  Compute M. |
|===============================+======================+======================|
|   0  GeForce GTX 1080    Off  | 00000000:02:00.0 Off |                  N/A |
|  0%   28C    P0    37W / 180W |      0MiB /  8113MiB |      1%      Default |
+-------------------------------+----------------------+----------------------+
                                                                               
+-----------------------------------------------------------------------------+
| Processes:                                                       GPU Memory |
|  GPU       PID   Type   Process name                             Usage      |
|=============================================================================|
|  No running processes found                                                 |
+-----------------------------------------------------------------------------+
Successfully loaded config from configs/java-small-high-maxparts.json
COMET INFO: old comet version (2.0.6) detected. current: 2.0.8 please update your comet lib with command: `pip install --no-cache-dir --upgrade comet_ml`
COMET INFO: Experiment is live on comet.ml https://www.comet.ml/cspiess/code2seq/fdabd9d105974de9b676015a2231fd10

Dictionaries loaded.
Subtoken to count 2297
target to count 997
node to count 321
Loaded subtoken vocab. size: 2299
Loaded target word vocab. size: 1000
Loaded nodes vocab. size: 323
Created model
Starting training
COMET ERROR: Failed to extract parameters from Estimator.init()
Training batch size:			 256
Dataset path:				 data/java-small-nocase-1k/java-small-nocase-1k
Training file path:			 data/java-small-nocase-1k/java-small-nocase-1k.train.c2s
Validation path:			 data/java-small-nocase-1k/java-small-nocase-1k.val.c2s
Taking max contexts from each example:	 200
Random path sampling:			 True
Embedding size:				 128
Using BiLSTMs, each of size:		 128
Using LSTM of size:			 256
Decoder size:				 320
Decoder layers:				 1
Max path lengths:			 9
Max subtokens in a token:		 20
Max target length:			 24
Embeddings dropout keep_prob:		 0.75
LSTM dropout keep_prob:			 0.5
============================================
Initalized variables
Started reader...
Starting new epoch 1
Average loss at batch 100: 0.166310, 	throughput: 282 samples/sec
Average loss at batch 200: 0.142547, 	throughput: 303 samples/sec
Average loss at batch 300: 0.132161, 	throughput: 305 samples/sec
Average loss at batch 400: 0.121483, 	throughput: 305 samples/sec
Average loss at batch 500: 0.112467, 	throughput: 307 samples/sec
Average loss at batch 600: 0.103114, 	throughput: 306 samples/sec
Average loss at batch 700: 0.094311, 	throughput: 307 samples/sec
Average loss at batch 800: 0.088677, 	throughput: 299 samples/sec
Average loss at batch 900: 0.083973, 	throughput: 306 samples/sec
Average loss at batch 1000: 0.081190, 	throughput: 306 samples/sec
Average loss at batch 1100: 0.077806, 	throughput: 306 samples/sec
Average loss at batch 1200: 0.074753, 	throughput: 306 samples/sec
Average loss at batch 1300: 0.072957, 	throughput: 298 samples/sec
Average loss at batch 1400: 0.070468, 	throughput: 304 samples/sec
Average loss at batch 1500: 0.069457, 	throughput: 304 samples/sec
Average loss at batch 1600: 0.067469, 	throughput: 305 samples/sec
Average loss at batch 1700: 0.066525, 	throughput: 303 samples/sec
Average loss at batch 1800: 0.064802, 	throughput: 303 samples/sec
Average loss at batch 1900: 0.063306, 	throughput: 302 samples/sec
Finished 1 epochs
Done testing, epoch reached
Evaluation time: 0h0m41s
Epochs trained: 1.00000
Accuracy after 1 epochs: 0.05582
After 1 epochs: Precision: 0.31469, recall: 0.32399, F1: 0.31928
Saved after 1 epochs in: models/java-small-nocase-10k/model_iter1
Starting new epoch 2
Average loss at batch 2000: 0.062129, 	throughput: 189 samples/sec
Average loss at batch 2100: 0.061270, 	throughput: 301 samples/sec
Average loss at batch 2200: 0.060349, 	throughput: 304 samples/sec
Average loss at batch 2300: 0.060174, 	throughput: 304 samples/sec
Average loss at batch 2400: 0.059293, 	throughput: 305 samples/sec
Average loss at batch 2500: 0.058489, 	throughput: 306 samples/sec
Average loss at batch 2600: 0.057312, 	throughput: 305 samples/sec
Average loss at batch 2700: 0.056909, 	throughput: 305 samples/sec
Average loss at batch 2800: 0.056229, 	throughput: 303 samples/sec
Average loss at batch 2900: 0.056746, 	throughput: 306 samples/sec
Average loss at batch 3000: 0.055878, 	throughput: 303 samples/sec
Average loss at batch 3100: 0.055615, 	throughput: 303 samples/sec
Average loss at batch 3200: 0.054941, 	throughput: 304 samples/sec
Average loss at batch 3300: 0.054185, 	throughput: 303 samples/sec
Average loss at batch 3400: 0.054347, 	throughput: 303 samples/sec
Average loss at batch 3500: 0.054205, 	throughput: 303 samples/sec
Average loss at batch 3600: 0.053456, 	throughput: 302 samples/sec
Average loss at batch 3700: 0.053314, 	throughput: 302 samples/sec
Average loss at batch 3800: 0.052629, 	throughput: 302 samples/sec
Finished 1 epochs
Done testing, epoch reached
Evaluation time: 0h0m38s
Epochs trained: 2.00000
Accuracy after 2 epochs: 0.07746
After 2 epochs: Precision: 0.35139, recall: 0.34750, F1: 0.34943
Saved after 2 epochs in: models/java-small-nocase-10k/model_iter2
Starting new epoch 3
Average loss at batch 3900: 0.051840, 	throughput: 195 samples/sec
Average loss at batch 4000: 0.051502, 	throughput: 300 samples/sec
Average loss at batch 4100: 0.051357, 	throughput: 302 samples/sec
Average loss at batch 4200: 0.051019, 	throughput: 304 samples/sec
Average loss at batch 4300: 0.051298, 	throughput: 304 samples/sec
Average loss at batch 4400: 0.050779, 	throughput: 305 samples/sec
Average loss at batch 4500: 0.049943, 	throughput: 305 samples/sec
Average loss at batch 4600: 0.050083, 	throughput: 304 samples/sec
Average loss at batch 4700: 0.049455, 	throughput: 305 samples/sec
Average loss at batch 4800: 0.049837, 	throughput: 303 samples/sec
Average loss at batch 4900: 0.049705, 	throughput: 305 samples/sec
Average loss at batch 5000: 0.049524, 	throughput: 304 samples/sec
Average loss at batch 5100: 0.049075, 	throughput: 303 samples/sec
Average loss at batch 5200: 0.048992, 	throughput: 303 samples/sec
Average loss at batch 5300: 0.048527, 	throughput: 303 samples/sec
Average loss at batch 5400: 0.049067, 	throughput: 303 samples/sec
Average loss at batch 5500: 0.048590, 	throughput: 304 samples/sec
Average loss at batch 5600: 0.048416, 	throughput: 303 samples/sec
Average loss at batch 5700: 0.048137, 	throughput: 302 samples/sec
Average loss at batch 5800: 0.047601, 	throughput: 285 samples/sec
Finished 1 epochs
Done testing, epoch reached
Evaluation time: 0h0m38s
Epochs trained: 3.00000
Accuracy after 3 epochs: 0.09843
After 3 epochs: Precision: 0.36202, recall: 0.36082, F1: 0.36142
Saved after 3 epochs in: models/java-small-nocase-10k/model_iter3
Starting new epoch 4
Average loss at batch 5900: 0.047217, 	throughput: 192 samples/sec
Average loss at batch 6000: 0.047212, 	throughput: 298 samples/sec
Average loss at batch 6100: 0.046853, 	throughput: 301 samples/sec
Average loss at batch 6200: 0.046998, 	throughput: 300 samples/sec
Average loss at batch 6300: 0.047276, 	throughput: 300 samples/sec
Average loss at batch 6400: 0.046354, 	throughput: 302 samples/sec
Average loss at batch 6500: 0.046256, 	throughput: 300 samples/sec
Average loss at batch 6600: 0.045871, 	throughput: 300 samples/sec
Average loss at batch 6700: 0.046086, 	throughput: 299 samples/sec
Average loss at batch 6800: 0.046512, 	throughput: 300 samples/sec
Average loss at batch 6900: 0.046165, 	throughput: 300 samples/sec
Average loss at batch 7000: 0.045964, 	throughput: 299 samples/sec
Average loss at batch 7100: 0.045577, 	throughput: 299 samples/sec
Average loss at batch 7200: 0.045680, 	throughput: 299 samples/sec
Average loss at batch 7300: 0.045500, 	throughput: 300 samples/sec
Average loss at batch 7400: 0.045908, 	throughput: 297 samples/sec
Average loss at batch 7500: 0.045762, 	throughput: 299 samples/sec
Average loss at batch 7600: 0.045123, 	throughput: 299 samples/sec
Average loss at batch 7700: 0.044954, 	throughput: 300 samples/sec
Finished 1 epochs
Done testing, epoch reached
Evaluation time: 0h0m38s
Epochs trained: 4.00000
Accuracy after 4 epochs: 0.10552
After 4 epochs: Precision: 0.36897, recall: 0.37666, F1: 0.37277
Saved after 4 epochs in: models/java-small-nocase-10k/model_iter4
Starting new epoch 5
Average loss at batch 7800: 0.044386, 	throughput: 194 samples/sec
Average loss at batch 7900: 0.044551, 	throughput: 297 samples/sec
Average loss at batch 8000: 0.044336, 	throughput: 300 samples/sec
Average loss at batch 8100: 0.044676, 	throughput: 303 samples/sec
Average loss at batch 8200: 0.044544, 	throughput: 303 samples/sec
Average loss at batch 8300: 0.043959, 	throughput: 302 samples/sec
Average loss at batch 8400: 0.043869, 	throughput: 303 samples/sec
Average loss at batch 8500: 0.043694, 	throughput: 303 samples/sec
Average loss at batch 8600: 0.043582, 	throughput: 302 samples/sec
Average loss at batch 8700: 0.044118, 	throughput: 304 samples/sec
Average loss at batch 8800: 0.043915, 	throughput: 303 samples/sec
Average loss at batch 8900: 0.043906, 	throughput: 304 samples/sec
Average loss at batch 9000: 0.043586, 	throughput: 303 samples/sec
Average loss at batch 9100: 0.043413, 	throughput: 304 samples/sec
Average loss at batch 9200: 0.043260, 	throughput: 304 samples/sec
Average loss at batch 9300: 0.043980, 	throughput: 303 samples/sec
Average loss at batch 9400: 0.043363, 	throughput: 304 samples/sec
Average loss at batch 9500: 0.043532, 	throughput: 303 samples/sec
Average loss at batch 9600: 0.043009, 	throughput: 305 samples/sec
Finished 1 epochs
Done testing, epoch reached
Evaluation time: 0h0m37s
Epochs trained: 5.00000
Accuracy after 5 epochs: 0.12783
After 5 epochs: Precision: 0.37358, recall: 0.37915, F1: 0.37634
Saved after 5 epochs in: models/java-small-nocase-10k/model_iter5
Starting new epoch 6
Average loss at batch 9800: 0.085254, 	throughput: 115 samples/sec
Average loss at batch 9900: 0.042520, 	throughput: 300 samples/sec
Average loss at batch 10000: 0.042488, 	throughput: 302 samples/sec
Average loss at batch 10100: 0.042641, 	throughput: 303 samples/sec
Average loss at batch 10200: 0.042681, 	throughput: 302 samples/sec
Average loss at batch 10300: 0.042219, 	throughput: 303 samples/sec
Average loss at batch 10400: 0.041893, 	throughput: 303 samples/sec
Average loss at batch 10500: 0.041748, 	throughput: 303 samples/sec
Average loss at batch 10600: 0.041963, 	throughput: 302 samples/sec
Average loss at batch 10700: 0.042675, 	throughput: 301 samples/sec
Average loss at batch 10800: 0.042167, 	throughput: 302 samples/sec
Average loss at batch 10900: 0.041889, 	throughput: 303 samples/sec
Average loss at batch 11000: 0.042050, 	throughput: 302 samples/sec
Average loss at batch 11100: 0.041674, 	throughput: 302 samples/sec
Average loss at batch 11200: 0.042074, 	throughput: 301 samples/sec
Average loss at batch 11300: 0.042032, 	throughput: 302 samples/sec
Average loss at batch 11400: 0.041962, 	throughput: 300 samples/sec
Average loss at batch 11500: 0.041684, 	throughput: 301 samples/sec
Average loss at batch 11600: 0.041023, 	throughput: 300 samples/sec
Finished 1 epochs
Done testing, epoch reached
Evaluation time: 0h0m38s
Epochs trained: 6.00000
Accuracy after 6 epochs: 0.12825
After 6 epochs: Precision: 0.37787, recall: 0.39911, F1: 0.38820
Saved after 6 epochs in: models/java-small-nocase-10k/model_iter6
Starting new epoch 7
Average loss at batch 11700: 0.041194, 	throughput: 194 samples/sec
Average loss at batch 11800: 0.041249, 	throughput: 295 samples/sec
Average loss at batch 11900: 0.041008, 	throughput: 300 samples/sec
Average loss at batch 12000: 0.041278, 	throughput: 300 samples/sec
Average loss at batch 12100: 0.041226, 	throughput: 300 samples/sec
Average loss at batch 12200: 0.040898, 	throughput: 302 samples/sec
Average loss at batch 12300: 0.040499, 	throughput: 301 samples/sec
Average loss at batch 12400: 0.040451, 	throughput: 301 samples/sec
Average loss at batch 12500: 0.040499, 	throughput: 302 samples/sec
Average loss at batch 12600: 0.041112, 	throughput: 300 samples/sec
Average loss at batch 12700: 0.040762, 	throughput: 301 samples/sec
Average loss at batch 12800: 0.040831, 	throughput: 301 samples/sec
Average loss at batch 12900: 0.040813, 	throughput: 302 samples/sec
Average loss at batch 13000: 0.040409, 	throughput: 302 samples/sec
Average loss at batch 13100: 0.040799, 	throughput: 302 samples/sec
Average loss at batch 13200: 0.040965, 	throughput: 301 samples/sec
Average loss at batch 13300: 0.040465, 	throughput: 302 samples/sec
Average loss at batch 13400: 0.040611, 	throughput: 302 samples/sec
Average loss at batch 13500: 0.040313, 	throughput: 300 samples/sec
Finished 1 epochs
Done testing, epoch reached
Evaluation time: 0h0m37s
Epochs trained: 7.00000
Accuracy after 7 epochs: 0.13114
After 7 epochs: Precision: 0.37978, recall: 0.39292, F1: 0.38624
Starting new epoch 8
Average loss at batch 13600: 0.039873, 	throughput: 193 samples/sec
Average loss at batch 13700: 0.039859, 	throughput: 299 samples/sec
Average loss at batch 13800: 0.039992, 	throughput: 298 samples/sec
Average loss at batch 13900: 0.039946, 	throughput: 301 samples/sec
Average loss at batch 14000: 0.040149, 	throughput: 302 samples/sec
Average loss at batch 14100: 0.040101, 	throughput: 301 samples/sec
Average loss at batch 14200: 0.039354, 	throughput: 305 samples/sec
Average loss at batch 14300: 0.039665, 	throughput: 305 samples/sec
Average loss at batch 14400: 0.039243, 	throughput: 304 samples/sec
Average loss at batch 14500: 0.039792, 	throughput: 304 samples/sec
Average loss at batch 14600: 0.039813, 	throughput: 303 samples/sec
Average loss at batch 14700: 0.039720, 	throughput: 303 samples/sec
Average loss at batch 14800: 0.039589, 	throughput: 303 samples/sec
Average loss at batch 14900: 0.039699, 	throughput: 303 samples/sec
Average loss at batch 15000: 0.039357, 	throughput: 302 samples/sec
Average loss at batch 15100: 0.039946, 	throughput: 302 samples/sec
Average loss at batch 15200: 0.039629, 	throughput: 302 samples/sec
Average loss at batch 15300: 0.039569, 	throughput: 301 samples/sec
Average loss at batch 15400: 0.039427, 	throughput: 303 samples/sec
Average loss at batch 15500: 0.039002, 	throughput: 289 samples/sec
Finished 1 epochs
Done testing, epoch reached
Evaluation time: 0h0m37s
Epochs trained: 8.00000
Accuracy after 8 epochs: 0.13182
After 8 epochs: Precision: 0.37341, recall: 0.40446, F1: 0.38832
Saved after 8 epochs in: models/java-small-nocase-10k/model_iter8
Starting new epoch 9
Average loss at batch 15600: 0.038944, 	throughput: 197 samples/sec
Average loss at batch 15700: 0.039056, 	throughput: 298 samples/sec
Average loss at batch 15800: 0.038776, 	throughput: 301 samples/sec
Average loss at batch 15900: 0.039025, 	throughput: 302 samples/sec
Average loss at batch 16000: 0.039358, 	throughput: 304 samples/sec
Average loss at batch 16100: 0.038637, 	throughput: 303 samples/sec
Average loss at batch 16200: 0.038547, 	throughput: 302 samples/sec
Average loss at batch 16300: 0.038326, 	throughput: 304 samples/sec
Average loss at batch 16400: 0.038771, 	throughput: 303 samples/sec
Average loss at batch 16500: 0.038964, 	throughput: 304 samples/sec
Average loss at batch 16600: 0.038773, 	throughput: 302 samples/sec
Average loss at batch 16700: 0.038756, 	throughput: 304 samples/sec
Average loss at batch 16800: 0.038558, 	throughput: 303 samples/sec
Average loss at batch 16900: 0.038762, 	throughput: 304 samples/sec
Average loss at batch 17000: 0.038711, 	throughput: 303 samples/sec
Average loss at batch 17100: 0.039024, 	throughput: 302 samples/sec
Average loss at batch 17200: 0.038907, 	throughput: 303 samples/sec
Average loss at batch 17300: 0.038459, 	throughput: 304 samples/sec
Average loss at batch 17400: 0.038294, 	throughput: 304 samples/sec
Finished 1 epochs
Done testing, epoch reached
Evaluation time: 0h0m38s
Epochs trained: 9.00000
Accuracy after 9 epochs: 0.13316
After 9 epochs: Precision: 0.37257, recall: 0.40511, F1: 0.38816
Starting new epoch 10
Average loss at batch 17500: 0.037913, 	throughput: 187 samples/sec
Average loss at batch 17600: 0.038336, 	throughput: 296 samples/sec
Average loss at batch 17700: 0.037972, 	throughput: 298 samples/sec
Average loss at batch 17800: 0.038274, 	throughput: 301 samples/sec
Average loss at batch 17900: 0.038208, 	throughput: 300 samples/sec
Average loss at batch 18000: 0.037932, 	throughput: 300 samples/sec
Average loss at batch 18100: 0.037862, 	throughput: 301 samples/sec
Average loss at batch 18200: 0.037732, 	throughput: 300 samples/sec
Average loss at batch 18300: 0.037678, 	throughput: 299 samples/sec
Average loss at batch 18400: 0.038256, 	throughput: 301 samples/sec
Average loss at batch 18500: 0.038068, 	throughput: 299 samples/sec
Average loss at batch 18600: 0.038064, 	throughput: 299 samples/sec
Average loss at batch 18700: 0.037899, 	throughput: 299 samples/sec
Average loss at batch 18800: 0.037837, 	throughput: 300 samples/sec
Average loss at batch 18900: 0.037791, 	throughput: 299 samples/sec
Average loss at batch 19000: 0.038431, 	throughput: 298 samples/sec
Average loss at batch 19100: 0.037813, 	throughput: 300 samples/sec
Average loss at batch 19200: 0.037971, 	throughput: 298 samples/sec
Average loss at batch 19300: 0.037563, 	throughput: 299 samples/sec
Finished 1 epochs
Done testing, epoch reached
Evaluation time: 0h0m37s
Epochs trained: 10.00000
Accuracy after 10 epochs: 0.13760
After 10 epochs: Precision: 0.37500, recall: 0.39726, F1: 0.38581
Starting new epoch 11
Average loss at batch 19500: 0.074871, 	throughput: 117 samples/sec
Average loss at batch 19600: 0.037365, 	throughput: 299 samples/sec
Average loss at batch 19700: 0.037387, 	throughput: 301 samples/sec
Average loss at batch 19800: 0.037448, 	throughput: 302 samples/sec
Average loss at batch 19900: 0.037717, 	throughput: 302 samples/sec
Average loss at batch 20000: 0.037098, 	throughput: 302 samples/sec
Average loss at batch 20100: 0.036960, 	throughput: 302 samples/sec
Average loss at batch 20200: 0.036846, 	throughput: 302 samples/sec
Average loss at batch 20300: 0.037013, 	throughput: 303 samples/sec
Average loss at batch 20400: 0.037770, 	throughput: 302 samples/sec
Average loss at batch 20500: 0.037324, 	throughput: 304 samples/sec
Average loss at batch 20600: 0.037033, 	throughput: 303 samples/sec
Average loss at batch 20700: 0.037319, 	throughput: 302 samples/sec
Average loss at batch 20800: 0.036978, 	throughput: 303 samples/sec
Average loss at batch 20900: 0.037495, 	throughput: 304 samples/sec
Average loss at batch 21000: 0.037338, 	throughput: 304 samples/sec
Average loss at batch 21100: 0.037314, 	throughput: 303 samples/sec
Average loss at batch 21200: 0.037233, 	throughput: 303 samples/sec
Average loss at batch 21300: 0.036570, 	throughput: 303 samples/sec
Finished 1 epochs
Done testing, epoch reached
Evaluation time: 0h0m38s
Epochs trained: 11.00000
Accuracy after 11 epochs: 0.13530
After 11 epochs: Precision: 0.37130, recall: 0.41230, F1: 0.39073
Saved after 11 epochs in: models/java-small-nocase-10k/model_iter11
Starting new epoch 12
Average loss at batch 21400: 0.036724, 	throughput: 185 samples/sec
Average loss at batch 21500: 0.036780, 	throughput: 299 samples/sec
Average loss at batch 21600: 0.036596, 	throughput: 299 samples/sec
Average loss at batch 21700: 0.036997, 	throughput: 303 samples/sec
Average loss at batch 21800: 0.036908, 	throughput: 301 samples/sec
Average loss at batch 21900: 0.036702, 	throughput: 302 samples/sec
Average loss at batch 22000: 0.036375, 	throughput: 302 samples/sec
Average loss at batch 22100: 0.036364, 	throughput: 303 samples/sec
Average loss at batch 22200: 0.036321, 	throughput: 302 samples/sec
Average loss at batch 22300: 0.037001, 	throughput: 301 samples/sec
Average loss at batch 22400: 0.036601, 	throughput: 302 samples/sec
Average loss at batch 22500: 0.036622, 	throughput: 301 samples/sec
Average loss at batch 22600: 0.036794, 	throughput: 302 samples/sec
Average loss at batch 22700: 0.036392, 	throughput: 302 samples/sec
Average loss at batch 22800: 0.036738, 	throughput: 301 samples/sec
Average loss at batch 22900: 0.037001, 	throughput: 300 samples/sec
Average loss at batch 23000: 0.036521, 	throughput: 301 samples/sec
Average loss at batch 23100: 0.036689, 	throughput: 301 samples/sec
Average loss at batch 23200: 0.036394, 	throughput: 301 samples/sec
Finished 1 epochs
Done testing, epoch reached
Evaluation time: 0h0m37s
Epochs trained: 12.00000
Accuracy after 12 epochs: 0.13479
After 12 epochs: Precision: 0.37645, recall: 0.40718, F1: 0.39121
Saved after 12 epochs in: models/java-small-nocase-10k/model_iter12
Starting new epoch 13
Average loss at batch 23300: 0.036016, 	throughput: 194 samples/sec
Average loss at batch 23400: 0.036085, 	throughput: 295 samples/sec
Average loss at batch 23500: 0.036146, 	throughput: 299 samples/sec
Average loss at batch 23600: 0.036086, 	throughput: 300 samples/sec
Average loss at batch 23700: 0.036429, 	throughput: 301 samples/sec
Average loss at batch 23800: 0.036359, 	throughput: 301 samples/sec
Average loss at batch 23900: 0.035703, 	throughput: 302 samples/sec
Average loss at batch 24000: 0.035984, 	throughput: 301 samples/sec
Average loss at batch 24100: 0.035697, 	throughput: 301 samples/sec
Average loss at batch 24200: 0.036179, 	throughput: 302 samples/sec
Average loss at batch 24300: 0.036181, 	throughput: 300 samples/sec
Average loss at batch 24400: 0.036139, 	throughput: 301 samples/sec
Average loss at batch 24500: 0.035985, 	throughput: 302 samples/sec
Average loss at batch 24600: 0.036221, 	throughput: 301 samples/sec
Average loss at batch 24700: 0.035848, 	throughput: 300 samples/sec
Average loss at batch 24800: 0.036528, 	throughput: 300 samples/sec
Average loss at batch 24900: 0.036159, 	throughput: 301 samples/sec
Average loss at batch 25000: 0.036137, 	throughput: 301 samples/sec
Average loss at batch 25100: 0.035908, 	throughput: 301 samples/sec
Average loss at batch 25200: 0.035721, 	throughput: 289 samples/sec
Finished 1 epochs
Done testing, epoch reached
Evaluation time: 0h0m38s
Epochs trained: 13.00000
Accuracy after 13 epochs: 0.13307
After 13 epochs: Precision: 0.36213, recall: 0.42022, F1: 0.38902
Starting new epoch 14
Average loss at batch 25300: 0.035716, 	throughput: 197 samples/sec
Average loss at batch 25400: 0.035707, 	throughput: 299 samples/sec
Average loss at batch 25500: 0.035561, 	throughput: 301 samples/sec
Average loss at batch 25600: 0.035715, 	throughput: 302 samples/sec
Average loss at batch 25700: 0.036016, 	throughput: 303 samples/sec
Average loss at batch 25800: 0.035361, 	throughput: 304 samples/sec
Average loss at batch 25900: 0.035372, 	throughput: 302 samples/sec
Average loss at batch 26000: 0.035105, 	throughput: 304 samples/sec
Average loss at batch 26100: 0.035496, 	throughput: 302 samples/sec
Average loss at batch 26200: 0.035780, 	throughput: 304 samples/sec
Average loss at batch 26300: 0.035590, 	throughput: 304 samples/sec
Average loss at batch 26400: 0.035503, 	throughput: 303 samples/sec
Average loss at batch 26500: 0.035405, 	throughput: 302 samples/sec
Average loss at batch 26600: 0.035710, 	throughput: 301 samples/sec
Average loss at batch 26700: 0.035625, 	throughput: 302 samples/sec
Average loss at batch 26800: 0.035875, 	throughput: 303 samples/sec
Average loss at batch 26900: 0.035770, 	throughput: 302 samples/sec
Average loss at batch 27000: 0.035388, 	throughput: 303 samples/sec
Average loss at batch 27100: 0.035204, 	throughput: 301 samples/sec
Finished 1 epochs
Done testing, epoch reached
Evaluation time: 0h0m38s
Epochs trained: 14.00000
Accuracy after 14 epochs: 0.13374
After 14 epochs: Precision: 0.36669, recall: 0.41218, F1: 0.38810
Starting new epoch 15
Average loss at batch 27200: 0.034903, 	throughput: 191 samples/sec
Average loss at batch 27300: 0.035418, 	throughput: 299 samples/sec
Average loss at batch 27400: 0.035094, 	throughput: 299 samples/sec
Average loss at batch 27500: 0.035302, 	throughput: 302 samples/sec
Average loss at batch 27600: 0.035372, 	throughput: 303 samples/sec
Average loss at batch 27700: 0.035040, 	throughput: 302 samples/sec
Average loss at batch 27800: 0.034927, 	throughput: 302 samples/sec
Average loss at batch 27900: 0.034857, 	throughput: 305 samples/sec
Average loss at batch 28000: 0.034774, 	throughput: 304 samples/sec
Average loss at batch 28100: 0.035471, 	throughput: 304 samples/sec
Average loss at batch 28200: 0.035075, 	throughput: 303 samples/sec
Average loss at batch 28300: 0.035168, 	throughput: 306 samples/sec
Average loss at batch 28400: 0.035174, 	throughput: 304 samples/sec
Average loss at batch 28500: 0.035034, 	throughput: 305 samples/sec
Average loss at batch 28600: 0.034927, 	throughput: 304 samples/sec
Average loss at batch 28700: 0.035580, 	throughput: 303 samples/sec
Average loss at batch 28800: 0.035081, 	throughput: 303 samples/sec
Average loss at batch 28900: 0.035346, 	throughput: 304 samples/sec
Average loss at batch 29000: 0.034916, 	throughput: 303 samples/sec
Finished 1 epochs
Done testing, epoch reached
Evaluation time: 0h0m38s
Epochs trained: 15.00000
Accuracy after 15 epochs: 0.13626
After 15 epochs: Precision: 0.37489, recall: 0.40667, F1: 0.39013
Starting new epoch 16
Average loss at batch 29200: 0.069481, 	throughput: 115 samples/sec
Average loss at batch 29300: 0.034686, 	throughput: 299 samples/sec
Average loss at batch 29400: 0.034752, 	throughput: 300 samples/sec
Average loss at batch 29500: 0.034818, 	throughput: 301 samples/sec
Average loss at batch 29600: 0.035075, 	throughput: 300 samples/sec
Average loss at batch 29700: 0.034551, 	throughput: 301 samples/sec
Average loss at batch 29800: 0.034417, 	throughput: 301 samples/sec
Average loss at batch 29900: 0.034279, 	throughput: 302 samples/sec
Average loss at batch 30000: 0.034560, 	throughput: 302 samples/sec
Average loss at batch 30100: 0.035191, 	throughput: 301 samples/sec
Average loss at batch 30200: 0.034731, 	throughput: 301 samples/sec
Average loss at batch 30300: 0.034527, 	throughput: 302 samples/sec
Average loss at batch 30400: 0.034860, 	throughput: 299 samples/sec
Average loss at batch 30500: 0.034574, 	throughput: 298 samples/sec
Average loss at batch 30600: 0.035001, 	throughput: 299 samples/sec
Average loss at batch 30700: 0.034891, 	throughput: 299 samples/sec
Average loss at batch 30800: 0.034784, 	throughput: 299 samples/sec
Average loss at batch 30900: 0.034718, 	throughput: 299 samples/sec
Average loss at batch 31000: 0.033998, 	throughput: 298 samples/sec
Finished 1 epochs
Done testing, epoch reached
Evaluation time: 0h0m38s
Epochs trained: 16.00000
Accuracy after 16 epochs: 0.13395
After 16 epochs: Precision: 0.37114, recall: 0.41729, F1: 0.39286
Saved after 16 epochs in: models/java-small-nocase-10k/model_iter16
Starting new epoch 17
Average loss at batch 31100: 0.034317, 	throughput: 194 samples/sec
Average loss at batch 31200: 0.034419, 	throughput: 300 samples/sec
Average loss at batch 31300: 0.034205, 	throughput: 302 samples/sec
Average loss at batch 31400: 0.034519, 	throughput: 302 samples/sec
Average loss at batch 31500: 0.034509, 	throughput: 302 samples/sec
Average loss at batch 31600: 0.034354, 	throughput: 303 samples/sec
Average loss at batch 31700: 0.034054, 	throughput: 304 samples/sec
Average loss at batch 31800: 0.034069, 	throughput: 304 samples/sec
Average loss at batch 31900: 0.033934, 	throughput: 303 samples/sec
Average loss at batch 32000: 0.034733, 	throughput: 304 samples/sec
Average loss at batch 32100: 0.034235, 	throughput: 303 samples/sec
Average loss at batch 32200: 0.034259, 	throughput: 305 samples/sec
Average loss at batch 32300: 0.034456, 	throughput: 303 samples/sec
Average loss at batch 32400: 0.034210, 	throughput: 305 samples/sec
Average loss at batch 32500: 0.034452, 	throughput: 304 samples/sec
Average loss at batch 32600: 0.034640, 	throughput: 303 samples/sec
Average loss at batch 32700: 0.034364, 	throughput: 303 samples/sec
Average loss at batch 32800: 0.034436, 	throughput: 304 samples/sec
Average loss at batch 32900: 0.034213, 	throughput: 303 samples/sec
Finished 1 epochs
Done testing, epoch reached
Evaluation time: 0h0m38s
Epochs trained: 17.00000
Accuracy after 17 epochs: 0.13576
After 17 epochs: Precision: 0.37038, recall: 0.41471, F1: 0.39129
Starting new epoch 18
Average loss at batch 33000: 0.033745, 	throughput: 186 samples/sec
Average loss at batch 33100: 0.033865, 	throughput: 298 samples/sec
Average loss at batch 33200: 0.034085, 	throughput: 300 samples/sec
Average loss at batch 33300: 0.033921, 	throughput: 303 samples/sec
Average loss at batch 33400: 0.034117, 	throughput: 303 samples/sec
Average loss at batch 33500: 0.034212, 	throughput: 302 samples/sec
Average loss at batch 33600: 0.033618, 	throughput: 302 samples/sec
Average loss at batch 33700: 0.033888, 	throughput: 302 samples/sec
Average loss at batch 33800: 0.033457, 	throughput: 303 samples/sec
Average loss at batch 33900: 0.034114, 	throughput: 303 samples/sec
Average loss at batch 34000: 0.034053, 	throughput: 302 samples/sec
Average loss at batch 34100: 0.034023, 	throughput: 301 samples/sec
Average loss at batch 34200: 0.033888, 	throughput: 300 samples/sec
Average loss at batch 34300: 0.033977, 	throughput: 301 samples/sec
Average loss at batch 34400: 0.033681, 	throughput: 301 samples/sec
Average loss at batch 34500: 0.034300, 	throughput: 300 samples/sec
Average loss at batch 34600: 0.034081, 	throughput: 302 samples/sec
Average loss at batch 34700: 0.034039, 	throughput: 300 samples/sec
Average loss at batch 34800: 0.033865, 	throughput: 299 samples/sec
Average loss at batch 34900: 0.033580, 	throughput: 289 samples/sec
Finished 1 epochs
Done testing, epoch reached
Evaluation time: 0h0m38s
Epochs trained: 18.00000
Accuracy after 18 epochs: 0.13861
After 18 epochs: Precision: 0.36461, recall: 0.41258, F1: 0.38712
Starting new epoch 19
Average loss at batch 35000: 0.033599, 	throughput: 197 samples/sec
Average loss at batch 35100: 0.033760, 	throughput: 297 samples/sec
Average loss at batch 35200: 0.033502, 	throughput: 300 samples/sec
Average loss at batch 35300: 0.033761, 	throughput: 301 samples/sec
Average loss at batch 35400: 0.034021, 	throughput: 302 samples/sec
Average loss at batch 35500: 0.033365, 	throughput: 301 samples/sec
Average loss at batch 35600: 0.033417, 	throughput: 301 samples/sec
Average loss at batch 35700: 0.033159, 	throughput: 300 samples/sec
Average loss at batch 35800: 0.033542, 	throughput: 300 samples/sec
Average loss at batch 35900: 0.033777, 	throughput: 300 samples/sec
Average loss at batch 36000: 0.033760, 	throughput: 299 samples/sec
Average loss at batch 36100: 0.033577, 	throughput: 301 samples/sec
Average loss at batch 36200: 0.033473, 	throughput: 301 samples/sec
Average loss at batch 36300: 0.033684, 	throughput: 301 samples/sec
Average loss at batch 36400: 0.033713, 	throughput: 301 samples/sec
Average loss at batch 36500: 0.033910, 	throughput: 301 samples/sec
Average loss at batch 36600: 0.033818, 	throughput: 300 samples/sec
Average loss at batch 36700: 0.033470, 	throughput: 300 samples/sec
Average loss at batch 36800: 0.033268, 	throughput: 299 samples/sec
Finished 1 epochs
Done testing, epoch reached
Evaluation time: 0h0m38s
Epochs trained: 19.00000
Accuracy after 19 epochs: 0.13710
After 19 epochs: Precision: 0.37128, recall: 0.41273, F1: 0.39091
Starting new epoch 20
Average loss at batch 36900: 0.033107, 	throughput: 191 samples/sec
Average loss at batch 37000: 0.033480, 	throughput: 297 samples/sec
Average loss at batch 37100: 0.033203, 	throughput: 299 samples/sec
Average loss at batch 37200: 0.033373, 	throughput: 301 samples/sec
Average loss at batch 37300: 0.033503, 	throughput: 303 samples/sec
Average loss at batch 37400: 0.033141, 	throughput: 300 samples/sec
Average loss at batch 37500: 0.033113, 	throughput: 301 samples/sec
Average loss at batch 37600: 0.033089, 	throughput: 303 samples/sec
Average loss at batch 37700: 0.033017, 	throughput: 303 samples/sec
Average loss at batch 37800: 0.033585, 	throughput: 300 samples/sec
Average loss at batch 37900: 0.033344, 	throughput: 303 samples/sec
Average loss at batch 38000: 0.033267, 	throughput: 303 samples/sec
Average loss at batch 38100: 0.033311, 	throughput: 303 samples/sec
Average loss at batch 38200: 0.033188, 	throughput: 303 samples/sec
Average loss at batch 38300: 0.033177, 	throughput: 302 samples/sec
Average loss at batch 38400: 0.033796, 	throughput: 301 samples/sec
Average loss at batch 38500: 0.033343, 	throughput: 302 samples/sec
Average loss at batch 38600: 0.033504, 	throughput: 301 samples/sec
Average loss at batch 38700: 0.033104, 	throughput: 301 samples/sec
Finished 1 epochs
Done testing, epoch reached
Evaluation time: 0h0m38s
Epochs trained: 20.00000
Accuracy after 20 epochs: 0.14612
After 20 epochs: Precision: 0.36667, recall: 0.41110, F1: 0.38761
Starting new epoch 21
Average loss at batch 38900: 0.065894, 	throughput: 116 samples/sec
Average loss at batch 39000: 0.032902, 	throughput: 299 samples/sec
Average loss at batch 39100: 0.032911, 	throughput: 301 samples/sec
Average loss at batch 39200: 0.033028, 	throughput: 302 samples/sec
Average loss at batch 39300: 0.033316, 	throughput: 302 samples/sec
Average loss at batch 39400: 0.032893, 	throughput: 302 samples/sec
Average loss at batch 39500: 0.032816, 	throughput: 303 samples/sec
Average loss at batch 39600: 0.032583, 	throughput: 304 samples/sec
Average loss at batch 39700: 0.032801, 	throughput: 303 samples/sec
Average loss at batch 39800: 0.033381, 	throughput: 303 samples/sec
Average loss at batch 39900: 0.033055, 	throughput: 305 samples/sec
Average loss at batch 40000: 0.032852, 	throughput: 302 samples/sec
Average loss at batch 40100: 0.033080, 	throughput: 302 samples/sec
Average loss at batch 40200: 0.032906, 	throughput: 302 samples/sec
Average loss at batch 40300: 0.033344, 	throughput: 303 samples/sec
Average loss at batch 40400: 0.033235, 	throughput: 303 samples/sec
Average loss at batch 40500: 0.033194, 	throughput: 304 samples/sec
Average loss at batch 40600: 0.033007, 	throughput: 302 samples/sec
Average loss at batch 40700: 0.032376, 	throughput: 302 samples/sec
Finished 1 epochs
Done testing, epoch reached
Evaluation time: 0h0m38s
Epochs trained: 21.00000
Accuracy after 21 epochs: 0.13542
After 21 epochs: Precision: 0.36240, recall: 0.41358, F1: 0.38630
Not improved for 5 epochs, stopping training
Best scores - epoch 16: 
Precision: 0.37114, recall: 0.41729, F1: 0.39286
COMET INFO: ----------------------------
COMET INFO: Comet.ml Experiment Summary:
COMET INFO:   Data:
COMET INFO:     url: https://www.comet.ml/cspiess/code2seq/fdabd9d105974de9b676015a2231fd10
COMET INFO:   Metrics [count] (min, max):
COMET INFO:     epochs_trained [41]             : (1.0, 21.0)
COMET INFO:     f1 [41]                         : (0.3192752221441345, 0.3928609203284986)
COMET INFO:     loss [81437]                    : (6.276651382446289, 58.53813171386719)
COMET INFO:     precision [41]                  : (0.31469212515260003, 0.37978360628131186)
COMET INFO:     recall [41]                     : (0.3239937861883915, 0.420217572011999)
COMET INFO:     sys.gpu.0.free_memory [1183]    : (371785728.0, 8507752448.0)
COMET INFO:     sys.gpu.0.gpu_utilization [1183]: (0.0, 100.0)
COMET INFO:     sys.gpu.0.total_memory          : (8507752448.0, 8507752448.0)
COMET INFO:     sys.gpu.0.used_memory [1183]    : (0.0, 8135966720.0)
COMET INFO:     throughput [805]                : (115.028515719223, 307.89658454506866)
COMET INFO: ----------------------------
COMET INFO: Uploading stats to Comet before program termination (may take several seconds)
