  Loading cuda/9.0.176 from: /opt/sw/x86_64/glibc-2.17/ivybridge-ep/cuda/9.0.176/
Sat Aug 17 20:42:23 2019       
+-----------------------------------------------------------------------------+
| NVIDIA-SMI 387.34                 Driver Version: 387.34                    |
|-------------------------------+----------------------+----------------------+
| GPU  Name        Persistence-M| Bus-Id        Disp.A | Volatile Uncorr. ECC |
| Fan  Temp  Perf  Pwr:Usage/Cap|         Memory-Usage | GPU-Util  Compute M. |
|===============================+======================+======================|
|   0  GeForce GTX 1080    Off  | 00000000:02:00.0 Off |                  N/A |
|  0%   29C    P0    38W / 180W |      0MiB /  8113MiB |      2%      Default |
+-------------------------------+----------------------+----------------------+
                                                                               
+-----------------------------------------------------------------------------+
| Processes:                                                       GPU Memory |
|  GPU       PID   Type   Process name                             Usage      |
|=============================================================================|
|  No running processes found                                                 |
+-----------------------------------------------------------------------------+
COMET INFO: old comet version (2.0.6) detected. current: 2.0.8 please update your comet lib with command: `pip install --no-cache-dir --upgrade comet_ml`
COMET INFO: Experiment is live on comet.ml https://www.comet.ml/cspiess/code2seq/46a172a517384fc39f4b36d4c5024e56

Dictionaries loaded.
Subtoken to count 73904
target to count 11316
node to count 321
Loaded subtoken vocab. size: 7302
Loaded target word vocab. size: 8703
Loaded nodes vocab. size: 323
Created model
Starting training
COMET ERROR: Failed to extract parameters from Estimator.init()
Training batch size:			 256
Dataset path:				 data/java-small/java-small
Training file path:			 data/java-small/java-small.train.c2s
Validation path:			 data/java-small/java-small.val.c2s
Taking max contexts from each example:	 200
Random path sampling:			 True
Embedding size:				 128
Using BiLSTMs, each of size:		 128
Using LSTM of size:			 256
Decoder size:				 320
Decoder layers:				 1
Max path lengths:			 9
Max subtokens in a token:		 5
Max target length:			 6
Embeddings dropout keep_prob:		 0.75
LSTM dropout keep_prob:			 0.5
============================================
Initalized variables
Started reader...
Starting new epoch 1
Average loss at batch 100: 0.109602, 	throughput: 330 samples/sec
Average loss at batch 200: 0.075684, 	throughput: 395 samples/sec
Average loss at batch 300: 0.072880, 	throughput: 399 samples/sec
Average loss at batch 400: 0.071297, 	throughput: 398 samples/sec
Average loss at batch 500: 0.068421, 	throughput: 398 samples/sec
Average loss at batch 600: 0.065471, 	throughput: 398 samples/sec
Average loss at batch 700: 0.063503, 	throughput: 398 samples/sec
Average loss at batch 800: 0.061668, 	throughput: 398 samples/sec
Average loss at batch 900: 0.059825, 	throughput: 397 samples/sec
Average loss at batch 1000: 0.058371, 	throughput: 398 samples/sec
Average loss at batch 1100: 0.056156, 	throughput: 397 samples/sec
Average loss at batch 1200: 0.055414, 	throughput: 397 samples/sec
Average loss at batch 1300: 0.054514, 	throughput: 378 samples/sec
Average loss at batch 1400: 0.052991, 	throughput: 397 samples/sec
Average loss at batch 1500: 0.051651, 	throughput: 397 samples/sec
Average loss at batch 1600: 0.050713, 	throughput: 397 samples/sec
Average loss at batch 1700: 0.049646, 	throughput: 397 samples/sec
Average loss at batch 1800: 0.048997, 	throughput: 397 samples/sec
Average loss at batch 1900: 0.048051, 	throughput: 395 samples/sec
Average loss at batch 2000: 0.047291, 	throughput: 396 samples/sec
Average loss at batch 2100: 0.046641, 	throughput: 396 samples/sec
Average loss at batch 2200: 0.046455, 	throughput: 396 samples/sec
Average loss at batch 2300: 0.045840, 	throughput: 395 samples/sec
Average loss at batch 2400: 0.045255, 	throughput: 397 samples/sec
Average loss at batch 2500: 0.044703, 	throughput: 396 samples/sec
Average loss at batch 2600: 0.044442, 	throughput: 395 samples/sec
Average loss at batch 2700: 0.043922, 	throughput: 357 samples/sec
Finished 1 epochs
Done testing, epoch reached
Evaluation time: 0h0m28s
Epochs trained: 1.00000
Accuracy after 1 epochs: 0.08837
After 1 epochs: Precision: 0.41013, recall: 0.30339, F1: 0.34877
Saved after 1 epochs in: models/java-small-bahdanau_norm/model_iter1
Starting new epoch 2
Average loss at batch 2800: 0.043471, 	throughput: 266 samples/sec
Average loss at batch 2900: 0.043024, 	throughput: 396 samples/sec
Average loss at batch 3000: 0.042870, 	throughput: 396 samples/sec
Average loss at batch 3100: 0.041998, 	throughput: 398 samples/sec
Average loss at batch 3200: 0.041751, 	throughput: 395 samples/sec
Average loss at batch 3300: 0.041313, 	throughput: 396 samples/sec
Average loss at batch 3400: 0.041255, 	throughput: 396 samples/sec
Average loss at batch 3500: 0.041084, 	throughput: 396 samples/sec
Average loss at batch 3600: 0.040725, 	throughput: 397 samples/sec
Average loss at batch 3700: 0.040323, 	throughput: 397 samples/sec
Average loss at batch 3800: 0.039396, 	throughput: 397 samples/sec
Average loss at batch 3900: 0.040022, 	throughput: 396 samples/sec
Average loss at batch 4000: 0.039701, 	throughput: 396 samples/sec
Average loss at batch 4100: 0.039189, 	throughput: 397 samples/sec
Average loss at batch 4200: 0.038897, 	throughput: 396 samples/sec
Average loss at batch 4300: 0.038631, 	throughput: 396 samples/sec
Average loss at batch 4400: 0.038329, 	throughput: 395 samples/sec
Average loss at batch 4500: 0.038182, 	throughput: 395 samples/sec
Average loss at batch 4600: 0.037981, 	throughput: 396 samples/sec
Average loss at batch 4700: 0.037607, 	throughput: 395 samples/sec
Average loss at batch 4800: 0.037399, 	throughput: 395 samples/sec
Average loss at batch 4900: 0.037497, 	throughput: 395 samples/sec
Average loss at batch 5000: 0.037453, 	throughput: 395 samples/sec
Average loss at batch 5100: 0.037168, 	throughput: 396 samples/sec
Average loss at batch 5200: 0.037033, 	throughput: 394 samples/sec
Average loss at batch 5300: 0.036901, 	throughput: 396 samples/sec
Average loss at batch 5400: 0.036564, 	throughput: 349 samples/sec
Finished 1 epochs
Done testing, epoch reached
Evaluation time: 0h0m24s
Epochs trained: 2.00000
Accuracy after 2 epochs: 0.13894
After 2 epochs: Precision: 0.46445, recall: 0.33098, F1: 0.38652
Saved after 2 epochs in: models/java-small-bahdanau_norm/model_iter2
Starting new epoch 3
Average loss at batch 5500: 0.036512, 	throughput: 271 samples/sec
Average loss at batch 5600: 0.036346, 	throughput: 393 samples/sec
Average loss at batch 5700: 0.036118, 	throughput: 395 samples/sec
Average loss at batch 5800: 0.035959, 	throughput: 396 samples/sec
Average loss at batch 5900: 0.035708, 	throughput: 396 samples/sec
Average loss at batch 6000: 0.035481, 	throughput: 395 samples/sec
Average loss at batch 6100: 0.035471, 	throughput: 396 samples/sec
Average loss at batch 6200: 0.035540, 	throughput: 394 samples/sec
Average loss at batch 6300: 0.035426, 	throughput: 395 samples/sec
Average loss at batch 6400: 0.035291, 	throughput: 395 samples/sec
Average loss at batch 6500: 0.034388, 	throughput: 395 samples/sec
Average loss at batch 6600: 0.035297, 	throughput: 396 samples/sec
Average loss at batch 6700: 0.034935, 	throughput: 396 samples/sec
Average loss at batch 6800: 0.034671, 	throughput: 396 samples/sec
Average loss at batch 6900: 0.034479, 	throughput: 395 samples/sec
Average loss at batch 7000: 0.034326, 	throughput: 395 samples/sec
Average loss at batch 7100: 0.034182, 	throughput: 395 samples/sec
Average loss at batch 7200: 0.034114, 	throughput: 395 samples/sec
Average loss at batch 7300: 0.033973, 	throughput: 395 samples/sec
Average loss at batch 7400: 0.033825, 	throughput: 393 samples/sec
Average loss at batch 7500: 0.033681, 	throughput: 394 samples/sec
Average loss at batch 7600: 0.033746, 	throughput: 393 samples/sec
Average loss at batch 7700: 0.033815, 	throughput: 393 samples/sec
Average loss at batch 7800: 0.033575, 	throughput: 394 samples/sec
Average loss at batch 7900: 0.033508, 	throughput: 394 samples/sec
Average loss at batch 8000: 0.033463, 	throughput: 393 samples/sec
Average loss at batch 8100: 0.033257, 	throughput: 365 samples/sec
Finished 1 epochs
Done testing, epoch reached
Evaluation time: 0h0m25s
Epochs trained: 3.00000
Accuracy after 3 epochs: 0.15379
After 3 epochs: Precision: 0.45593, recall: 0.35973, F1: 0.40216
Saved after 3 epochs in: models/java-small-bahdanau_norm/model_iter3
Starting new epoch 4
Average loss at batch 8200: 0.033324, 	throughput: 269 samples/sec
Average loss at batch 8300: 0.033220, 	throughput: 394 samples/sec
Average loss at batch 8400: 0.033051, 	throughput: 394 samples/sec
Average loss at batch 8500: 0.032977, 	throughput: 394 samples/sec
Average loss at batch 8600: 0.032628, 	throughput: 396 samples/sec
Average loss at batch 8700: 0.032526, 	throughput: 395 samples/sec
Average loss at batch 8800: 0.032607, 	throughput: 395 samples/sec
Average loss at batch 8900: 0.032596, 	throughput: 394 samples/sec
Average loss at batch 9000: 0.032637, 	throughput: 395 samples/sec
Average loss at batch 9100: 0.032650, 	throughput: 395 samples/sec
Average loss at batch 9200: 0.031716, 	throughput: 394 samples/sec
Average loss at batch 9300: 0.032389, 	throughput: 396 samples/sec
Average loss at batch 9400: 0.032341, 	throughput: 395 samples/sec
Average loss at batch 9500: 0.032072, 	throughput: 394 samples/sec
Average loss at batch 9600: 0.031984, 	throughput: 394 samples/sec
Average loss at batch 9700: 0.031967, 	throughput: 395 samples/sec
Average loss at batch 9800: 0.031585, 	throughput: 395 samples/sec
Average loss at batch 9900: 0.031786, 	throughput: 394 samples/sec
Average loss at batch 10000: 0.031599, 	throughput: 394 samples/sec
Average loss at batch 10100: 0.031574, 	throughput: 394 samples/sec
Average loss at batch 10200: 0.031313, 	throughput: 394 samples/sec
Average loss at batch 10300: 0.031437, 	throughput: 393 samples/sec
Average loss at batch 10400: 0.031563, 	throughput: 394 samples/sec
Average loss at batch 10500: 0.031498, 	throughput: 395 samples/sec
Average loss at batch 10600: 0.031301, 	throughput: 394 samples/sec
Average loss at batch 10700: 0.031445, 	throughput: 394 samples/sec
Average loss at batch 10800: 0.031076, 	throughput: 365 samples/sec
Finished 1 epochs
Done testing, epoch reached
Evaluation time: 0h0m25s
Epochs trained: 4.00000
Accuracy after 4 epochs: 0.16142
After 4 epochs: Precision: 0.47479, recall: 0.36077, F1: 0.41000
Saved after 4 epochs in: models/java-small-bahdanau_norm/model_iter4
Starting new epoch 5
Average loss at batch 10900: 0.030997, 	throughput: 264 samples/sec
Average loss at batch 11000: 0.031111, 	throughput: 393 samples/sec
Average loss at batch 11100: 0.031086, 	throughput: 394 samples/sec
Average loss at batch 11200: 0.030866, 	throughput: 394 samples/sec
Average loss at batch 11300: 0.030750, 	throughput: 394 samples/sec
Average loss at batch 11400: 0.030560, 	throughput: 394 samples/sec
Average loss at batch 11500: 0.030774, 	throughput: 395 samples/sec
Average loss at batch 11600: 0.030744, 	throughput: 394 samples/sec
Average loss at batch 11700: 0.030725, 	throughput: 395 samples/sec
Average loss at batch 11800: 0.030693, 	throughput: 395 samples/sec
Average loss at batch 11900: 0.030000, 	throughput: 395 samples/sec
Average loss at batch 12000: 0.030603, 	throughput: 394 samples/sec
Average loss at batch 12100: 0.030656, 	throughput: 394 samples/sec
Average loss at batch 12200: 0.030417, 	throughput: 393 samples/sec
Average loss at batch 12300: 0.030110, 	throughput: 393 samples/sec
Average loss at batch 12400: 0.030190, 	throughput: 394 samples/sec
Average loss at batch 12500: 0.030069, 	throughput: 394 samples/sec
Average loss at batch 12600: 0.030060, 	throughput: 394 samples/sec
Average loss at batch 12700: 0.029856, 	throughput: 394 samples/sec
Average loss at batch 12800: 0.030050, 	throughput: 393 samples/sec
Average loss at batch 12900: 0.029769, 	throughput: 393 samples/sec
Average loss at batch 13000: 0.029845, 	throughput: 392 samples/sec
Average loss at batch 13100: 0.029942, 	throughput: 393 samples/sec
Average loss at batch 13200: 0.029931, 	throughput: 392 samples/sec
Average loss at batch 13300: 0.029867, 	throughput: 394 samples/sec
Average loss at batch 13400: 0.029881, 	throughput: 392 samples/sec
Average loss at batch 13500: 0.029795, 	throughput: 373 samples/sec
Finished 1 epochs
Done testing, epoch reached
Evaluation time: 0h0m25s
Epochs trained: 5.00000
Accuracy after 5 epochs: 0.16767
After 5 epochs: Precision: 0.46843, recall: 0.36576, F1: 0.41078
Saved after 5 epochs in: models/java-small-bahdanau_norm/model_iter5
Starting new epoch 6
Average loss at batch 13600: 0.029556, 	throughput: 262 samples/sec
Average loss at batch 13700: 0.029605, 	throughput: 394 samples/sec
Average loss at batch 13800: 0.029696, 	throughput: 393 samples/sec
Average loss at batch 13900: 0.029386, 	throughput: 394 samples/sec
Average loss at batch 14000: 0.029397, 	throughput: 393 samples/sec
Average loss at batch 14100: 0.029118, 	throughput: 396 samples/sec
Average loss at batch 14200: 0.029288, 	throughput: 393 samples/sec
Average loss at batch 14300: 0.029316, 	throughput: 393 samples/sec
Average loss at batch 14400: 0.029417, 	throughput: 393 samples/sec
Average loss at batch 14500: 0.029312, 	throughput: 393 samples/sec
Average loss at batch 14600: 0.028620, 	throughput: 393 samples/sec
Average loss at batch 14700: 0.029266, 	throughput: 393 samples/sec
Average loss at batch 14800: 0.029338, 	throughput: 394 samples/sec
Average loss at batch 14900: 0.029123, 	throughput: 393 samples/sec
Average loss at batch 15000: 0.028906, 	throughput: 394 samples/sec
Average loss at batch 15100: 0.029000, 	throughput: 394 samples/sec
Average loss at batch 15200: 0.028797, 	throughput: 393 samples/sec
Average loss at batch 15300: 0.028912, 	throughput: 394 samples/sec
Average loss at batch 15400: 0.028514, 	throughput: 394 samples/sec
Average loss at batch 15500: 0.028818, 	throughput: 393 samples/sec
Average loss at batch 15600: 0.028423, 	throughput: 393 samples/sec
Average loss at batch 15700: 0.028853, 	throughput: 393 samples/sec
Average loss at batch 15800: 0.028789, 	throughput: 393 samples/sec
Average loss at batch 15900: 0.028678, 	throughput: 393 samples/sec
Average loss at batch 16000: 0.028700, 	throughput: 394 samples/sec
Average loss at batch 16100: 0.028756, 	throughput: 393 samples/sec
Average loss at batch 16200: 0.028457, 	throughput: 377 samples/sec
Finished 1 epochs
Done testing, epoch reached
Evaluation time: 0h0m25s
Epochs trained: 6.00000
Accuracy after 6 epochs: 0.16847
After 6 epochs: Precision: 0.47409, recall: 0.36614, F1: 0.41318
Saved after 6 epochs in: models/java-small-bahdanau_norm/model_iter6
Starting new epoch 7
Average loss at batch 16300: 0.028368, 	throughput: 259 samples/sec
Average loss at batch 16400: 0.028294, 	throughput: 391 samples/sec
Average loss at batch 16500: 0.028573, 	throughput: 393 samples/sec
Average loss at batch 16600: 0.028337, 	throughput: 394 samples/sec
Average loss at batch 16700: 0.028324, 	throughput: 393 samples/sec
Average loss at batch 16800: 0.027990, 	throughput: 393 samples/sec
Average loss at batch 16900: 0.028222, 	throughput: 393 samples/sec
Average loss at batch 17000: 0.028289, 	throughput: 392 samples/sec
Average loss at batch 17100: 0.028368, 	throughput: 395 samples/sec
Average loss at batch 17200: 0.028300, 	throughput: 393 samples/sec
Average loss at batch 17300: 0.027612, 	throughput: 393 samples/sec
Average loss at batch 17400: 0.028352, 	throughput: 394 samples/sec
Average loss at batch 17500: 0.028245, 	throughput: 394 samples/sec
Average loss at batch 17600: 0.028094, 	throughput: 393 samples/sec
Average loss at batch 17700: 0.027833, 	throughput: 394 samples/sec
Average loss at batch 17800: 0.028020, 	throughput: 392 samples/sec
Average loss at batch 17900: 0.027764, 	throughput: 392 samples/sec
Average loss at batch 18000: 0.027877, 	throughput: 393 samples/sec
Average loss at batch 18100: 0.027636, 	throughput: 392 samples/sec
Average loss at batch 18200: 0.027873, 	throughput: 392 samples/sec
Average loss at batch 18300: 0.027459, 	throughput: 393 samples/sec
Average loss at batch 18400: 0.027800, 	throughput: 392 samples/sec
Average loss at batch 18500: 0.027818, 	throughput: 392 samples/sec
Average loss at batch 18600: 0.027765, 	throughput: 393 samples/sec
Average loss at batch 18700: 0.027647, 	throughput: 392 samples/sec
Average loss at batch 18800: 0.027827, 	throughput: 392 samples/sec
Average loss at batch 18900: 0.027582, 	throughput: 383 samples/sec
Finished 1 epochs
Done testing, epoch reached
Evaluation time: 0h0m25s
Epochs trained: 7.00000
Accuracy after 7 epochs: 0.17191
After 7 epochs: Precision: 0.47975, recall: 0.37055, F1: 0.41814
Saved after 7 epochs in: models/java-small-bahdanau_norm/model_iter7
Starting new epoch 8
Average loss at batch 19000: 0.027602, 	throughput: 253 samples/sec
Average loss at batch 19100: 0.027353, 	throughput: 392 samples/sec
Average loss at batch 19200: 0.027741, 	throughput: 392 samples/sec
Average loss at batch 19300: 0.027425, 	throughput: 392 samples/sec
Average loss at batch 19400: 0.027361, 	throughput: 393 samples/sec
Average loss at batch 19500: 0.027080, 	throughput: 393 samples/sec
Average loss at batch 19600: 0.027284, 	throughput: 392 samples/sec
Average loss at batch 19700: 0.027349, 	throughput: 393 samples/sec
Average loss at batch 19800: 0.027578, 	throughput: 392 samples/sec
Average loss at batch 19900: 0.027436, 	throughput: 392 samples/sec
Average loss at batch 20000: 0.026836, 	throughput: 393 samples/sec
Average loss at batch 20100: 0.027365, 	throughput: 392 samples/sec
Average loss at batch 20200: 0.027410, 	throughput: 393 samples/sec
Average loss at batch 20300: 0.027326, 	throughput: 391 samples/sec
Average loss at batch 20400: 0.026970, 	throughput: 391 samples/sec
Average loss at batch 20500: 0.027077, 	throughput: 392 samples/sec
Average loss at batch 20600: 0.027022, 	throughput: 391 samples/sec
Average loss at batch 20700: 0.027039, 	throughput: 392 samples/sec
Average loss at batch 20800: 0.026695, 	throughput: 393 samples/sec
Average loss at batch 20900: 0.027029, 	throughput: 392 samples/sec
Average loss at batch 21000: 0.026710, 	throughput: 392 samples/sec
Average loss at batch 21100: 0.027070, 	throughput: 392 samples/sec
Average loss at batch 21200: 0.026943, 	throughput: 391 samples/sec
Average loss at batch 21300: 0.026893, 	throughput: 392 samples/sec
Average loss at batch 21400: 0.026991, 	throughput: 391 samples/sec
Average loss at batch 21500: 0.026953, 	throughput: 393 samples/sec
Average loss at batch 21600: 0.026859, 	throughput: 388 samples/sec
Finished 1 epochs
Done testing, epoch reached
Evaluation time: 0h0m25s
Epochs trained: 8.00000
Accuracy after 8 epochs: 0.17631
After 8 epochs: Precision: 0.48833, recall: 0.37160, F1: 0.42204
Saved after 8 epochs in: models/java-small-bahdanau_norm/model_iter8
Starting new epoch 9
Average loss at batch 21700: 0.026550, 	throughput: 256 samples/sec
Average loss at batch 21800: 0.026521, 	throughput: 391 samples/sec
Average loss at batch 21900: 0.026879, 	throughput: 392 samples/sec
Average loss at batch 22000: 0.026771, 	throughput: 393 samples/sec
Average loss at batch 22100: 0.026555, 	throughput: 392 samples/sec
Average loss at batch 22200: 0.026356, 	throughput: 394 samples/sec
Average loss at batch 22300: 0.026589, 	throughput: 392 samples/sec
Average loss at batch 22400: 0.026643, 	throughput: 392 samples/sec
Average loss at batch 22500: 0.026832, 	throughput: 393 samples/sec
Average loss at batch 22600: 0.026579, 	throughput: 394 samples/sec
Average loss at batch 22700: 0.026131, 	throughput: 391 samples/sec
Average loss at batch 22800: 0.026730, 	throughput: 393 samples/sec
Average loss at batch 22900: 0.026708, 	throughput: 391 samples/sec
Average loss at batch 23000: 0.026568, 	throughput: 393 samples/sec
Average loss at batch 23100: 0.026337, 	throughput: 392 samples/sec
Average loss at batch 23200: 0.026266, 	throughput: 393 samples/sec
Average loss at batch 23300: 0.026221, 	throughput: 392 samples/sec
Average loss at batch 23400: 0.026292, 	throughput: 391 samples/sec
Average loss at batch 23500: 0.025939, 	throughput: 392 samples/sec
Average loss at batch 23600: 0.026508, 	throughput: 393 samples/sec
Average loss at batch 23700: 0.025947, 	throughput: 393 samples/sec
Average loss at batch 23800: 0.026413, 	throughput: 392 samples/sec
Average loss at batch 23900: 0.026287, 	throughput: 393 samples/sec
Average loss at batch 24000: 0.026298, 	throughput: 392 samples/sec
Average loss at batch 24100: 0.026224, 	throughput: 393 samples/sec
Average loss at batch 24200: 0.026329, 	throughput: 393 samples/sec
Average loss at batch 24300: 0.026073, 	throughput: 392 samples/sec
Finished 1 epochs
Done testing, epoch reached
Evaluation time: 0h0m25s
Epochs trained: 9.00000
Accuracy after 9 epochs: 0.19527
After 9 epochs: Precision: 0.50294, recall: 0.38515, F1: 0.43623
Saved after 9 epochs in: models/java-small-bahdanau_norm/model_iter9
Starting new epoch 10
Average loss at batch 24400: 0.025954, 	throughput: 246 samples/sec
Average loss at batch 24500: 0.026007, 	throughput: 391 samples/sec
Average loss at batch 24600: 0.026388, 	throughput: 392 samples/sec
Average loss at batch 24700: 0.026218, 	throughput: 392 samples/sec
Average loss at batch 24800: 0.025797, 	throughput: 391 samples/sec
Average loss at batch 24900: 0.025579, 	throughput: 391 samples/sec
Average loss at batch 25000: 0.026008, 	throughput: 392 samples/sec
Average loss at batch 25100: 0.026103, 	throughput: 392 samples/sec
Average loss at batch 25200: 0.026127, 	throughput: 392 samples/sec
Average loss at batch 25300: 0.026034, 	throughput: 391 samples/sec
Average loss at batch 25400: 0.025605, 	throughput: 391 samples/sec
Average loss at batch 25500: 0.026092, 	throughput: 391 samples/sec
Average loss at batch 25600: 0.026077, 	throughput: 392 samples/sec
Average loss at batch 25700: 0.026027, 	throughput: 392 samples/sec
Average loss at batch 25800: 0.025745, 	throughput: 392 samples/sec
Average loss at batch 25900: 0.025774, 	throughput: 392 samples/sec
Average loss at batch 26000: 0.025498, 	throughput: 391 samples/sec
Average loss at batch 26100: 0.025789, 	throughput: 392 samples/sec
Average loss at batch 26200: 0.025268, 	throughput: 393 samples/sec
Average loss at batch 26300: 0.025834, 	throughput: 392 samples/sec
Average loss at batch 26400: 0.025384, 	throughput: 391 samples/sec
Average loss at batch 26500: 0.025836, 	throughput: 387 samples/sec
Average loss at batch 26600: 0.025829, 	throughput: 393 samples/sec
Average loss at batch 26700: 0.025628, 	throughput: 391 samples/sec
Average loss at batch 26800: 0.025709, 	throughput: 392 samples/sec
Average loss at batch 26900: 0.025810, 	throughput: 391 samples/sec
Average loss at batch 27000: 0.025496, 	throughput: 392 samples/sec
Finished 1 epochs
Done testing, epoch reached
Evaluation time: 0h0m25s
Epochs trained: 10.00000
Accuracy after 10 epochs: 0.19519
After 10 epochs: Precision: 0.48598, recall: 0.39131, F1: 0.43354
Starting new epoch 11
Average loss at batch 27100: 0.025414, 	throughput: 253 samples/sec
Average loss at batch 27200: 0.025477, 	throughput: 393 samples/sec
Average loss at batch 27300: 0.025807, 	throughput: 393 samples/sec
Average loss at batch 27400: 0.025563, 	throughput: 392 samples/sec
Average loss at batch 27500: 0.025295, 	throughput: 393 samples/sec
Average loss at batch 27600: 0.025129, 	throughput: 393 samples/sec
Average loss at batch 27700: 0.025537, 	throughput: 393 samples/sec
Average loss at batch 27800: 0.025540, 	throughput: 393 samples/sec
Average loss at batch 27900: 0.025478, 	throughput: 393 samples/sec
Average loss at batch 28000: 0.025596, 	throughput: 393 samples/sec
Average loss at batch 28100: 0.025121, 	throughput: 394 samples/sec
Average loss at batch 28200: 0.025531, 	throughput: 394 samples/sec
Average loss at batch 28300: 0.025497, 	throughput: 393 samples/sec
Average loss at batch 28400: 0.025459, 	throughput: 394 samples/sec
Average loss at batch 28500: 0.025235, 	throughput: 394 samples/sec
Average loss at batch 28600: 0.025255, 	throughput: 394 samples/sec
Average loss at batch 28700: 0.025092, 	throughput: 392 samples/sec
Average loss at batch 28800: 0.025237, 	throughput: 394 samples/sec
Average loss at batch 28900: 0.024815, 	throughput: 393 samples/sec
Average loss at batch 29000: 0.025179, 	throughput: 393 samples/sec
Average loss at batch 29100: 0.024872, 	throughput: 393 samples/sec
Average loss at batch 29200: 0.025265, 	throughput: 394 samples/sec
Average loss at batch 29300: 0.025215, 	throughput: 393 samples/sec
Average loss at batch 29400: 0.025118, 	throughput: 392 samples/sec
Average loss at batch 29500: 0.025268, 	throughput: 392 samples/sec
Average loss at batch 29600: 0.025271, 	throughput: 393 samples/sec
Average loss at batch 29700: 0.024987, 	throughput: 392 samples/sec
Finished 1 epochs
Done testing, epoch reached
Evaluation time: 0h0m25s
Epochs trained: 11.00000
Accuracy after 11 epochs: 0.19992
After 11 epochs: Precision: 0.48985, recall: 0.37770, F1: 0.42653
Starting new epoch 12
Average loss at batch 29800: 0.024742, 	throughput: 255 samples/sec
Average loss at batch 29900: 0.024835, 	throughput: 391 samples/sec
Average loss at batch 30000: 0.025352, 	throughput: 391 samples/sec
Average loss at batch 30100: 0.025031, 	throughput: 394 samples/sec
Average loss at batch 30200: 0.024805, 	throughput: 393 samples/sec
Average loss at batch 30300: 0.024698, 	throughput: 393 samples/sec
Average loss at batch 30400: 0.024902, 	throughput: 392 samples/sec
Average loss at batch 30500: 0.025056, 	throughput: 393 samples/sec
Average loss at batch 30600: 0.024882, 	throughput: 392 samples/sec
Average loss at batch 30700: 0.025067, 	throughput: 394 samples/sec
Average loss at batch 30800: 0.024658, 	throughput: 393 samples/sec
Average loss at batch 30900: 0.025026, 	throughput: 393 samples/sec
Average loss at batch 31000: 0.025054, 	throughput: 393 samples/sec
Average loss at batch 31100: 0.024968, 	throughput: 393 samples/sec
Average loss at batch 31200: 0.024747, 	throughput: 393 samples/sec
Average loss at batch 31300: 0.024669, 	throughput: 393 samples/sec
Average loss at batch 31400: 0.024612, 	throughput: 394 samples/sec
Average loss at batch 31500: 0.024715, 	throughput: 395 samples/sec
Average loss at batch 31600: 0.024399, 	throughput: 393 samples/sec
Average loss at batch 31700: 0.024646, 	throughput: 393 samples/sec
Average loss at batch 31800: 0.024386, 	throughput: 392 samples/sec
Average loss at batch 31900: 0.024876, 	throughput: 393 samples/sec
Average loss at batch 32000: 0.024809, 	throughput: 394 samples/sec
Average loss at batch 32100: 0.024516, 	throughput: 393 samples/sec
Average loss at batch 32200: 0.024755, 	throughput: 394 samples/sec
Average loss at batch 32300: 0.024857, 	throughput: 394 samples/sec
Average loss at batch 32400: 0.024423, 	throughput: 393 samples/sec
Finished 1 epochs
Done testing, epoch reached
Evaluation time: 0h0m25s
Epochs trained: 12.00000
Accuracy after 12 epochs: 0.20051
After 12 epochs: Precision: 0.49234, recall: 0.38553, F1: 0.43244
Starting new epoch 13
Average loss at batch 32500: 0.024336, 	throughput: 248 samples/sec
Average loss at batch 32600: 0.024352, 	throughput: 391 samples/sec
Average loss at batch 32700: 0.024866, 	throughput: 394 samples/sec
Average loss at batch 32800: 0.024575, 	throughput: 394 samples/sec
Average loss at batch 32900: 0.024505, 	throughput: 393 samples/sec
Average loss at batch 33000: 0.024105, 	throughput: 393 samples/sec
Average loss at batch 33100: 0.024471, 	throughput: 394 samples/sec
Average loss at batch 33200: 0.024676, 	throughput: 394 samples/sec
Average loss at batch 33300: 0.024472, 	throughput: 393 samples/sec
Average loss at batch 33400: 0.024555, 	throughput: 393 samples/sec
Average loss at batch 33500: 0.024284, 	throughput: 393 samples/sec
Average loss at batch 33600: 0.024546, 	throughput: 393 samples/sec
Average loss at batch 33700: 0.024622, 	throughput: 393 samples/sec
Average loss at batch 33800: 0.024490, 	throughput: 392 samples/sec
Average loss at batch 33900: 0.024322, 	throughput: 391 samples/sec
Average loss at batch 34000: 0.024301, 	throughput: 393 samples/sec
Average loss at batch 34100: 0.024158, 	throughput: 393 samples/sec
Average loss at batch 34200: 0.024217, 	throughput: 393 samples/sec
Average loss at batch 34300: 0.024001, 	throughput: 393 samples/sec
Average loss at batch 34400: 0.024150, 	throughput: 393 samples/sec
Average loss at batch 34500: 0.023997, 	throughput: 393 samples/sec
Average loss at batch 34600: 0.024330, 	throughput: 392 samples/sec
Average loss at batch 34700: 0.024377, 	throughput: 392 samples/sec
Average loss at batch 34800: 0.024175, 	throughput: 392 samples/sec
Average loss at batch 34900: 0.024395, 	throughput: 392 samples/sec
Average loss at batch 35000: 0.024414, 	throughput: 393 samples/sec
Average loss at batch 35100: 0.024055, 	throughput: 391 samples/sec
Finished 1 epochs
Done testing, epoch reached
Evaluation time: 0h0m25s
Epochs trained: 13.00000
Accuracy after 13 epochs: 0.19963
After 13 epochs: Precision: 0.48870, recall: 0.38679, F1: 0.43181
Starting new epoch 14
Average loss at batch 35200: 0.023799, 	throughput: 259 samples/sec
Average loss at batch 35300: 0.024010, 	throughput: 393 samples/sec
Average loss at batch 35400: 0.024447, 	throughput: 392 samples/sec
Average loss at batch 35500: 0.024228, 	throughput: 394 samples/sec
Average loss at batch 35600: 0.024179, 	throughput: 393 samples/sec
Average loss at batch 35700: 0.023730, 	throughput: 393 samples/sec
Average loss at batch 35800: 0.023941, 	throughput: 393 samples/sec
Average loss at batch 35900: 0.024326, 	throughput: 394 samples/sec
Average loss at batch 36000: 0.024144, 	throughput: 393 samples/sec
Average loss at batch 36100: 0.024155, 	throughput: 393 samples/sec
Average loss at batch 36200: 0.023892, 	throughput: 393 samples/sec
Average loss at batch 36300: 0.024087, 	throughput: 393 samples/sec
Average loss at batch 36400: 0.024271, 	throughput: 393 samples/sec
Average loss at batch 36500: 0.024105, 	throughput: 394 samples/sec
Average loss at batch 36600: 0.024057, 	throughput: 394 samples/sec
Average loss at batch 36700: 0.023839, 	throughput: 394 samples/sec
Average loss at batch 36800: 0.023880, 	throughput: 394 samples/sec
Average loss at batch 36900: 0.023803, 	throughput: 395 samples/sec
Average loss at batch 37000: 0.023716, 	throughput: 393 samples/sec
Average loss at batch 37100: 0.023771, 	throughput: 393 samples/sec
Average loss at batch 37200: 0.023747, 	throughput: 394 samples/sec
Average loss at batch 37300: 0.023895, 	throughput: 392 samples/sec
Average loss at batch 37400: 0.024053, 	throughput: 393 samples/sec
Average loss at batch 37500: 0.023853, 	throughput: 393 samples/sec
Average loss at batch 37600: 0.023903, 	throughput: 393 samples/sec
Average loss at batch 37700: 0.024020, 	throughput: 393 samples/sec
Average loss at batch 37800: 0.023624, 	throughput: 392 samples/sec
Finished 1 epochs
Done testing, epoch reached
Evaluation time: 0h0m25s
Epochs trained: 14.00000
Accuracy after 14 epochs: 0.20131
After 14 epochs: Precision: 0.49852, recall: 0.38283, F1: 0.43308
Not improved for 5 epochs, stopping training
Best scores - epoch 9: 
Precision: 0.50294, recall: 0.38515, F1: 0.43623
COMET INFO: ----------------------------
COMET INFO: Comet.ml Experiment Summary:
COMET INFO:   Data:
COMET INFO:     url: https://www.comet.ml/cspiess/code2seq/46a172a517384fc39f4b36d4c5024e56
COMET INFO:   Metrics [count] (min, max):
COMET INFO:     epochs_trained [27]            : (1.0, 14.0)
COMET INFO:     f1 [27]                        : (0.34877411778997025, 0.4362330309855726)
COMET INFO:     loss [75711]                   : (0.6983034610748291, 36.52774429321289)
COMET INFO:     precision [27]                 : (0.41012760689458144, 0.5029360159082934)
COMET INFO:     recall [27]                    : (0.30338839773167553, 0.3913113550489766)
COMET INFO:     sys.gpu.0.free_memory [837]    : (378077184.0, 8507752448.0)
COMET INFO:     sys.gpu.0.gpu_utilization [837]: (1.0, 100.0)
COMET INFO:     sys.gpu.0.total_memory         : (8507752448.0, 8507752448.0)
COMET INFO:     sys.gpu.0.used_memory [837]    : (0.0, 8129675264.0)
COMET INFO:     throughput [755]               : (246.5092529430559, 399.576959860182)
COMET INFO: ----------------------------
COMET INFO: Uploading stats to Comet before program termination (may take several seconds)
