  Loading cuda/9.0.176 from: /opt/sw/x86_64/glibc-2.17/ivybridge-ep/cuda/9.0.176/
Sat Aug 17 14:58:45 2019       
+-----------------------------------------------------------------------------+
| NVIDIA-SMI 387.34                 Driver Version: 387.34                    |
|-------------------------------+----------------------+----------------------+
| GPU  Name        Persistence-M| Bus-Id        Disp.A | Volatile Uncorr. ECC |
| Fan  Temp  Perf  Pwr:Usage/Cap|         Memory-Usage | GPU-Util  Compute M. |
|===============================+======================+======================|
|   0  GeForce GTX 1080    Off  | 00000000:02:00.0 Off |                  N/A |
|  0%   50C    P0    39W / 180W |      0MiB /  8113MiB |      1%      Default |
+-------------------------------+----------------------+----------------------+
                                                                               
+-----------------------------------------------------------------------------+
| Processes:                                                       GPU Memory |
|  GPU       PID   Type   Process name                             Usage      |
|=============================================================================|
|  No running processes found                                                 |
+-----------------------------------------------------------------------------+
COMET INFO: old comet version (2.0.6) detected. current: 2.0.8 please update your comet lib with command: `pip install --no-cache-dir --upgrade comet_ml`
COMET INFO: Experiment is live on comet.ml https://www.comet.ml/cspiess/code2seq/c0241f0bbed34b4b8f003d4b549620f4

Dictionaries loaded.
Subtoken to count 73904
target to count 11316
node to count 321
Loaded subtoken vocab. size: 7302
Loaded target word vocab. size: 8703
Loaded nodes vocab. size: 323
Created model
Starting training
COMET ERROR: Failed to extract parameters from Estimator.init()
Training batch size:			 256
Dataset path:				 data/java-small/java-small
Training file path:			 data/java-small/java-small.train.c2s
Validation path:			 data/java-small/java-small.val.c2s
Taking max contexts from each example:	 200
Random path sampling:			 True
Embedding size:				 128
Using BiLSTMs, each of size:		 128
Using LSTM of size:			 256
Decoder size:				 320
Decoder layers:				 1
Max path lengths:			 9
Max subtokens in a token:		 5
Max target length:			 6
Embeddings dropout keep_prob:		 0.75
LSTM dropout keep_prob:			 0.5
============================================
Initalized variables
Started reader...
Starting new epoch 1
Average loss at batch 100: 0.109421, 	throughput: 373 samples/sec
Average loss at batch 200: 0.075546, 	throughput: 402 samples/sec
Average loss at batch 300: 0.072135, 	throughput: 400 samples/sec
Average loss at batch 400: 0.068241, 	throughput: 399 samples/sec
Average loss at batch 500: 0.065405, 	throughput: 399 samples/sec
Average loss at batch 600: 0.063388, 	throughput: 399 samples/sec
Average loss at batch 700: 0.061691, 	throughput: 397 samples/sec
Average loss at batch 800: 0.059854, 	throughput: 399 samples/sec
Average loss at batch 900: 0.058145, 	throughput: 398 samples/sec
Average loss at batch 1000: 0.056785, 	throughput: 397 samples/sec
Average loss at batch 1100: 0.054745, 	throughput: 397 samples/sec
Average loss at batch 1200: 0.054117, 	throughput: 398 samples/sec
Average loss at batch 1300: 0.053271, 	throughput: 397 samples/sec
Average loss at batch 1400: 0.051885, 	throughput: 397 samples/sec
Average loss at batch 1500: 0.050728, 	throughput: 397 samples/sec
Average loss at batch 1600: 0.049876, 	throughput: 397 samples/sec
Average loss at batch 1700: 0.048878, 	throughput: 398 samples/sec
Average loss at batch 1800: 0.048294, 	throughput: 397 samples/sec
Average loss at batch 1900: 0.047469, 	throughput: 396 samples/sec
Average loss at batch 2000: 0.046708, 	throughput: 397 samples/sec
Average loss at batch 2100: 0.046164, 	throughput: 396 samples/sec
Average loss at batch 2200: 0.045992, 	throughput: 396 samples/sec
Average loss at batch 2300: 0.045385, 	throughput: 396 samples/sec
Average loss at batch 2400: 0.044754, 	throughput: 397 samples/sec
Average loss at batch 2500: 0.044318, 	throughput: 396 samples/sec
Average loss at batch 2600: 0.044028, 	throughput: 396 samples/sec
Average loss at batch 2700: 0.043547, 	throughput: 359 samples/sec
Finished 1 epochs
Done testing, epoch reached
Evaluation time: 0h0m58s
Epochs trained: 1.00000
Accuracy after 1 epochs: 0.08853
After 1 epochs: Precision: 0.41515, recall: 0.29717, F1: 0.34639
Saved after 1 epochs in: models/java-small-bahdanau1/model_iter1
Starting new epoch 2
Average loss at batch 2800: 0.043204, 	throughput: 38 samples/sec
Average loss at batch 2900: 0.042762, 	throughput: 414 samples/sec
Average loss at batch 3000: 0.042531, 	throughput: 414 samples/sec
Average loss at batch 3100: 0.041756, 	throughput: 411 samples/sec
Average loss at batch 3200: 0.041435, 	throughput: 411 samples/sec
Average loss at batch 3300: 0.041125, 	throughput: 411 samples/sec
Average loss at batch 3400: 0.040956, 	throughput: 411 samples/sec
Average loss at batch 3500: 0.040831, 	throughput: 412 samples/sec
Average loss at batch 3600: 0.040507, 	throughput: 410 samples/sec
Average loss at batch 3700: 0.040158, 	throughput: 410 samples/sec
Average loss at batch 3800: 0.039290, 	throughput: 409 samples/sec
Average loss at batch 3900: 0.039857, 	throughput: 411 samples/sec
Average loss at batch 4000: 0.039499, 	throughput: 409 samples/sec
Average loss at batch 4100: 0.039077, 	throughput: 409 samples/sec
Average loss at batch 4200: 0.038755, 	throughput: 410 samples/sec
Average loss at batch 4300: 0.038551, 	throughput: 409 samples/sec
Average loss at batch 4400: 0.038266, 	throughput: 411 samples/sec
Average loss at batch 4500: 0.038093, 	throughput: 409 samples/sec
Average loss at batch 4600: 0.037930, 	throughput: 408 samples/sec
Average loss at batch 4700: 0.037499, 	throughput: 408 samples/sec
Average loss at batch 4800: 0.037381, 	throughput: 409 samples/sec
Average loss at batch 4900: 0.037466, 	throughput: 408 samples/sec
Average loss at batch 5000: 0.037365, 	throughput: 408 samples/sec
Average loss at batch 5100: 0.037180, 	throughput: 408 samples/sec
Average loss at batch 5200: 0.036864, 	throughput: 408 samples/sec
Average loss at batch 5300: 0.036809, 	throughput: 409 samples/sec
Average loss at batch 5400: 0.036534, 	throughput: 354 samples/sec
Finished 1 epochs
Done testing, epoch reached
Evaluation time: 0h0m34s
Epochs trained: 2.00000
Accuracy after 2 epochs: 0.11093
After 2 epochs: Precision: 0.44121, recall: 0.33489, F1: 0.38077
Saved after 2 epochs in: models/java-small-bahdanau1/model_iter2
Starting new epoch 3
Average loss at batch 5500: 0.036844, 	throughput: 45 samples/sec
Average loss at batch 5600: 0.036453, 	throughput: 414 samples/sec
Average loss at batch 5700: 0.036185, 	throughput: 414 samples/sec
Average loss at batch 5800: 0.035974, 	throughput: 409 samples/sec
Average loss at batch 5900: 0.035677, 	throughput: 408 samples/sec
Average loss at batch 6000: 0.035420, 	throughput: 407 samples/sec
Average loss at batch 6100: 0.035385, 	throughput: 408 samples/sec
Average loss at batch 6200: 0.035538, 	throughput: 408 samples/sec
Average loss at batch 6300: 0.035421, 	throughput: 408 samples/sec
Average loss at batch 6400: 0.035215, 	throughput: 408 samples/sec
Average loss at batch 6500: 0.034404, 	throughput: 407 samples/sec
Average loss at batch 6600: 0.035278, 	throughput: 407 samples/sec
Average loss at batch 6700: 0.034874, 	throughput: 408 samples/sec
Average loss at batch 6800: 0.034504, 	throughput: 408 samples/sec
Average loss at batch 6900: 0.034423, 	throughput: 407 samples/sec
Average loss at batch 7000: 0.034206, 	throughput: 407 samples/sec
Average loss at batch 7100: 0.034128, 	throughput: 408 samples/sec
Average loss at batch 7200: 0.034076, 	throughput: 407 samples/sec
Average loss at batch 7300: 0.033979, 	throughput: 406 samples/sec
Average loss at batch 7400: 0.033765, 	throughput: 406 samples/sec
Average loss at batch 7500: 0.033628, 	throughput: 407 samples/sec
Average loss at batch 7600: 0.033661, 	throughput: 406 samples/sec
Average loss at batch 7700: 0.033741, 	throughput: 407 samples/sec
Average loss at batch 7800: 0.033635, 	throughput: 406 samples/sec
Average loss at batch 7900: 0.033494, 	throughput: 406 samples/sec
Average loss at batch 8000: 0.033491, 	throughput: 407 samples/sec
Average loss at batch 8100: 0.033195, 	throughput: 376 samples/sec
Finished 1 epochs
Done testing, epoch reached
Evaluation time: 0h0m24s
Epochs trained: 3.00000
Accuracy after 3 epochs: 0.14817
After 3 epochs: Precision: 0.48949, recall: 0.34665, F1: 0.40587
Saved after 3 epochs in: models/java-small-bahdanau1/model_iter3
Starting new epoch 4
Average loss at batch 8200: 0.033167, 	throughput: 74 samples/sec
Average loss at batch 8300: 0.033169, 	throughput: 412 samples/sec
Average loss at batch 8400: 0.032947, 	throughput: 412 samples/sec
Average loss at batch 8500: 0.032958, 	throughput: 406 samples/sec
Average loss at batch 8600: 0.032630, 	throughput: 407 samples/sec
Average loss at batch 8700: 0.032551, 	throughput: 406 samples/sec
Average loss at batch 8800: 0.032539, 	throughput: 407 samples/sec
Average loss at batch 8900: 0.032654, 	throughput: 407 samples/sec
Average loss at batch 9000: 0.032575, 	throughput: 407 samples/sec
Average loss at batch 9100: 0.032612, 	throughput: 406 samples/sec
Average loss at batch 9200: 0.031744, 	throughput: 407 samples/sec
Average loss at batch 9300: 0.032401, 	throughput: 405 samples/sec
Average loss at batch 9400: 0.032399, 	throughput: 406 samples/sec
Average loss at batch 9500: 0.032074, 	throughput: 405 samples/sec
Average loss at batch 9600: 0.031901, 	throughput: 406 samples/sec
Average loss at batch 9700: 0.031890, 	throughput: 406 samples/sec
Average loss at batch 9800: 0.031589, 	throughput: 405 samples/sec
Average loss at batch 9900: 0.031827, 	throughput: 405 samples/sec
Average loss at batch 10000: 0.031547, 	throughput: 406 samples/sec
Average loss at batch 10100: 0.031641, 	throughput: 405 samples/sec
Average loss at batch 10200: 0.031315, 	throughput: 405 samples/sec
Average loss at batch 10300: 0.031460, 	throughput: 405 samples/sec
Average loss at batch 10400: 0.031587, 	throughput: 406 samples/sec
Average loss at batch 10500: 0.031491, 	throughput: 405 samples/sec
Average loss at batch 10600: 0.031353, 	throughput: 404 samples/sec
Average loss at batch 10700: 0.031430, 	throughput: 405 samples/sec
Average loss at batch 10800: 0.031139, 	throughput: 378 samples/sec
Finished 1 epochs
Done testing, epoch reached
Evaluation time: 0h0m24s
Epochs trained: 4.00000
Accuracy after 4 epochs: 0.15618
After 4 epochs: Precision: 0.48969, recall: 0.35042, F1: 0.40851
Saved after 4 epochs in: models/java-small-bahdanau1/model_iter4
Starting new epoch 5
Average loss at batch 10900: 0.031074, 	throughput: 273 samples/sec
Average loss at batch 11000: 0.031126, 	throughput: 404 samples/sec
Average loss at batch 11100: 0.031069, 	throughput: 406 samples/sec
Average loss at batch 11200: 0.030849, 	throughput: 407 samples/sec
Average loss at batch 11300: 0.030722, 	throughput: 407 samples/sec
Average loss at batch 11400: 0.030525, 	throughput: 405 samples/sec
Average loss at batch 11500: 0.030728, 	throughput: 407 samples/sec
Average loss at batch 11600: 0.030667, 	throughput: 406 samples/sec
Average loss at batch 11700: 0.030778, 	throughput: 405 samples/sec
Average loss at batch 11800: 0.030691, 	throughput: 405 samples/sec
Average loss at batch 11900: 0.030008, 	throughput: 406 samples/sec
Average loss at batch 12000: 0.030633, 	throughput: 406 samples/sec
Average loss at batch 12100: 0.030613, 	throughput: 405 samples/sec
Average loss at batch 12200: 0.030404, 	throughput: 405 samples/sec
Average loss at batch 12300: 0.030124, 	throughput: 406 samples/sec
Average loss at batch 12400: 0.030283, 	throughput: 408 samples/sec
Average loss at batch 12500: 0.030148, 	throughput: 407 samples/sec
Average loss at batch 12600: 0.030154, 	throughput: 406 samples/sec
Average loss at batch 12700: 0.029818, 	throughput: 407 samples/sec
Average loss at batch 12800: 0.030082, 	throughput: 405 samples/sec
Average loss at batch 12900: 0.029676, 	throughput: 406 samples/sec
Average loss at batch 13000: 0.029874, 	throughput: 405 samples/sec
Average loss at batch 13100: 0.029903, 	throughput: 406 samples/sec
Average loss at batch 13200: 0.029976, 	throughput: 405 samples/sec
Average loss at batch 13300: 0.029875, 	throughput: 405 samples/sec
Average loss at batch 13400: 0.029941, 	throughput: 406 samples/sec
Average loss at batch 13500: 0.029781, 	throughput: 386 samples/sec
Finished 1 epochs
Done testing, epoch reached
Evaluation time: 0h0m24s
Epochs trained: 5.00000
Accuracy after 5 epochs: 0.16415
After 5 epochs: Precision: 0.49010, recall: 0.36083, F1: 0.41564
Saved after 5 epochs in: models/java-small-bahdanau1/model_iter5
Starting new epoch 6
Average loss at batch 13600: 0.029363, 	throughput: 273 samples/sec
Average loss at batch 13700: 0.029628, 	throughput: 406 samples/sec
Average loss at batch 13800: 0.029747, 	throughput: 406 samples/sec
Average loss at batch 13900: 0.029404, 	throughput: 405 samples/sec
Average loss at batch 14000: 0.029478, 	throughput: 407 samples/sec
Average loss at batch 14100: 0.029074, 	throughput: 407 samples/sec
Average loss at batch 14200: 0.029356, 	throughput: 407 samples/sec
Average loss at batch 14300: 0.029397, 	throughput: 407 samples/sec
Average loss at batch 14400: 0.029355, 	throughput: 408 samples/sec
Average loss at batch 14500: 0.029483, 	throughput: 408 samples/sec
Average loss at batch 14600: 0.028674, 	throughput: 408 samples/sec
Average loss at batch 14700: 0.029236, 	throughput: 409 samples/sec
Average loss at batch 14800: 0.029249, 	throughput: 408 samples/sec
Average loss at batch 14900: 0.029199, 	throughput: 409 samples/sec
Average loss at batch 15000: 0.028800, 	throughput: 408 samples/sec
Average loss at batch 15100: 0.029051, 	throughput: 408 samples/sec
Average loss at batch 15200: 0.028871, 	throughput: 408 samples/sec
Average loss at batch 15300: 0.028996, 	throughput: 406 samples/sec
Average loss at batch 15400: 0.028572, 	throughput: 408 samples/sec
Average loss at batch 15500: 0.028872, 	throughput: 407 samples/sec
Average loss at batch 15600: 0.028420, 	throughput: 407 samples/sec
Average loss at batch 15700: 0.028802, 	throughput: 407 samples/sec
Average loss at batch 15800: 0.028815, 	throughput: 408 samples/sec
Average loss at batch 15900: 0.028625, 	throughput: 408 samples/sec
Average loss at batch 16000: 0.028725, 	throughput: 407 samples/sec
Average loss at batch 16100: 0.028823, 	throughput: 408 samples/sec
Average loss at batch 16200: 0.028465, 	throughput: 389 samples/sec
Finished 1 epochs
Done testing, epoch reached
Evaluation time: 0h0m24s
Epochs trained: 6.00000
Accuracy after 6 epochs: 0.16952
After 6 epochs: Precision: 0.49414, recall: 0.34944, F1: 0.40938
Starting new epoch 7
Average loss at batch 16300: 0.028444, 	throughput: 262 samples/sec
Average loss at batch 16400: 0.028386, 	throughput: 404 samples/sec
Average loss at batch 16500: 0.028631, 	throughput: 406 samples/sec
Average loss at batch 16600: 0.028357, 	throughput: 405 samples/sec
Average loss at batch 16700: 0.028284, 	throughput: 406 samples/sec
Average loss at batch 16800: 0.027998, 	throughput: 406 samples/sec
Average loss at batch 16900: 0.028289, 	throughput: 407 samples/sec
Average loss at batch 17000: 0.028301, 	throughput: 406 samples/sec
Average loss at batch 17100: 0.028353, 	throughput: 405 samples/sec
Average loss at batch 17200: 0.028324, 	throughput: 406 samples/sec
Average loss at batch 17300: 0.027685, 	throughput: 405 samples/sec
Average loss at batch 17400: 0.028320, 	throughput: 406 samples/sec
Average loss at batch 17500: 0.028221, 	throughput: 406 samples/sec
Average loss at batch 17600: 0.028147, 	throughput: 405 samples/sec
Average loss at batch 17700: 0.027706, 	throughput: 405 samples/sec
Average loss at batch 17800: 0.028008, 	throughput: 404 samples/sec
Average loss at batch 17900: 0.027852, 	throughput: 405 samples/sec
Average loss at batch 18000: 0.027900, 	throughput: 405 samples/sec
Average loss at batch 18100: 0.027581, 	throughput: 404 samples/sec
Average loss at batch 18200: 0.027921, 	throughput: 405 samples/sec
Average loss at batch 18300: 0.027436, 	throughput: 405 samples/sec
Average loss at batch 18400: 0.027839, 	throughput: 403 samples/sec
Average loss at batch 18500: 0.027895, 	throughput: 404 samples/sec
Average loss at batch 18600: 0.027740, 	throughput: 405 samples/sec
Average loss at batch 18700: 0.027837, 	throughput: 406 samples/sec
Average loss at batch 18800: 0.027843, 	throughput: 405 samples/sec
Average loss at batch 18900: 0.027578, 	throughput: 396 samples/sec
Finished 1 epochs
Done testing, epoch reached
Evaluation time: 0h0m24s
Epochs trained: 7.00000
Accuracy after 7 epochs: 0.17027
After 7 epochs: Precision: 0.49953, recall: 0.37102, F1: 0.42579
Saved after 7 epochs in: models/java-small-bahdanau1/model_iter7
Starting new epoch 8
Average loss at batch 19000: 0.027576, 	throughput: 269 samples/sec
Average loss at batch 19100: 0.027416, 	throughput: 405 samples/sec
Average loss at batch 19200: 0.027650, 	throughput: 405 samples/sec
Average loss at batch 19300: 0.027487, 	throughput: 406 samples/sec
Average loss at batch 19400: 0.027366, 	throughput: 406 samples/sec
Average loss at batch 19500: 0.027089, 	throughput: 406 samples/sec
Average loss at batch 19600: 0.027343, 	throughput: 407 samples/sec
Average loss at batch 19700: 0.027313, 	throughput: 407 samples/sec
Average loss at batch 19800: 0.027587, 	throughput: 409 samples/sec
Average loss at batch 19900: 0.027439, 	throughput: 406 samples/sec
Average loss at batch 20000: 0.026955, 	throughput: 407 samples/sec
Average loss at batch 20100: 0.027324, 	throughput: 408 samples/sec
Average loss at batch 20200: 0.027429, 	throughput: 406 samples/sec
Average loss at batch 20300: 0.027341, 	throughput: 408 samples/sec
Average loss at batch 20400: 0.026966, 	throughput: 407 samples/sec
Average loss at batch 20500: 0.027119, 	throughput: 407 samples/sec
Average loss at batch 20600: 0.027039, 	throughput: 408 samples/sec
Average loss at batch 20700: 0.027086, 	throughput: 408 samples/sec
Average loss at batch 20800: 0.026683, 	throughput: 408 samples/sec
Average loss at batch 20900: 0.027073, 	throughput: 408 samples/sec
Average loss at batch 21000: 0.026612, 	throughput: 407 samples/sec
Average loss at batch 21100: 0.027141, 	throughput: 407 samples/sec
Average loss at batch 21200: 0.026974, 	throughput: 407 samples/sec
Average loss at batch 21300: 0.026985, 	throughput: 406 samples/sec
Average loss at batch 21400: 0.027064, 	throughput: 406 samples/sec
Average loss at batch 21500: 0.027027, 	throughput: 405 samples/sec
Average loss at batch 21600: 0.026808, 	throughput: 402 samples/sec
Finished 1 epochs
Done testing, epoch reached
Evaluation time: 0h0m24s
Epochs trained: 8.00000
Accuracy after 8 epochs: 0.16293
After 8 epochs: Precision: 0.48498, recall: 0.34942, F1: 0.40619
Starting new epoch 9
Average loss at batch 21700: 0.026599, 	throughput: 256 samples/sec
Average loss at batch 21800: 0.026550, 	throughput: 404 samples/sec
Average loss at batch 21900: 0.027055, 	throughput: 405 samples/sec
Average loss at batch 22000: 0.026774, 	throughput: 406 samples/sec
Average loss at batch 22100: 0.026625, 	throughput: 406 samples/sec
Average loss at batch 22200: 0.026335, 	throughput: 405 samples/sec
Average loss at batch 22300: 0.026674, 	throughput: 405 samples/sec
Average loss at batch 22400: 0.026672, 	throughput: 406 samples/sec
Average loss at batch 22500: 0.026822, 	throughput: 404 samples/sec
Average loss at batch 22600: 0.026607, 	throughput: 406 samples/sec
Average loss at batch 22700: 0.026156, 	throughput: 405 samples/sec
Average loss at batch 22800: 0.026729, 	throughput: 407 samples/sec
Average loss at batch 22900: 0.026701, 	throughput: 406 samples/sec
Average loss at batch 23000: 0.026573, 	throughput: 406 samples/sec
Average loss at batch 23100: 0.026377, 	throughput: 406 samples/sec
Average loss at batch 23200: 0.026326, 	throughput: 404 samples/sec
Average loss at batch 23300: 0.026266, 	throughput: 405 samples/sec
Average loss at batch 23400: 0.026413, 	throughput: 404 samples/sec
Average loss at batch 23500: 0.026006, 	throughput: 405 samples/sec
Average loss at batch 23600: 0.026412, 	throughput: 405 samples/sec
Average loss at batch 23700: 0.025978, 	throughput: 405 samples/sec
Average loss at batch 23800: 0.026450, 	throughput: 404 samples/sec
Average loss at batch 23900: 0.026315, 	throughput: 404 samples/sec
Average loss at batch 24000: 0.026342, 	throughput: 404 samples/sec
Average loss at batch 24100: 0.026300, 	throughput: 405 samples/sec
Average loss at batch 24200: 0.026417, 	throughput: 405 samples/sec
Average loss at batch 24300: 0.026107, 	throughput: 406 samples/sec
Finished 1 epochs
Done testing, epoch reached
Evaluation time: 0h0m24s
Epochs trained: 9.00000
Accuracy after 9 epochs: 0.19535
After 9 epochs: Precision: 0.50790, recall: 0.38329, F1: 0.43688
Saved after 9 epochs in: models/java-small-bahdanau1/model_iter9
Starting new epoch 10
Average loss at batch 24400: 0.026027, 	throughput: 264 samples/sec
Average loss at batch 24500: 0.026085, 	throughput: 404 samples/sec
Average loss at batch 24600: 0.026359, 	throughput: 405 samples/sec
Average loss at batch 24700: 0.026225, 	throughput: 405 samples/sec
Average loss at batch 24800: 0.025873, 	throughput: 405 samples/sec
Average loss at batch 24900: 0.025580, 	throughput: 405 samples/sec
Average loss at batch 25000: 0.026094, 	throughput: 405 samples/sec
Average loss at batch 25100: 0.026101, 	throughput: 408 samples/sec
Average loss at batch 25200: 0.026138, 	throughput: 406 samples/sec
Average loss at batch 25300: 0.026036, 	throughput: 405 samples/sec
Average loss at batch 25400: 0.025636, 	throughput: 405 samples/sec
Average loss at batch 25500: 0.026061, 	throughput: 406 samples/sec
Average loss at batch 25600: 0.026139, 	throughput: 405 samples/sec
Average loss at batch 25700: 0.026092, 	throughput: 407 samples/sec
Average loss at batch 25800: 0.025727, 	throughput: 406 samples/sec
Average loss at batch 25900: 0.025820, 	throughput: 406 samples/sec
Average loss at batch 26000: 0.025560, 	throughput: 405 samples/sec
Average loss at batch 26100: 0.025818, 	throughput: 406 samples/sec
Average loss at batch 26200: 0.025324, 	throughput: 408 samples/sec
Average loss at batch 26300: 0.025806, 	throughput: 405 samples/sec
Average loss at batch 26400: 0.025339, 	throughput: 406 samples/sec
Average loss at batch 26500: 0.025781, 	throughput: 407 samples/sec
Average loss at batch 26600: 0.025741, 	throughput: 405 samples/sec
Average loss at batch 26700: 0.025653, 	throughput: 405 samples/sec
Average loss at batch 26800: 0.025742, 	throughput: 406 samples/sec
Average loss at batch 26900: 0.025897, 	throughput: 405 samples/sec
Average loss at batch 27000: 0.025525, 	throughput: 406 samples/sec
Finished 1 epochs
Done testing, epoch reached
Evaluation time: 0h0m24s
Epochs trained: 10.00000
Accuracy after 10 epochs: 0.18227
After 10 epochs: Precision: 0.49200, recall: 0.37855, F1: 0.42789
Starting new epoch 11
Average loss at batch 27100: 0.025347, 	throughput: 263 samples/sec
Average loss at batch 27200: 0.025491, 	throughput: 404 samples/sec
Average loss at batch 27300: 0.025796, 	throughput: 406 samples/sec
Average loss at batch 27400: 0.025626, 	throughput: 407 samples/sec
Average loss at batch 27500: 0.025325, 	throughput: 406 samples/sec
Average loss at batch 27600: 0.025145, 	throughput: 408 samples/sec
Average loss at batch 27700: 0.025473, 	throughput: 406 samples/sec
Average loss at batch 27800: 0.025582, 	throughput: 407 samples/sec
Average loss at batch 27900: 0.025521, 	throughput: 407 samples/sec
Average loss at batch 28000: 0.025527, 	throughput: 406 samples/sec
Average loss at batch 28100: 0.025152, 	throughput: 407 samples/sec
Average loss at batch 28200: 0.025523, 	throughput: 407 samples/sec
Average loss at batch 28300: 0.025488, 	throughput: 407 samples/sec
Average loss at batch 28400: 0.025478, 	throughput: 406 samples/sec
Average loss at batch 28500: 0.025214, 	throughput: 406 samples/sec
Average loss at batch 28600: 0.025278, 	throughput: 405 samples/sec
Average loss at batch 28700: 0.025018, 	throughput: 405 samples/sec
Average loss at batch 28800: 0.025352, 	throughput: 406 samples/sec
Average loss at batch 28900: 0.024890, 	throughput: 406 samples/sec
Average loss at batch 29000: 0.025120, 	throughput: 405 samples/sec
Average loss at batch 29100: 0.024894, 	throughput: 406 samples/sec
Average loss at batch 29200: 0.025364, 	throughput: 406 samples/sec
Average loss at batch 29300: 0.025116, 	throughput: 405 samples/sec
Average loss at batch 29400: 0.025149, 	throughput: 406 samples/sec
Average loss at batch 29500: 0.025298, 	throughput: 404 samples/sec
Average loss at batch 29600: 0.025391, 	throughput: 406 samples/sec
Average loss at batch 29700: 0.024962, 	throughput: 405 samples/sec
Finished 1 epochs
Done testing, epoch reached
Evaluation time: 0h0m27s
Epochs trained: 11.00000
Accuracy after 11 epochs: 0.18562
After 11 epochs: Precision: 0.48460, recall: 0.37567, F1: 0.42324
Starting new epoch 12
Average loss at batch 29800: 0.024763, 	throughput: 257 samples/sec
Average loss at batch 29900: 0.024943, 	throughput: 406 samples/sec
Average loss at batch 30000: 0.025372, 	throughput: 405 samples/sec
Average loss at batch 30100: 0.024962, 	throughput: 406 samples/sec
Average loss at batch 30200: 0.024856, 	throughput: 408 samples/sec
Average loss at batch 30300: 0.024719, 	throughput: 406 samples/sec
Average loss at batch 30400: 0.024941, 	throughput: 407 samples/sec
Average loss at batch 30500: 0.025022, 	throughput: 406 samples/sec
Average loss at batch 30600: 0.024928, 	throughput: 408 samples/sec
Average loss at batch 30700: 0.025117, 	throughput: 407 samples/sec
Average loss at batch 30800: 0.024626, 	throughput: 406 samples/sec
Average loss at batch 30900: 0.024998, 	throughput: 406 samples/sec
Average loss at batch 31000: 0.025004, 	throughput: 407 samples/sec
Average loss at batch 31100: 0.025071, 	throughput: 407 samples/sec
Average loss at batch 31200: 0.024725, 	throughput: 407 samples/sec
Average loss at batch 31300: 0.024741, 	throughput: 407 samples/sec
Average loss at batch 31400: 0.024647, 	throughput: 407 samples/sec
Average loss at batch 31500: 0.024873, 	throughput: 408 samples/sec
Average loss at batch 31600: 0.024445, 	throughput: 406 samples/sec
Average loss at batch 31700: 0.024645, 	throughput: 407 samples/sec
Average loss at batch 31800: 0.024443, 	throughput: 406 samples/sec
Average loss at batch 31900: 0.024908, 	throughput: 407 samples/sec
Average loss at batch 32000: 0.024802, 	throughput: 408 samples/sec
Average loss at batch 32100: 0.024585, 	throughput: 407 samples/sec
Average loss at batch 32200: 0.024791, 	throughput: 407 samples/sec
Average loss at batch 32300: 0.025020, 	throughput: 408 samples/sec
Average loss at batch 32400: 0.024470, 	throughput: 408 samples/sec
Finished 1 epochs
Done testing, epoch reached
Evaluation time: 0h0m24s
Epochs trained: 12.00000
Accuracy after 12 epochs: 0.18231
After 12 epochs: Precision: 0.48130, recall: 0.38011, F1: 0.42476
Starting new epoch 13
Average loss at batch 32500: 0.024418, 	throughput: 252 samples/sec
Average loss at batch 32600: 0.024562, 	throughput: 403 samples/sec
Average loss at batch 32700: 0.024948, 	throughput: 404 samples/sec
Average loss at batch 32800: 0.024661, 	throughput: 404 samples/sec
Average loss at batch 32900: 0.024596, 	throughput: 406 samples/sec
Average loss at batch 33000: 0.024150, 	throughput: 405 samples/sec
Average loss at batch 33100: 0.024490, 	throughput: 404 samples/sec
Average loss at batch 33200: 0.024764, 	throughput: 406 samples/sec
Average loss at batch 33300: 0.024519, 	throughput: 404 samples/sec
Average loss at batch 33400: 0.024651, 	throughput: 404 samples/sec
Average loss at batch 33500: 0.024330, 	throughput: 404 samples/sec
Average loss at batch 33600: 0.024537, 	throughput: 403 samples/sec
Average loss at batch 33700: 0.024641, 	throughput: 404 samples/sec
Average loss at batch 33800: 0.024610, 	throughput: 405 samples/sec
Average loss at batch 33900: 0.024337, 	throughput: 404 samples/sec
Average loss at batch 34000: 0.024328, 	throughput: 404 samples/sec
Average loss at batch 34100: 0.024274, 	throughput: 404 samples/sec
Average loss at batch 34200: 0.024289, 	throughput: 405 samples/sec
Average loss at batch 34300: 0.023994, 	throughput: 403 samples/sec
Average loss at batch 34400: 0.024109, 	throughput: 405 samples/sec
Average loss at batch 34500: 0.024018, 	throughput: 405 samples/sec
Average loss at batch 34600: 0.024413, 	throughput: 404 samples/sec
Average loss at batch 34700: 0.024464, 	throughput: 404 samples/sec
Average loss at batch 34800: 0.024190, 	throughput: 403 samples/sec
Average loss at batch 34900: 0.024315, 	throughput: 403 samples/sec
Average loss at batch 35000: 0.024550, 	throughput: 403 samples/sec
Average loss at batch 35100: 0.024108, 	throughput: 403 samples/sec
Finished 1 epochs
Done testing, epoch reached
Evaluation time: 0h0m24s
Epochs trained: 13.00000
Accuracy after 13 epochs: 0.18357
After 13 epochs: Precision: 0.48450, recall: 0.38054, F1: 0.42627
Starting new epoch 14
Average loss at batch 35200: 0.023783, 	throughput: 266 samples/sec
Average loss at batch 35300: 0.024141, 	throughput: 403 samples/sec
Average loss at batch 35400: 0.024419, 	throughput: 405 samples/sec
Average loss at batch 35500: 0.024327, 	throughput: 405 samples/sec
Average loss at batch 35600: 0.024234, 	throughput: 407 samples/sec
Average loss at batch 35700: 0.023730, 	throughput: 406 samples/sec
Average loss at batch 35800: 0.023997, 	throughput: 407 samples/sec
Average loss at batch 35900: 0.024384, 	throughput: 407 samples/sec
Average loss at batch 36000: 0.024147, 	throughput: 406 samples/sec
Average loss at batch 36100: 0.024179, 	throughput: 407 samples/sec
Average loss at batch 36200: 0.023940, 	throughput: 406 samples/sec
Average loss at batch 36300: 0.024044, 	throughput: 406 samples/sec
Average loss at batch 36400: 0.024258, 	throughput: 407 samples/sec
Average loss at batch 36500: 0.024134, 	throughput: 407 samples/sec
Average loss at batch 36600: 0.024061, 	throughput: 406 samples/sec
Average loss at batch 36700: 0.023836, 	throughput: 406 samples/sec
Average loss at batch 36800: 0.023943, 	throughput: 405 samples/sec
Average loss at batch 36900: 0.023792, 	throughput: 406 samples/sec
Average loss at batch 37000: 0.023772, 	throughput: 406 samples/sec
Average loss at batch 37100: 0.023680, 	throughput: 406 samples/sec
Average loss at batch 37200: 0.023755, 	throughput: 405 samples/sec
Average loss at batch 37300: 0.023908, 	throughput: 406 samples/sec
Average loss at batch 37400: 0.024078, 	throughput: 406 samples/sec
Average loss at batch 37500: 0.023845, 	throughput: 407 samples/sec
Average loss at batch 37600: 0.023991, 	throughput: 405 samples/sec
Average loss at batch 37700: 0.024159, 	throughput: 407 samples/sec
Average loss at batch 37800: 0.023659, 	throughput: 405 samples/sec
Finished 1 epochs
Done testing, epoch reached
Evaluation time: 0h0m24s
Epochs trained: 14.00000
Accuracy after 14 epochs: 0.18353
After 14 epochs: Precision: 0.48181, recall: 0.37538, F1: 0.42199
Not improved for 5 epochs, stopping training
Best scores - epoch 9: 
Precision: 0.50790, recall: 0.38329, F1: 0.43688
COMET INFO: ----------------------------
COMET INFO: Comet.ml Experiment Summary:
COMET INFO:   Data:
COMET INFO:     url: https://www.comet.ml/cspiess/code2seq/c0241f0bbed34b4b8f003d4b549620f4
COMET INFO:   Metrics [count] (min, max):
COMET INFO:     epochs_trained [27]            : (1.0, 14.0)
COMET INFO:     f1 [27]                        : (0.3463890266071724, 0.43688209821063806)
COMET INFO:     loss [75711]                   : (0.3951077163219452, 36.52706527709961)
COMET INFO:     precision [27]                 : (0.41515226541223077, 0.5078957991973594)
COMET INFO:     recall [27]                    : (0.2971679722113919, 0.3832906220318632)
COMET INFO:     sys.gpu.0.free_memory [855]    : (378077184.0, 8507752448.0)
COMET INFO:     sys.gpu.0.gpu_utilization [855]: (0.0, 100.0)
COMET INFO:     sys.gpu.0.total_memory         : (8507752448.0, 8507752448.0)
COMET INFO:     sys.gpu.0.used_memory [855]    : (0.0, 8129675264.0)
COMET INFO:     throughput [755]               : (38.501213436968506, 414.8997161685655)
COMET INFO: ----------------------------
COMET INFO: Uploading stats to Comet before program termination (may take several seconds)
